[0.121s] Invoking command in '/home/wuji/wujihand/wujihand-ros2/wujihand_ws/build/wujihand_driver': AMENT_PREFIX_PATH=/home/wuji/wujihand/wujihand-ros2/wujihand_ws/install/wujihand_msgs:${AMENT_PREFIX_PATH} CMAKE_PREFIX_PATH=/home/wuji/wujihand/wujihand-ros2/wujihand_ws/install/wujihand_msgs:/opt/ros/kilted/opt/gz_math_vendor:/opt/ros/kilted/opt/gz_utils_vendor:/opt/ros/kilted/opt/gz_cmake_vendor:/opt/ros/kilted LD_LIBRARY_PATH=/home/wuji/wujihand/wujihand-ros2/wujihand_ws/install/wujihand_msgs/lib:${LD_LIBRARY_PATH} PYTHONPATH=/home/wuji/wujihand/wujihand-ros2/wujihand_ws/install/wujihand_msgs/lib/python3.12/site-packages:${PYTHONPATH} /usr/bin/cmake --build /home/wuji/wujihand/wujihand-ros2/wujihand_ws/build/wujihand_driver -- -j24 -l24
[0.165s] [ 33%] [32mBuilding CXX object CMakeFiles/wujihand_driver_node.dir/src/wujihand_driver_node.cpp.o[0m
[0.165s] [ 66%] [32mBuilding CXX object CMakeFiles/wujihand_driver_node.dir/src/main.cpp.o[0m
[8.600s] [100%] [32m[1mLinking CXX executable wujihand_driver_node[0m
[8.915s] [100%] Built target wujihand_driver_node
[8.923s] Invoked command in '/home/wuji/wujihand/wujihand-ros2/wujihand_ws/build/wujihand_driver' returned '0': AMENT_PREFIX_PATH=/home/wuji/wujihand/wujihand-ros2/wujihand_ws/install/wujihand_msgs:${AMENT_PREFIX_PATH} CMAKE_PREFIX_PATH=/home/wuji/wujihand/wujihand-ros2/wujihand_ws/install/wujihand_msgs:/opt/ros/kilted/opt/gz_math_vendor:/opt/ros/kilted/opt/gz_utils_vendor:/opt/ros/kilted/opt/gz_cmake_vendor:/opt/ros/kilted LD_LIBRARY_PATH=/home/wuji/wujihand/wujihand-ros2/wujihand_ws/install/wujihand_msgs/lib:${LD_LIBRARY_PATH} PYTHONPATH=/home/wuji/wujihand/wujihand-ros2/wujihand_ws/install/wujihand_msgs/lib/python3.12/site-packages:${PYTHONPATH} /usr/bin/cmake --build /home/wuji/wujihand/wujihand-ros2/wujihand_ws/build/wujihand_driver -- -j24 -l24
[8.929s] Invoking command in '/home/wuji/wujihand/wujihand-ros2/wujihand_ws/build/wujihand_driver': AMENT_PREFIX_PATH=/home/wuji/wujihand/wujihand-ros2/wujihand_ws/install/wujihand_msgs:${AMENT_PREFIX_PATH} CMAKE_PREFIX_PATH=/home/wuji/wujihand/wujihand-ros2/wujihand_ws/install/wujihand_msgs:/opt/ros/kilted/opt/gz_math_vendor:/opt/ros/kilted/opt/gz_utils_vendor:/opt/ros/kilted/opt/gz_cmake_vendor:/opt/ros/kilted LD_LIBRARY_PATH=/home/wuji/wujihand/wujihand-ros2/wujihand_ws/install/wujihand_msgs/lib:${LD_LIBRARY_PATH} PYTHONPATH=/home/wuji/wujihand/wujihand-ros2/wujihand_ws/install/wujihand_msgs/lib/python3.12/site-packages:${PYTHONPATH} /usr/bin/cmake --install /home/wuji/wujihand/wujihand-ros2/wujihand_ws/build/wujihand_driver
[8.934s] -- Install configuration: ""
[8.934s] -- Installing: /home/wuji/wujihand/wujihand-ros2/wujihand_ws/install/wujihand_driver/lib/wujihand_driver/wujihand_driver_node
[8.939s] -- Set non-toolchain portion of runtime path of "/home/wuji/wujihand/wujihand-ros2/wujihand_ws/install/wujihand_driver/lib/wujihand_driver/wujihand_driver_node" to ""
[8.939s] -- Up-to-date: /home/wuji/wujihand/wujihand-ros2/wujihand_ws/install/wujihand_driver/include
[8.940s] -- Up-to-date: /home/wuji/wujihand/wujihand-ros2/wujihand_ws/install/wujihand_driver/include/wujihand_driver
[8.940s] -- Installing: /home/wuji/wujihand/wujihand-ros2/wujihand_ws/install/wujihand_driver/include/wujihand_driver/wujihand_driver_node.hpp
[8.940s] -- Up-to-date: /home/wuji/wujihand/wujihand-ros2/wujihand_ws/install/wujihand_driver/share/ament_index/resource_index/package_run_dependencies/wujihand_driver
[8.940s] -- Up-to-date: /home/wuji/wujihand/wujihand-ros2/wujihand_ws/install/wujihand_driver/share/ament_index/resource_index/parent_prefix_path/wujihand_driver
[8.940s] -- Up-to-date: /home/wuji/wujihand/wujihand-ros2/wujihand_ws/install/wujihand_driver/share/wujihand_driver/environment/ament_prefix_path.sh
[8.940s] -- Up-to-date: /home/wuji/wujihand/wujihand-ros2/wujihand_ws/install/wujihand_driver/share/wujihand_driver/environment/ament_prefix_path.dsv
[8.940s] -- Up-to-date: /home/wuji/wujihand/wujihand-ros2/wujihand_ws/install/wujihand_driver/share/wujihand_driver/environment/path.sh
[8.940s] -- Up-to-date: /home/wuji/wujihand/wujihand-ros2/wujihand_ws/install/wujihand_driver/share/wujihand_driver/environment/path.dsv
[8.940s] -- Up-to-date: /home/wuji/wujihand/wujihand-ros2/wujihand_ws/install/wujihand_driver/share/wujihand_driver/local_setup.bash
[8.940s] -- Up-to-date: /home/wuji/wujihand/wujihand-ros2/wujihand_ws/install/wujihand_driver/share/wujihand_driver/local_setup.sh
[8.940s] -- Up-to-date: /home/wuji/wujihand/wujihand-ros2/wujihand_ws/install/wujihand_driver/share/wujihand_driver/local_setup.zsh
[8.940s] -- Up-to-date: /home/wuji/wujihand/wujihand-ros2/wujihand_ws/install/wujihand_driver/share/wujihand_driver/local_setup.dsv
[8.940s] -- Installing: /home/wuji/wujihand/wujihand-ros2/wujihand_ws/install/wujihand_driver/share/wujihand_driver/package.dsv
[8.940s] -- Up-to-date: /home/wuji/wujihand/wujihand-ros2/wujihand_ws/install/wujihand_driver/share/ament_index/resource_index/packages/wujihand_driver
[8.940s] -- Up-to-date: /home/wuji/wujihand/wujihand-ros2/wujihand_ws/install/wujihand_driver/share/wujihand_driver/cmake/wujihand_driverConfig.cmake
[8.940s] -- Up-to-date: /home/wuji/wujihand/wujihand-ros2/wujihand_ws/install/wujihand_driver/share/wujihand_driver/cmake/wujihand_driverConfig-version.cmake
[8.940s] -- Up-to-date: /home/wuji/wujihand/wujihand-ros2/wujihand_ws/install/wujihand_driver/share/wujihand_driver/package.xml
[8.941s] Invoked command in '/home/wuji/wujihand/wujihand-ros2/wujihand_ws/build/wujihand_driver' returned '0': AMENT_PREFIX_PATH=/home/wuji/wujihand/wujihand-ros2/wujihand_ws/install/wujihand_msgs:${AMENT_PREFIX_PATH} CMAKE_PREFIX_PATH=/home/wuji/wujihand/wujihand-ros2/wujihand_ws/install/wujihand_msgs:/opt/ros/kilted/opt/gz_math_vendor:/opt/ros/kilted/opt/gz_utils_vendor:/opt/ros/kilted/opt/gz_cmake_vendor:/opt/ros/kilted LD_LIBRARY_PATH=/home/wuji/wujihand/wujihand-ros2/wujihand_ws/install/wujihand_msgs/lib:${LD_LIBRARY_PATH} PYTHONPATH=/home/wuji/wujihand/wujihand-ros2/wujihand_ws/install/wujihand_msgs/lib/python3.12/site-packages:${PYTHONPATH} /usr/bin/cmake --install /home/wuji/wujihand/wujihand-ros2/wujihand_ws/build/wujihand_driver
