[0.114s] Invoking command in '/home/wuji/wujihand/wujihand-ros2/wujihand_ws/build/wujihand_driver': AMENT_PREFIX_PATH=/home/wuji/wujihand/wujihand-ros2/wujihand_ws/install/wujihand_msgs:${AMENT_PREFIX_PATH} CMAKE_PREFIX_PATH=/home/wuji/wujihand/wujihand-ros2/wujihand_ws/install/wujihand_msgs:/opt/ros/kilted/opt/gz_math_vendor:/opt/ros/kilted/opt/gz_utils_vendor:/opt/ros/kilted/opt/gz_cmake_vendor:/opt/ros/kilted LD_LIBRARY_PATH=/home/wuji/wujihand/wujihand-ros2/wujihand_ws/install/wujihand_msgs/lib:${LD_LIBRARY_PATH} PYTHONPATH=/home/wuji/wujihand/wujihand-ros2/wujihand_ws/install/wujihand_msgs/lib/python3.12/site-packages:${PYTHONPATH} /usr/bin/cmake --build /home/wuji/wujihand/wujihand-ros2/wujihand_ws/build/wujihand_driver -- -j24 -l24
[0.132s] -- Found ament_cmake: 2.7.3 (/opt/ros/kilted/share/ament_cmake/cmake)
[0.281s] -- Found rclcpp: 29.5.4 (/opt/ros/kilted/share/rclcpp/cmake)
[0.407s] -- Found rosidl_generator_c: 4.9.5 (/opt/ros/kilted/share/rosidl_generator_c/cmake)
[0.412s] -- Found rosidl_generator_cpp: 4.9.5 (/opt/ros/kilted/share/rosidl_generator_cpp/cmake)
[0.419s] -- Using all available rosidl_typesupport_c: rosidl_typesupport_fastrtps_c;rosidl_typesupport_introspection_c
[0.427s] -- Using all available rosidl_typesupport_cpp: rosidl_typesupport_fastrtps_cpp;rosidl_typesupport_introspection_cpp
[0.463s] -- Found rmw_implementation_cmake: 7.8.2 (/opt/ros/kilted/share/rmw_implementation_cmake/cmake)
[0.464s] -- Found rmw_fastrtps_cpp: 9.3.3 (/opt/ros/kilted/share/rmw_fastrtps_cpp/cmake)
[0.487s] -- Using RMW implementation 'rmw_fastrtps_cpp' as default
[0.632s] -- Found std_msgs: 5.5.1 (/opt/ros/kilted/share/std_msgs/cmake)
[0.640s] -- Found sensor_msgs: 5.5.1 (/opt/ros/kilted/share/sensor_msgs/cmake)
[0.663s] -- Found wujihand_msgs: 0.1.0 (/home/wuji/wujihand/wujihand-ros2/wujihand_ws/install/wujihand_msgs/share/wujihand_msgs/cmake)
[0.675s] [0mCMake Deprecation Warning at /opt/ros/kilted/share/ament_cmake_target_dependencies/cmake/ament_target_dependencies.cmake:87 (message):
[0.675s]   ament_target_dependencies() is deprecated.  Use target_link_libraries()
[0.675s]   with modern CMake targets instead.  Try replacing this call with:
[0.675s] 
[0.675s]     target_link_libraries(wujihand_driver_node PUBLIC
[0.675s]       ${sensor_msgs_TARGETS}
[0.675s]       ${std_msgs_TARGETS}
[0.675s]       ${wujihand_msgs_TARGETS}
[0.675s]       rclcpp::rclcpp
[0.675s]       sensor_msgs::sensor_msgs_library
[0.676s]     )
[0.676s] 
[0.676s] Call Stack (most recent call first):
[0.676s]   CMakeLists.txt:30 (ament_target_dependencies)
[0.676s] 
[0.676s] [0m
[0.743s] -- Configuring done (0.6s)
[0.751s] -- Generating done (0.0s)
[0.753s] -- Build files have been written to: /home/wuji/wujihand/wujihand-ros2/wujihand_ws/build/wujihand_driver
[0.783s] [ 66%] [32mBuilding CXX object CMakeFiles/wujihand_driver_node.dir/src/wujihand_driver_node.cpp.o[0m
[0.783s] [ 66%] [32mBuilding CXX object CMakeFiles/wujihand_driver_node.dir/src/main.cpp.o[0m
[9.959s] [100%] [32m[1mLinking CXX executable wujihand_driver_node[0m
[10.289s] [100%] Built target wujihand_driver_node
[10.298s] Invoked command in '/home/wuji/wujihand/wujihand-ros2/wujihand_ws/build/wujihand_driver' returned '0': AMENT_PREFIX_PATH=/home/wuji/wujihand/wujihand-ros2/wujihand_ws/install/wujihand_msgs:${AMENT_PREFIX_PATH} CMAKE_PREFIX_PATH=/home/wuji/wujihand/wujihand-ros2/wujihand_ws/install/wujihand_msgs:/opt/ros/kilted/opt/gz_math_vendor:/opt/ros/kilted/opt/gz_utils_vendor:/opt/ros/kilted/opt/gz_cmake_vendor:/opt/ros/kilted LD_LIBRARY_PATH=/home/wuji/wujihand/wujihand-ros2/wujihand_ws/install/wujihand_msgs/lib:${LD_LIBRARY_PATH} PYTHONPATH=/home/wuji/wujihand/wujihand-ros2/wujihand_ws/install/wujihand_msgs/lib/python3.12/site-packages:${PYTHONPATH} /usr/bin/cmake --build /home/wuji/wujihand/wujihand-ros2/wujihand_ws/build/wujihand_driver -- -j24 -l24
[10.299s] Invoking command in '/home/wuji/wujihand/wujihand-ros2/wujihand_ws/build/wujihand_driver': AMENT_PREFIX_PATH=/home/wuji/wujihand/wujihand-ros2/wujihand_ws/install/wujihand_msgs:${AMENT_PREFIX_PATH} CMAKE_PREFIX_PATH=/home/wuji/wujihand/wujihand-ros2/wujihand_ws/install/wujihand_msgs:/opt/ros/kilted/opt/gz_math_vendor:/opt/ros/kilted/opt/gz_utils_vendor:/opt/ros/kilted/opt/gz_cmake_vendor:/opt/ros/kilted LD_LIBRARY_PATH=/home/wuji/wujihand/wujihand-ros2/wujihand_ws/install/wujihand_msgs/lib:${LD_LIBRARY_PATH} PYTHONPATH=/home/wuji/wujihand/wujihand-ros2/wujihand_ws/install/wujihand_msgs/lib/python3.12/site-packages:${PYTHONPATH} /usr/bin/cmake --install /home/wuji/wujihand/wujihand-ros2/wujihand_ws/build/wujihand_driver
[10.305s] -- Install configuration: ""
[10.305s] -- Installing: /home/wuji/wujihand/wujihand-ros2/wujihand_ws/install/wujihand_driver/lib/wujihand_driver/wujihand_driver_node
[10.313s] -- Set non-toolchain portion of runtime path of "/home/wuji/wujihand/wujihand-ros2/wujihand_ws/install/wujihand_driver/lib/wujihand_driver/wujihand_driver_node" to ""
[10.313s] -- Up-to-date: /home/wuji/wujihand/wujihand-ros2/wujihand_ws/install/wujihand_driver/include
[10.313s] -- Up-to-date: /home/wuji/wujihand/wujihand-ros2/wujihand_ws/install/wujihand_driver/include/wujihand_driver
[10.313s] -- Installing: /home/wuji/wujihand/wujihand-ros2/wujihand_ws/install/wujihand_driver/include/wujihand_driver/wujihand_driver_node.hpp
[10.313s] -- Up-to-date: /home/wuji/wujihand/wujihand-ros2/wujihand_ws/install/wujihand_driver/share/ament_index/resource_index/package_run_dependencies/wujihand_driver
[10.313s] -- Up-to-date: /home/wuji/wujihand/wujihand-ros2/wujihand_ws/install/wujihand_driver/share/ament_index/resource_index/parent_prefix_path/wujihand_driver
[10.313s] -- Up-to-date: /home/wuji/wujihand/wujihand-ros2/wujihand_ws/install/wujihand_driver/share/wujihand_driver/environment/ament_prefix_path.sh
[10.313s] -- Up-to-date: /home/wuji/wujihand/wujihand-ros2/wujihand_ws/install/wujihand_driver/share/wujihand_driver/environment/ament_prefix_path.dsv
[10.314s] -- Up-to-date: /home/wuji/wujihand/wujihand-ros2/wujihand_ws/install/wujihand_driver/share/wujihand_driver/environment/path.sh
[10.314s] -- Up-to-date: /home/wuji/wujihand/wujihand-ros2/wujihand_ws/install/wujihand_driver/share/wujihand_driver/environment/path.dsv
[10.314s] -- Up-to-date: /home/wuji/wujihand/wujihand-ros2/wujihand_ws/install/wujihand_driver/share/wujihand_driver/local_setup.bash
[10.314s] -- Up-to-date: /home/wuji/wujihand/wujihand-ros2/wujihand_ws/install/wujihand_driver/share/wujihand_driver/local_setup.sh
[10.314s] -- Up-to-date: /home/wuji/wujihand/wujihand-ros2/wujihand_ws/install/wujihand_driver/share/wujihand_driver/local_setup.zsh
[10.314s] -- Up-to-date: /home/wuji/wujihand/wujihand-ros2/wujihand_ws/install/wujihand_driver/share/wujihand_driver/local_setup.dsv
[10.314s] -- Installing: /home/wuji/wujihand/wujihand-ros2/wujihand_ws/install/wujihand_driver/share/wujihand_driver/package.dsv
[10.314s] -- Up-to-date: /home/wuji/wujihand/wujihand-ros2/wujihand_ws/install/wujihand_driver/share/ament_index/resource_index/packages/wujihand_driver
[10.314s] -- Up-to-date: /home/wuji/wujihand/wujihand-ros2/wujihand_ws/install/wujihand_driver/share/wujihand_driver/cmake/wujihand_driverConfig.cmake
[10.314s] -- Up-to-date: /home/wuji/wujihand/wujihand-ros2/wujihand_ws/install/wujihand_driver/share/wujihand_driver/cmake/wujihand_driverConfig-version.cmake
[10.314s] -- Up-to-date: /home/wuji/wujihand/wujihand-ros2/wujihand_ws/install/wujihand_driver/share/wujihand_driver/package.xml
[10.315s] Invoked command in '/home/wuji/wujihand/wujihand-ros2/wujihand_ws/build/wujihand_driver' returned '0': AMENT_PREFIX_PATH=/home/wuji/wujihand/wujihand-ros2/wujihand_ws/install/wujihand_msgs:${AMENT_PREFIX_PATH} CMAKE_PREFIX_PATH=/home/wuji/wujihand/wujihand-ros2/wujihand_ws/install/wujihand_msgs:/opt/ros/kilted/opt/gz_math_vendor:/opt/ros/kilted/opt/gz_utils_vendor:/opt/ros/kilted/opt/gz_cmake_vendor:/opt/ros/kilted LD_LIBRARY_PATH=/home/wuji/wujihand/wujihand-ros2/wujihand_ws/install/wujihand_msgs/lib:${LD_LIBRARY_PATH} PYTHONPATH=/home/wuji/wujihand/wujihand-ros2/wujihand_ws/install/wujihand_msgs/lib/python3.12/site-packages:${PYTHONPATH} /usr/bin/cmake --install /home/wuji/wujihand/wujihand-ros2/wujihand_ws/build/wujihand_driver
