[0mCMake Deprecation Warning at /opt/ros/kilted/share/ament_cmake_target_dependencies/cmake/ament_target_dependencies.cmake:87 (message):
  ament_target_dependencies() is deprecated.  Use target_link_libraries()
  with modern CMake targets instead.  Try replacing this call with:

    target_link_libraries(wujihand_driver_node PUBLIC
      ${sensor_msgs_TARGETS}
      ${std_msgs_TARGETS}
      ${wujihand_msgs_TARGETS}
      rclcpp::rclcpp
      sensor_msgs::sensor_msgs_library
    )

Call Stack (most recent call first):
  CMakeLists.txt:30 (ament_target_dependencies)

[0m
In file included from [01m[K/usr/local/include/wujihandcpp/protocol/handler.hpp:13[m[K,
                 from [01m[K/usr/local/include/wujihandcpp/data/helper.hpp:9[m[K,
                 from [01m[K/usr/local/include/wujihandcpp/data/hand.hpp:5[m[K,
                 from [01m[K/home/wuji/wujihand/wujihand-ros2/wujihand_ws/src/wujihand/wujihand_driver/include/wujihand_driver/wujihand_driver_node.hpp:7[m[K,
                 from [01m[K/home/wuji/wujihand/wujihand-ros2/wujihand_ws/src/wujihand/wujihand_driver/src/wujihand_driver_node.cpp:1[m[K:
[01m[K/usr/local/include/wujihandcpp/device/controller.hpp:65:5:[m[K [01;31m[Kerror: [m[Kneed ‘[01m[Ktypename[m[K’ before ‘[01m[KFilterT::Unit[m[K’ because ‘[01m[KFilterT[m[K’ is a dependent scope
   65 |     [01;31m[KFilterT[m[K::Unit units_[5][4];
      |     [01;31m[K^~~~~~~[m[K
      |     [32m[Ktypename [m[K
In file included from [01m[K/usr/local/include/wujihandcpp/protocol/handler.hpp:13[m[K,
                 from [01m[K/usr/local/include/wujihandcpp/data/helper.hpp:9[m[K,
                 from [01m[K/usr/local/include/wujihandcpp/data/hand.hpp:5[m[K,
                 from [01m[K/home/wuji/wujihand/wujihand-ros2/wujihand_ws/src/wujihand/wujihand_driver/include/wujihand_driver/wujihand_driver_node.hpp:7[m[K,
                 from [01m[K/home/wuji/wujihand/wujihand-ros2/wujihand_ws/src/wujihand/wujihand_driver/src/main.cpp:1[m[K:
[01m[K/usr/local/include/wujihandcpp/device/controller.hpp:65:5:[m[K [01;31m[Kerror: [m[Kneed ‘[01m[Ktypename[m[K’ before ‘[01m[KFilterT::Unit[m[K’ because ‘[01m[KFilterT[m[K’ is a dependent scope
   65 |     [01;31m[KFilterT[m[K::Unit units_[5][4];
      |     [01;31m[K^~~~~~~[m[K
      |     [32m[Ktypename [m[K
[01m[K/usr/local/include/wujihandcpp/device/controller.hpp:[m[K In constructor ‘[01m[Kwujihandcpp::device::FilteredController<FilterT, false>::[01;32m[KFilteredController[m[K(const double (&)[5][4], const FilterT&)[m[K’:
[01m[K/usr/local/include/wujihandcpp/device/controller.hpp:42:17:[m[K [01;31m[Kerror: [m[K‘[01m[Kunits_[m[K’ was not declared in this scope
   42 |                 [01;31m[Kunits_[m[K[i][j].reset(static_cast<const FilterT&>(filter_), initial[i][j]);
      |                 [01;31m[K^~~~~~[m[K
[01m[K/usr/local/include/wujihandcpp/device/controller.hpp:[m[K In constructor ‘[01m[Kwujihandcpp::device::FilteredController<FilterT, false>::[01;32m[KFilteredController[m[K(const double (&)[5][4], const FilterT&)[m[K’:
[01m[K/usr/local/include/wujihandcpp/device/controller.hpp:42:17:[m[K [01;31m[Kerror: [m[K‘[01m[Kunits_[m[K’ was not declared in this scope
   42 |                 [01;31m[Kunits_[m[K[i][j].reset(static_cast<const FilterT&>(filter_), initial[i][j]);
      |                 [01;31m[K^~~~~~[m[K
[01m[K/usr/local/include/wujihandcpp/device/controller.hpp:[m[K In member function ‘[01m[Kwujihandcpp::device::IRealtimeController::JointPositions wujihandcpp::device::FilteredController<FilterT, false>::[01;32m[Kstep[m[K(wujihandcpp::device::IRealtimeController::JointPositions*)[m[K’:
[01m[K/usr/local/include/wujihandcpp/device/controller.hpp:53:38:[m[K [01;31m[Kerror: [m[K‘[01m[Kunits_[m[K’ was not declared in this scope
   53 |                 result.value[i][j] = [01;31m[Kunits_[m[K[i][j].step(static_cast<const FilterT&>(filter_));
      |                                      [01;31m[K^~~~~~[m[K
[01m[K/usr/local/include/wujihandcpp/device/controller.hpp:[m[K In member function ‘[01m[Kwujihandcpp::device::IRealtimeController::JointPositions wujihandcpp::device::FilteredController<FilterT, false>::[01;32m[Kstep[m[K(wujihandcpp::device::IRealtimeController::JointPositions*)[m[K’:
[01m[K/usr/local/include/wujihandcpp/device/controller.hpp:53:38:[m[K [01;31m[Kerror: [m[K‘[01m[Kunits_[m[K’ was not declared in this scope
   53 |                 result.value[i][j] = [01;31m[Kunits_[m[K[i][j].step(static_cast<const FilterT&>(filter_));
      |                                      [01;31m[K^~~~~~[m[K
[01m[K/usr/local/include/wujihandcpp/device/controller.hpp:[m[K In member function ‘[01m[Kvoid wujihandcpp::device::FilteredController<FilterT, false>::[01;32m[Kset[m[K(const double (&)[5][4])[m[K’:
[01m[K/usr/local/include/wujihandcpp/device/controller.hpp:60:17:[m[K [01;31m[Kerror: [m[K‘[01m[Kunits_[m[K’ was not declared in this scope
   60 |                 [01;31m[Kunits_[m[K[i][j].input(static_cast<const FilterT&>(filter_), positions[i][j]);
      |                 [01;31m[K^~~~~~[m[K
[01m[K/usr/local/include/wujihandcpp/device/controller.hpp:[m[K At global scope:
[01m[K/usr/local/include/wujihandcpp/device/controller.hpp:71:28:[m[K [01;31m[Kerror: [m[Kneed ‘[01m[Ktypename[m[K’ before ‘[01m[Kwujihandcpp::device::FilteredController<FilterT, true>::Base::JointPositions[m[K’ because ‘[01m[Kwujihandcpp::device::FilteredController<FilterT, true>::Base[m[K’ is a dependent scope
   71 |     using JointPositions = [01;31m[KBase[m[K::JointPositions;
      |                            [01;31m[K^~~~[m[K
      |                            [32m[Ktypename [m[K
[01m[K/usr/local/include/wujihandcpp/device/controller.hpp:[m[K In member function ‘[01m[Kvoid wujihandcpp::device::FilteredController<FilterT, false>::[01;32m[Kset[m[K(const double (&)[5][4])[m[K’:
[01m[K/usr/local/include/wujihandcpp/device/controller.hpp:60:17:[m[K [01;31m[Kerror: [m[K‘[01m[Kunits_[m[K’ was not declared in this scope
   60 |                 [01;31m[Kunits_[m[K[i][j].input(static_cast<const FilterT&>(filter_), positions[i][j]);
      |                 [01;31m[K^~~~~~[m[K
[01m[K/usr/local/include/wujihandcpp/device/controller.hpp:[m[K At global scope:
[01m[K/usr/local/include/wujihandcpp/device/controller.hpp:71:28:[m[K [01;31m[Kerror: [m[Kneed ‘[01m[Ktypename[m[K’ before ‘[01m[Kwujihandcpp::device::FilteredController<FilterT, true>::Base::JointPositions[m[K’ because ‘[01m[Kwujihandcpp::device::FilteredController<FilterT, true>::Base[m[K’ is a dependent scope
   71 |     using JointPositions = [01;31m[KBase[m[K::JointPositions;
      |                            [01;31m[K^~~~[m[K
      |                            [32m[Ktypename [m[K
[01m[K/usr/local/include/wujihandcpp/device/controller.hpp:81:5:[m[K [01;31m[Kerror: [m[K‘[01m[KJointPositions[m[K’ does not name a type
   81 |     [01;31m[KJointPositions[m[K step(JointPositions* actual) noexcept override {
      |     [01;31m[K^~~~~~~~~~~~~~[m[K
[01m[K/usr/local/include/wujihandcpp/device/controller.hpp:[m[K In constructor ‘[01m[Kwujihandcpp::device::FilteredController<FilterT, true>::[01;32m[KFilteredController[m[K(const double (&)[5][4], const FilterT&)[m[K’:
[01m[K/usr/local/include/wujihandcpp/device/controller.hpp:78:71:[m[K [01;31m[Kerror: [m[K‘[01m[Krelaxed[m[K’ is not a member of ‘[01m[Kstd::memory_order[m[K’
   78 |                 actual_[i][j].store(initial[i][j], std::memory_order::[01;31m[Krelaxed[m[K);
      |                                                                       [01;31m[K^~~~~~~[m[K
[01m[K/usr/local/include/wujihandcpp/device/controller.hpp:81:5:[m[K [01;31m[Kerror: [m[K‘[01m[KJointPositions[m[K’ does not name a type
   81 |     [01;31m[KJointPositions[m[K step(JointPositions* actual) noexcept override {
      |     [01;31m[K^~~~~~~~~~~~~~[m[K
[01m[K/usr/local/include/wujihandcpp/device/controller.hpp:[m[K In constructor ‘[01m[Kwujihandcpp::device::FilteredController<FilterT, true>::[01;32m[KFilteredController[m[K(const double (&)[5][4], const FilterT&)[m[K’:
[01m[K/usr/local/include/wujihandcpp/device/controller.hpp:78:71:[m[K [01;31m[Kerror: [m[K‘[01m[Krelaxed[m[K’ is not a member of ‘[01m[Kstd::memory_order[m[K’
   78 |                 actual_[i][j].store(initial[i][j], std::memory_order::[01;31m[Krelaxed[m[K);
      |                                                                       [01;31m[K^~~~~~~[m[K
[01m[K/usr/local/include/wujihandcpp/protocol/handler.hpp:[m[K At global scope:
[01m[K/usr/local/include/wujihandcpp/protocol/handler.hpp:123:44:[m[K [01;31m[Kerror: [m[K‘[01m[Kstd::span[m[K’ has not been declared
  123 |         uint16_t index, uint8_t sub_index, [01;31m[Kstd[m[K::span<const std::byte> data,
      |                                            [01;31m[K^~~[m[K
[01m[K/usr/local/include/wujihandcpp/protocol/handler.hpp:123:53:[m[K [01;31m[Kerror: [m[Kexpected ‘[01m[K,[m[K’ or ‘[01m[K...[m[K’ before ‘[01m[K<[m[K’ token
  123 |         uint16_t index, uint8_t sub_index, std::span[01;31m[K<[m[Kconst std::byte> data,
      |                                                     [01;31m[K^[m[K
[01m[K/usr/local/include/wujihandcpp/protocol/handler.hpp:[m[K At global scope:
[01m[K/usr/local/include/wujihandcpp/protocol/handler.hpp:123:44:[m[K [01;31m[Kerror: [m[K‘[01m[Kstd::span[m[K’ has not been declared
  123 |         uint16_t index, uint8_t sub_index, [01;31m[Kstd[m[K::span<const std::byte> data,
      |                                            [01;31m[K^~~[m[K
[01m[K/usr/local/include/wujihandcpp/protocol/handler.hpp:123:53:[m[K [01;31m[Kerror: [m[Kexpected ‘[01m[K,[m[K’ or ‘[01m[K...[m[K’ before ‘[01m[K<[m[K’ token
  123 |         uint16_t index, uint8_t sub_index, std::span[01;31m[K<[m[Kconst std::byte> data,
      |                                                     [01;31m[K^[m[K
In file included from [01m[K/home/wuji/wujihand/wujihand-ros2/wujihand_ws/src/wujihand/wujihand_driver/include/wujihand_driver/wujihand_driver_node.hpp:10[m[K:
[01m[K/usr/local/include/wujihandcpp/device/hand.hpp:247:9:[m[K [01;31m[Kerror: [m[K‘[01m[Kstd::span[m[K’ has not been declared
  247 |         [01;31m[Kstd[m[K::span<const std::byte> data,
      |         [01;31m[K^~~[m[K
[01m[K/usr/local/include/wujihandcpp/device/hand.hpp:247:18:[m[K [01;31m[Kerror: [m[Kexpected ‘[01m[K,[m[K’ or ‘[01m[K...[m[K’ before ‘[01m[K<[m[K’ token
  247 |         std::span[01;31m[K<[m[Kconst std::byte> data,
      |                  [01;31m[K^[m[K
In file included from [01m[K/home/wuji/wujihand/wujihand-ros2/wujihand_ws/src/wujihand/wujihand_driver/include/wujihand_driver/wujihand_driver_node.hpp:10[m[K:
[01m[K/usr/local/include/wujihandcpp/device/hand.hpp:247:9:[m[K [01;31m[Kerror: [m[K‘[01m[Kstd::span[m[K’ has not been declared
  247 |         [01;31m[Kstd[m[K::span<const std::byte> data,
      |         [01;31m[K^~~[m[K
[01m[K/usr/local/include/wujihandcpp/device/hand.hpp:247:18:[m[K [01;31m[Kerror: [m[Kexpected ‘[01m[K,[m[K’ or ‘[01m[K...[m[K’ before ‘[01m[K<[m[K’ token
  247 |         std::span[01;31m[K<[m[Kconst std::byte> data,
      |                  [01;31m[K^[m[K
[01m[K/usr/local/include/wujihandcpp/device/hand.hpp:[m[K In member function ‘[01m[Kvoid wujihandcpp::device::Hand::[01;32m[Kraw_sdo_write[m[K(int, int, uint16_t, uint8_t, int)[m[K’:
[01m[K/usr/local/include/wujihandcpp/device/hand.hpp:250:59:[m[K [01;31m[Kerror: [m[Kexpected primary-expression before ‘[01m[K,[m[K’ token
  250 |         handler_.raw_sdo_write(full_index, sub_index, data[01;31m[K,[m[K timeout);
      |                                                           [01;31m[K^[m[K
[01m[K/usr/local/include/wujihandcpp/device/hand.hpp:[m[K In member function ‘[01m[Kvoid wujihandcpp::device::Hand::[01;32m[Kraw_sdo_write[m[K(int, int, uint16_t, uint8_t, int)[m[K’:
[01m[K/usr/local/include/wujihandcpp/device/hand.hpp:250:59:[m[K [01;31m[Kerror: [m[Kexpected primary-expression before ‘[01m[K,[m[K’ token
  250 |         handler_.raw_sdo_write(full_index, sub_index, data[01;31m[K,[m[K timeout);
      |                                                           [01;31m[K^[m[K
[01m[K/usr/local/include/wujihandcpp/device/hand.hpp:250:61:[m[K [01;31m[Kerror: [m[K‘[01m[Ktimeout[m[K’ was not declared in this scope; did you mean ‘[01m[Ktimer_t[m[K’?
  250 |         handler_.raw_sdo_write(full_index, sub_index, data, [01;31m[Ktimeout[m[K);
      |                                                             [01;31m[K^~~~~~~[m[K
      |                                                             [32m[Ktimer_t[m[K
[01m[K/usr/local/include/wujihandcpp/device/hand.hpp:250:61:[m[K [01;31m[Kerror: [m[K‘[01m[Ktimeout[m[K’ was not declared in this scope; did you mean ‘[01m[Ktimer_t[m[K’?
  250 |         handler_.raw_sdo_write(full_index, sub_index, data, [01;31m[Ktimeout[m[K);
      |                                                             [01;31m[K^~~~~~~[m[K
      |                                                             [32m[Ktimer_t[m[K
[01m[K/home/wuji/wujihand/wujihand-ros2/wujihand_ws/src/wujihand/wujihand_driver/src/wujihand_driver_node.cpp:[m[K In member function ‘[01m[Kvoid wujihand_driver::WujiHandDriverNode::[01;32m[Kpublish_state[m[K()[m[K’:
[01m[K/home/wuji/wujihand/wujihand-ros2/wujihand_ws/src/wujihand/wujihand_driver/src/wujihand_driver_node.cpp:174:45:[m[K [01;31m[Kerror: [m[Kcannot bind non-const lvalue reference of type ‘[01m[Kwujihandcpp::device::Joint&[m[K’ to an rvalue of type ‘[01m[Kwujihandcpp::device::Joint[m[K’
  174 |         auto& joint = [01;31m[Khand_->finger(f).joint(j)[m[K;
      |                       [01;31m[K~~~~~~~~~~~~~~~~~~~~~~^~~[m[K
[01m[K/home/wuji/wujihand/wujihand-ros2/wujihand_ws/src/wujihand/wujihand_driver/src/wujihand_driver_node.cpp:[m[K At global scope:
[01m[K/home/wuji/wujihand/wujihand-ros2/wujihand_ws/src/wujihand/wujihand_driver/src/wujihand_driver_node.cpp:234:6:[m[K [01;31m[Kerror: [m[Kno declaration matches ‘[01m[Kvoid wujihand_driver::WujiHandDriverNode::[01;32m[Kexecute_joint_operation[m[K(uint8_t, uint8_t, JointFunc, AllFunc, const std::string&, bool&, std::string&)[m[K’
  234 | void [01;31m[KWujiHandDriverNode[m[K::execute_joint_operation(uint8_t finger_id, uint8_t joint_id,
      |      [01;31m[K^~~~~~~~~~~~~~~~~~[m[K
[01m[K/home/wuji/wujihand/wujihand-ros2/wujihand_ws/src/wujihand/wujihand_driver/src/wujihand_driver_node.cpp:234:6:[m[K [01;36m[Knote: [m[Kno functions named ‘[01m[Kvoid wujihand_driver::WujiHandDriverNode::[01;32m[Kexecute_joint_operation[m[K(uint8_t, uint8_t, JointFunc, AllFunc, const std::string&, bool&, std::string&)[m[K’
[01m[K/home/wuji/wujihand/wujihand-ros2/wujihand_ws/src/wujihand/wujihand_driver/include/wujihand_driver/wujihand_driver_node.hpp:23:7:[m[K [01;36m[Knote: [m[K‘[01m[Kclass wujihand_driver::WujiHandDriverNode[m[K’ defined here
   23 | class [01;36m[KWujiHandDriverNode[m[K : public rclcpp::Node {
      |       [01;36m[K^~~~~~~~~~~~~~~~~~[m[K
[01m[K/home/wuji/wujihand/wujihand-ros2/wujihand_ws/src/wujihand/wujihand_driver/src/wujihand_driver_node.cpp:[m[K In member function ‘[01m[Kvoid wujihand_driver::WujiHandDriverNode::[01;32m[Kset_enabled_callback[m[K(std::shared_ptr<wujihand_msgs::srv::SetEnabled_Request_<std::allocator<void> > >, std::shared_ptr<wujihand_msgs::srv::SetEnabled_Response_<std::allocator<void> > >)[m[K’:
[01m[K/home/wuji/wujihand/wujihand-ros2/wujihand_ws/src/wujihand/wujihand_driver/src/wujihand_driver_node.cpp:284:3:[m[K [01;31m[Kerror: [m[K‘[01m[Kexecute_joint_operation[m[K’ was not declared in this scope
  284 |   [01;31m[Kexecute_joint_operation[m[K(request->finger_id, request->joint_id, write_fn, write_all_fn,
      |   [01;31m[K^~~~~~~~~~~~~~~~~~~~~~~[m[K
[01m[K/home/wuji/wujihand/wujihand-ros2/wujihand_ws/src/wujihand/wujihand_driver/src/wujihand_driver_node.cpp:[m[K In member function ‘[01m[Kvoid wujihand_driver::WujiHandDriverNode::[01;32m[Kreset_error_callback[m[K(std::shared_ptr<wujihand_msgs::srv::ResetError_Request_<std::allocator<void> > >, std::shared_ptr<wujihand_msgs::srv::ResetError_Response_<std::allocator<void> > >)[m[K’:
[01m[K/home/wuji/wujihand/wujihand-ros2/wujihand_ws/src/wujihand/wujihand_driver/src/wujihand_driver_node.cpp:297:3:[m[K [01;31m[Kerror: [m[K‘[01m[Kexecute_joint_operation[m[K’ was not declared in this scope
  297 |   [01;31m[Kexecute_joint_operation[m[K(request->finger_id, request->joint_id, write_fn, write_all_fn,
      |   [01;31m[K^~~~~~~~~~~~~~~~~~~~~~~[m[K
gmake[2]: *** [CMakeFiles/wujihand_driver_node.dir/build.make:90: CMakeFiles/wujihand_driver_node.dir/src/main.cpp.o] Error 1
gmake[2]: *** Waiting for unfinished jobs....
gmake[2]: *** [CMakeFiles/wujihand_driver_node.dir/build.make:76: CMakeFiles/wujihand_driver_node.dir/src/wujihand_driver_node.cpp.o] Error 1
gmake[1]: *** [CMakeFiles/Makefile2:137: CMakeFiles/wujihand_driver_node.dir/all] Error 2
gmake: *** [Makefile:146: all] Error 2
