[0.188s] Invoking command in '/home/wuji/wujihand/wujihand-ros2/wujihand_ws/build/wujihand_driver': AMENT_PREFIX_PATH=/home/wuji/wujihand/wujihand-ros2/wujihand_ws/install/wujihand_msgs:${AMENT_PREFIX_PATH} CMAKE_PREFIX_PATH=/home/wuji/wujihand/wujihand-ros2/wujihand_ws/install/wujihand_msgs:/opt/ros/kilted/opt/gz_math_vendor:/opt/ros/kilted/opt/gz_utils_vendor:/opt/ros/kilted/opt/gz_cmake_vendor:/opt/ros/kilted LD_LIBRARY_PATH=/home/wuji/wujihand/wujihand-ros2/wujihand_ws/install/wujihand_msgs/lib:${LD_LIBRARY_PATH} PYTHONPATH=/home/wuji/wujihand/wujihand-ros2/wujihand_ws/install/wujihand_msgs/lib/python3.12/site-packages:${PYTHONPATH} /usr/bin/cmake /home/wuji/wujihand/wujihand-ros2/wujihand_ws/src/wujihand/wujihand_driver -DCMAKE_INSTALL_PREFIX=/home/wuji/wujihand/wujihand-ros2/wujihand_ws/install/wujihand_driver
[0.330s] -- The C compiler identification is GNU 13.3.0
[1.009s] -- The CXX compiler identification is GNU 13.3.0
[1.763s] -- Detecting C compiler ABI info
[2.017s] -- Detecting C compiler ABI info - done
[2.023s] -- Check for working C compiler: /usr/bin/cc - skipped
[2.023s] -- Detecting C compile features
[2.023s] -- Detecting C compile features - done
[2.117s] -- Detecting CXX compiler ABI info
[2.321s] -- Detecting CXX compiler ABI info - done
[2.326s] -- Check for working CXX compiler: /usr/bin/c++ - skipped
[2.326s] -- Detecting CXX compile features
[2.326s] -- Detecting CXX compile features - done
[2.329s] -- Found ament_cmake: 2.7.3 (/opt/ros/kilted/share/ament_cmake/cmake)
[2.420s] -- Found Python3: /usr/bin/python3 (found version "3.12.3") found components: Interpreter 
[2.484s] -- Found rclcpp: 29.5.4 (/opt/ros/kilted/share/rclcpp/cmake)
[2.632s] -- Found rosidl_generator_c: 4.9.5 (/opt/ros/kilted/share/rosidl_generator_c/cmake)
[2.638s] -- Found rosidl_generator_cpp: 4.9.5 (/opt/ros/kilted/share/rosidl_generator_cpp/cmake)
[2.647s] -- Using all available rosidl_typesupport_c: rosidl_typesupport_fastrtps_c;rosidl_typesupport_introspection_c
[2.657s] -- Using all available rosidl_typesupport_cpp: rosidl_typesupport_fastrtps_cpp;rosidl_typesupport_introspection_cpp
[2.710s] -- Found rmw_implementation_cmake: 7.8.2 (/opt/ros/kilted/share/rmw_implementation_cmake/cmake)
[2.713s] -- Found rmw_fastrtps_cpp: 9.3.3 (/opt/ros/kilted/share/rmw_fastrtps_cpp/cmake)
[2.775s] -- Found OpenSSL: /usr/lib/x86_64-linux-gnu/libcrypto.so (found version "3.0.13")  
[2.782s] -- Using RMW implementation 'rmw_fastrtps_cpp' as default
[2.937s] -- Found std_msgs: 5.5.1 (/opt/ros/kilted/share/std_msgs/cmake)
[2.945s] -- Found sensor_msgs: 5.5.1 (/opt/ros/kilted/share/sensor_msgs/cmake)
[2.975s] -- Found wujihand_msgs: 0.1.0 (/home/wuji/wujihand/wujihand-ros2/wujihand_ws/install/wujihand_msgs/share/wujihand_msgs/cmake)
[2.989s] -- Performing Test CMAKE_HAVE_LIBC_PTHREAD
[3.112s] -- Performing Test CMAKE_HAVE_LIBC_PTHREAD - Success
[3.113s] -- Found Threads: TRUE  
[3.115s] [0mCMake Deprecation Warning at /opt/ros/kilted/share/ament_cmake_target_dependencies/cmake/ament_target_dependencies.cmake:87 (message):
[3.115s]   ament_target_dependencies() is deprecated.  Use target_link_libraries()
[3.115s]   with modern CMake targets instead.  Try replacing this call with:
[3.115s] 
[3.115s]     target_link_libraries(wujihand_driver_node PUBLIC
[3.115s]       ${sensor_msgs_TARGETS}
[3.115s]       ${std_msgs_TARGETS}
[3.115s]       ${wujihand_msgs_TARGETS}
[3.115s]       rclcpp::rclcpp
[3.115s]       sensor_msgs::sensor_msgs_library
[3.115s]     )
[3.115s] 
[3.115s] Call Stack (most recent call first):
[3.115s]   CMakeLists.txt:30 (ament_target_dependencies)
[3.115s] 
[3.115s] [0m
[3.172s] -- Configuring done (3.0s)
[3.182s] -- Generating done (0.0s)
[3.185s] -- Build files have been written to: /home/wuji/wujihand/wujihand-ros2/wujihand_ws/build/wujihand_driver
[3.196s] Invoked command in '/home/wuji/wujihand/wujihand-ros2/wujihand_ws/build/wujihand_driver' returned '0': AMENT_PREFIX_PATH=/home/wuji/wujihand/wujihand-ros2/wujihand_ws/install/wujihand_msgs:${AMENT_PREFIX_PATH} CMAKE_PREFIX_PATH=/home/wuji/wujihand/wujihand-ros2/wujihand_ws/install/wujihand_msgs:/opt/ros/kilted/opt/gz_math_vendor:/opt/ros/kilted/opt/gz_utils_vendor:/opt/ros/kilted/opt/gz_cmake_vendor:/opt/ros/kilted LD_LIBRARY_PATH=/home/wuji/wujihand/wujihand-ros2/wujihand_ws/install/wujihand_msgs/lib:${LD_LIBRARY_PATH} PYTHONPATH=/home/wuji/wujihand/wujihand-ros2/wujihand_ws/install/wujihand_msgs/lib/python3.12/site-packages:${PYTHONPATH} /usr/bin/cmake /home/wuji/wujihand/wujihand-ros2/wujihand_ws/src/wujihand/wujihand_driver -DCMAKE_INSTALL_PREFIX=/home/wuji/wujihand/wujihand-ros2/wujihand_ws/install/wujihand_driver
[3.197s] Invoking command in '/home/wuji/wujihand/wujihand-ros2/wujihand_ws/build/wujihand_driver': AMENT_PREFIX_PATH=/home/wuji/wujihand/wujihand-ros2/wujihand_ws/install/wujihand_msgs:${AMENT_PREFIX_PATH} CMAKE_PREFIX_PATH=/home/wuji/wujihand/wujihand-ros2/wujihand_ws/install/wujihand_msgs:/opt/ros/kilted/opt/gz_math_vendor:/opt/ros/kilted/opt/gz_utils_vendor:/opt/ros/kilted/opt/gz_cmake_vendor:/opt/ros/kilted LD_LIBRARY_PATH=/home/wuji/wujihand/wujihand-ros2/wujihand_ws/install/wujihand_msgs/lib:${LD_LIBRARY_PATH} PYTHONPATH=/home/wuji/wujihand/wujihand-ros2/wujihand_ws/install/wujihand_msgs/lib/python3.12/site-packages:${PYTHONPATH} /usr/bin/cmake --build /home/wuji/wujihand/wujihand-ros2/wujihand_ws/build/wujihand_driver -- -j24 -l24
[3.233s] [ 66%] [32mBuilding CXX object CMakeFiles/wujihand_driver_node.dir/src/wujihand_driver_node.cpp.o[0m
[3.233s] [ 66%] [32mBuilding CXX object CMakeFiles/wujihand_driver_node.dir/src/main.cpp.o[0m
[3.644s] In file included from [01m[K/usr/local/include/wujihandcpp/protocol/handler.hpp:13[m[K,
[3.644s]                  from [01m[K/usr/local/include/wujihandcpp/data/helper.hpp:9[m[K,
[3.644s]                  from [01m[K/usr/local/include/wujihandcpp/data/hand.hpp:5[m[K,
[3.644s]                  from [01m[K/home/wuji/wujihand/wujihand-ros2/wujihand_ws/src/wujihand/wujihand_driver/include/wujihand_driver/wujihand_driver_node.hpp:7[m[K,
[3.644s]                  from [01m[K/home/wuji/wujihand/wujihand-ros2/wujihand_ws/src/wujihand/wujihand_driver/src/wujihand_driver_node.cpp:1[m[K:
[3.644s] [01m[K/usr/local/include/wujihandcpp/device/controller.hpp:65:5:[m[K [01;31m[Kerror: [m[Kneed ‘[01m[Ktypename[m[K’ before ‘[01m[KFilterT::Unit[m[K’ because ‘[01m[KFilterT[m[K’ is a dependent scope
[3.644s]    65 |     [01;31m[KFilterT[m[K::Unit units_[5][4];
[3.644s]       |     [01;31m[K^~~~~~~[m[K
[3.644s]       |     [32m[Ktypename [m[K
[3.644s] In file included from [01m[K/usr/local/include/wujihandcpp/protocol/handler.hpp:13[m[K,
[3.644s]                  from [01m[K/usr/local/include/wujihandcpp/data/helper.hpp:9[m[K,
[3.644s]                  from [01m[K/usr/local/include/wujihandcpp/data/hand.hpp:5[m[K,
[3.644s]                  from [01m[K/home/wuji/wujihand/wujihand-ros2/wujihand_ws/src/wujihand/wujihand_driver/include/wujihand_driver/wujihand_driver_node.hpp:7[m[K,
[3.644s]                  from [01m[K/home/wuji/wujihand/wujihand-ros2/wujihand_ws/src/wujihand/wujihand_driver/src/main.cpp:1[m[K:
[3.644s] [01m[K/usr/local/include/wujihandcpp/device/controller.hpp:65:5:[m[K [01;31m[Kerror: [m[Kneed ‘[01m[Ktypename[m[K’ before ‘[01m[KFilterT::Unit[m[K’ because ‘[01m[KFilterT[m[K’ is a dependent scope
[3.644s]    65 |     [01;31m[KFilterT[m[K::Unit units_[5][4];
[3.644s]       |     [01;31m[K^~~~~~~[m[K
[3.644s]       |     [32m[Ktypename [m[K
[3.646s] [01m[K/usr/local/include/wujihandcpp/device/controller.hpp:[m[K In constructor ‘[01m[Kwujihandcpp::device::FilteredController<FilterT, false>::[01;32m[KFilteredController[m[K(const double (&)[5][4], const FilterT&)[m[K’:
[3.646s] [01m[K/usr/local/include/wujihandcpp/device/controller.hpp:42:17:[m[K [01;31m[Kerror: [m[K‘[01m[Kunits_[m[K’ was not declared in this scope
[3.646s]    42 |                 [01;31m[Kunits_[m[K[i][j].reset(static_cast<const FilterT&>(filter_), initial[i][j]);
[3.646s]       |                 [01;31m[K^~~~~~[m[K
[3.646s] [01m[K/usr/local/include/wujihandcpp/device/controller.hpp:[m[K In constructor ‘[01m[Kwujihandcpp::device::FilteredController<FilterT, false>::[01;32m[KFilteredController[m[K(const double (&)[5][4], const FilterT&)[m[K’:
[3.646s] [01m[K/usr/local/include/wujihandcpp/device/controller.hpp:42:17:[m[K [01;31m[Kerror: [m[K‘[01m[Kunits_[m[K’ was not declared in this scope
[3.647s]    42 |                 [01;31m[Kunits_[m[K[i][j].reset(static_cast<const FilterT&>(filter_), initial[i][j]);
[3.647s]       |                 [01;31m[K^~~~~~[m[K
[3.648s] [01m[K/usr/local/include/wujihandcpp/device/controller.hpp:[m[K In member function ‘[01m[Kwujihandcpp::device::IRealtimeController::JointPositions wujihandcpp::device::FilteredController<FilterT, false>::[01;32m[Kstep[m[K(wujihandcpp::device::IRealtimeController::JointPositions*)[m[K’:
[3.648s] [01m[K/usr/local/include/wujihandcpp/device/controller.hpp:53:38:[m[K [01;31m[Kerror: [m[K‘[01m[Kunits_[m[K’ was not declared in this scope
[3.648s]    53 |                 result.value[i][j] = [01;31m[Kunits_[m[K[i][j].step(static_cast<const FilterT&>(filter_));
[3.648s]       |                                      [01;31m[K^~~~~~[m[K
[3.648s] [01m[K/usr/local/include/wujihandcpp/device/controller.hpp:[m[K In member function ‘[01m[Kwujihandcpp::device::IRealtimeController::JointPositions wujihandcpp::device::FilteredController<FilterT, false>::[01;32m[Kstep[m[K(wujihandcpp::device::IRealtimeController::JointPositions*)[m[K’:
[3.648s] [01m[K/usr/local/include/wujihandcpp/device/controller.hpp:53:38:[m[K [01;31m[Kerror: [m[K‘[01m[Kunits_[m[K’ was not declared in this scope
[3.648s]    53 |                 result.value[i][j] = [01;31m[Kunits_[m[K[i][j].step(static_cast<const FilterT&>(filter_));
[3.648s]       |                                      [01;31m[K^~~~~~[m[K
[3.650s] [01m[K/usr/local/include/wujihandcpp/device/controller.hpp:[m[K In member function ‘[01m[Kvoid wujihandcpp::device::FilteredController<FilterT, false>::[01;32m[Kset[m[K(const double (&)[5][4])[m[K’:
[3.650s] [01m[K/usr/local/include/wujihandcpp/device/controller.hpp:60:17:[m[K [01;31m[Kerror: [m[K‘[01m[Kunits_[m[K’ was not declared in this scope
[3.650s]    60 |                 [01;31m[Kunits_[m[K[i][j].input(static_cast<const FilterT&>(filter_), positions[i][j]);
[3.650s]       |                 [01;31m[K^~~~~~[m[K
[3.650s] [01m[K/usr/local/include/wujihandcpp/device/controller.hpp:[m[K At global scope:
[3.650s] [01m[K/usr/local/include/wujihandcpp/device/controller.hpp:71:28:[m[K [01;31m[Kerror: [m[Kneed ‘[01m[Ktypename[m[K’ before ‘[01m[Kwujihandcpp::device::FilteredController<FilterT, true>::Base::JointPositions[m[K’ because ‘[01m[Kwujihandcpp::device::FilteredController<FilterT, true>::Base[m[K’ is a dependent scope
[3.650s]    71 |     using JointPositions = [01;31m[KBase[m[K::JointPositions;
[3.650s]       |                            [01;31m[K^~~~[m[K
[3.651s]       |                            [32m[Ktypename [m[K
[3.651s] [01m[K/usr/local/include/wujihandcpp/device/controller.hpp:[m[K In member function ‘[01m[Kvoid wujihandcpp::device::FilteredController<FilterT, false>::[01;32m[Kset[m[K(const double (&)[5][4])[m[K’:
[3.651s] [01m[K/usr/local/include/wujihandcpp/device/controller.hpp:60:17:[m[K [01;31m[Kerror: [m[K‘[01m[Kunits_[m[K’ was not declared in this scope
[3.651s]    60 |                 [01;31m[Kunits_[m[K[i][j].input(static_cast<const FilterT&>(filter_), positions[i][j]);
[3.651s]       |                 [01;31m[K^~~~~~[m[K
[3.651s] [01m[K/usr/local/include/wujihandcpp/device/controller.hpp:[m[K At global scope:
[3.651s] [01m[K/usr/local/include/wujihandcpp/device/controller.hpp:71:28:[m[K [01;31m[Kerror: [m[Kneed ‘[01m[Ktypename[m[K’ before ‘[01m[Kwujihandcpp::device::FilteredController<FilterT, true>::Base::JointPositions[m[K’ because ‘[01m[Kwujihandcpp::device::FilteredController<FilterT, true>::Base[m[K’ is a dependent scope
[3.651s]    71 |     using JointPositions = [01;31m[KBase[m[K::JointPositions;
[3.651s]       |                            [01;31m[K^~~~[m[K
[3.651s]       |                            [32m[Ktypename [m[K
[3.652s] [01m[K/usr/local/include/wujihandcpp/device/controller.hpp:81:5:[m[K [01;31m[Kerror: [m[K‘[01m[KJointPositions[m[K’ does not name a type
[3.652s]    81 |     [01;31m[KJointPositions[m[K step(JointPositions* actual) noexcept override {
[3.652s]       |     [01;31m[K^~~~~~~~~~~~~~[m[K
[3.652s] [01m[K/usr/local/include/wujihandcpp/device/controller.hpp:[m[K In constructor ‘[01m[Kwujihandcpp::device::FilteredController<FilterT, true>::[01;32m[KFilteredController[m[K(const double (&)[5][4], const FilterT&)[m[K’:
[3.652s] [01m[K/usr/local/include/wujihandcpp/device/controller.hpp:78:71:[m[K [01;31m[Kerror: [m[K‘[01m[Krelaxed[m[K’ is not a member of ‘[01m[Kstd::memory_order[m[K’
[3.652s]    78 |                 actual_[i][j].store(initial[i][j], std::memory_order::[01;31m[Krelaxed[m[K);
[3.652s]       |                                                                       [01;31m[K^~~~~~~[m[K
[3.652s] [01m[K/usr/local/include/wujihandcpp/device/controller.hpp:81:5:[m[K [01;31m[Kerror: [m[K‘[01m[KJointPositions[m[K’ does not name a type
[3.652s]    81 |     [01;31m[KJointPositions[m[K step(JointPositions* actual) noexcept override {
[3.652s]       |     [01;31m[K^~~~~~~~~~~~~~[m[K
[3.653s] [01m[K/usr/local/include/wujihandcpp/device/controller.hpp:[m[K In constructor ‘[01m[Kwujihandcpp::device::FilteredController<FilterT, true>::[01;32m[KFilteredController[m[K(const double (&)[5][4], const FilterT&)[m[K’:
[3.653s] [01m[K/usr/local/include/wujihandcpp/device/controller.hpp:78:71:[m[K [01;31m[Kerror: [m[K‘[01m[Krelaxed[m[K’ is not a member of ‘[01m[Kstd::memory_order[m[K’
[3.653s]    78 |                 actual_[i][j].store(initial[i][j], std::memory_order::[01;31m[Krelaxed[m[K);
[3.653s]       |                                                                       [01;31m[K^~~~~~~[m[K
[3.653s] [01m[K/usr/local/include/wujihandcpp/protocol/handler.hpp:[m[K At global scope:
[3.653s] [01m[K/usr/local/include/wujihandcpp/protocol/handler.hpp:123:44:[m[K [01;31m[Kerror: [m[K‘[01m[Kstd::span[m[K’ has not been declared
[3.653s]   123 |         uint16_t index, uint8_t sub_index, [01;31m[Kstd[m[K::span<const std::byte> data,
[3.653s]       |                                            [01;31m[K^~~[m[K
[3.653s] [01m[K/usr/local/include/wujihandcpp/protocol/handler.hpp:123:53:[m[K [01;31m[Kerror: [m[Kexpected ‘[01m[K,[m[K’ or ‘[01m[K...[m[K’ before ‘[01m[K<[m[K’ token
[3.653s]   123 |         uint16_t index, uint8_t sub_index, std::span[01;31m[K<[m[Kconst std::byte> data,
[3.653s]       |                                                     [01;31m[K^[m[K
[3.653s] [01m[K/usr/local/include/wujihandcpp/protocol/handler.hpp:[m[K At global scope:
[3.653s] [01m[K/usr/local/include/wujihandcpp/protocol/handler.hpp:123:44:[m[K [01;31m[Kerror: [m[K‘[01m[Kstd::span[m[K’ has not been declared
[3.653s]   123 |         uint16_t index, uint8_t sub_index, [01;31m[Kstd[m[K::span<const std::byte> data,
[3.653s]       |                                            [01;31m[K^~~[m[K
[3.653s] [01m[K/usr/local/include/wujihandcpp/protocol/handler.hpp:123:53:[m[K [01;31m[Kerror: [m[Kexpected ‘[01m[K,[m[K’ or ‘[01m[K...[m[K’ before ‘[01m[K<[m[K’ token
[3.653s]   123 |         uint16_t index, uint8_t sub_index, std::span[01;31m[K<[m[Kconst std::byte> data,
[3.653s]       |                                                     [01;31m[K^[m[K
[3.664s] In file included from [01m[K/home/wuji/wujihand/wujihand-ros2/wujihand_ws/src/wujihand/wujihand_driver/include/wujihand_driver/wujihand_driver_node.hpp:10[m[K:
[3.664s] [01m[K/usr/local/include/wujihandcpp/device/hand.hpp:247:9:[m[K [01;31m[Kerror: [m[K‘[01m[Kstd::span[m[K’ has not been declared
[3.664s]   247 |         [01;31m[Kstd[m[K::span<const std::byte> data,
[3.664s]       |         [01;31m[K^~~[m[K
[3.664s] [01m[K/usr/local/include/wujihandcpp/device/hand.hpp:247:18:[m[K [01;31m[Kerror: [m[Kexpected ‘[01m[K,[m[K’ or ‘[01m[K...[m[K’ before ‘[01m[K<[m[K’ token
[3.665s]   247 |         std::span[01;31m[K<[m[Kconst std::byte> data,
[3.665s]       |                  [01;31m[K^[m[K
[3.665s] In file included from [01m[K/home/wuji/wujihand/wujihand-ros2/wujihand_ws/src/wujihand/wujihand_driver/include/wujihand_driver/wujihand_driver_node.hpp:10[m[K:
[3.665s] [01m[K/usr/local/include/wujihandcpp/device/hand.hpp:247:9:[m[K [01;31m[Kerror: [m[K‘[01m[Kstd::span[m[K’ has not been declared
[3.665s]   247 |         [01;31m[Kstd[m[K::span<const std::byte> data,
[3.665s]       |         [01;31m[K^~~[m[K
[3.665s] [01m[K/usr/local/include/wujihandcpp/device/hand.hpp:247:18:[m[K [01;31m[Kerror: [m[Kexpected ‘[01m[K,[m[K’ or ‘[01m[K...[m[K’ before ‘[01m[K<[m[K’ token
[3.665s]   247 |         std::span[01;31m[K<[m[Kconst std::byte> data,
[3.665s]       |                  [01;31m[K^[m[K
[3.678s] [01m[K/usr/local/include/wujihandcpp/device/hand.hpp:[m[K In member function ‘[01m[Kvoid wujihandcpp::device::Hand::[01;32m[Kraw_sdo_write[m[K(int, int, uint16_t, uint8_t, int)[m[K’:
[3.678s] [01m[K/usr/local/include/wujihandcpp/device/hand.hpp:250:59:[m[K [01;31m[Kerror: [m[Kexpected primary-expression before ‘[01m[K,[m[K’ token
[3.678s]   250 |         handler_.raw_sdo_write(full_index, sub_index, data[01;31m[K,[m[K timeout);
[3.678s]       |                                                           [01;31m[K^[m[K
[3.678s] [01m[K/usr/local/include/wujihandcpp/device/hand.hpp:[m[K In member function ‘[01m[Kvoid wujihandcpp::device::Hand::[01;32m[Kraw_sdo_write[m[K(int, int, uint16_t, uint8_t, int)[m[K’:
[3.678s] [01m[K/usr/local/include/wujihandcpp/device/hand.hpp:250:59:[m[K [01;31m[Kerror: [m[Kexpected primary-expression before ‘[01m[K,[m[K’ token
[3.678s]   250 |         handler_.raw_sdo_write(full_index, sub_index, data[01;31m[K,[m[K timeout);
[3.678s]       |                                                           [01;31m[K^[m[K
[3.680s] [01m[K/usr/local/include/wujihandcpp/device/hand.hpp:250:61:[m[K [01;31m[Kerror: [m[K‘[01m[Ktimeout[m[K’ was not declared in this scope; did you mean ‘[01m[Ktimer_t[m[K’?
[3.680s]   250 |         handler_.raw_sdo_write(full_index, sub_index, data, [01;31m[Ktimeout[m[K);
[3.680s]       |                                                             [01;31m[K^~~~~~~[m[K
[3.680s]       |                                                             [32m[Ktimer_t[m[K
[3.680s] [01m[K/usr/local/include/wujihandcpp/device/hand.hpp:250:61:[m[K [01;31m[Kerror: [m[K‘[01m[Ktimeout[m[K’ was not declared in this scope; did you mean ‘[01m[Ktimer_t[m[K’?
[3.680s]   250 |         handler_.raw_sdo_write(full_index, sub_index, data, [01;31m[Ktimeout[m[K);
[3.680s]       |                                                             [01;31m[K^~~~~~~[m[K
[3.680s]       |                                                             [32m[Ktimer_t[m[K
[5.357s] [01m[K/home/wuji/wujihand/wujihand-ros2/wujihand_ws/src/wujihand/wujihand_driver/src/wujihand_driver_node.cpp:[m[K In member function ‘[01m[Kvoid wujihand_driver::WujiHandDriverNode::[01;32m[Kpublish_state[m[K()[m[K’:
[5.357s] [01m[K/home/wuji/wujihand/wujihand-ros2/wujihand_ws/src/wujihand/wujihand_driver/src/wujihand_driver_node.cpp:174:45:[m[K [01;31m[Kerror: [m[Kcannot bind non-const lvalue reference of type ‘[01m[Kwujihandcpp::device::Joint&[m[K’ to an rvalue of type ‘[01m[Kwujihandcpp::device::Joint[m[K’
[5.357s]   174 |         auto& joint = [01;31m[Khand_->finger(f).joint(j)[m[K;
[5.358s]       |                       [01;31m[K~~~~~~~~~~~~~~~~~~~~~~^~~[m[K
[5.361s] [01m[K/home/wuji/wujihand/wujihand-ros2/wujihand_ws/src/wujihand/wujihand_driver/src/wujihand_driver_node.cpp:[m[K At global scope:
[5.361s] [01m[K/home/wuji/wujihand/wujihand-ros2/wujihand_ws/src/wujihand/wujihand_driver/src/wujihand_driver_node.cpp:234:6:[m[K [01;31m[Kerror: [m[Kno declaration matches ‘[01m[Kvoid wujihand_driver::WujiHandDriverNode::[01;32m[Kexecute_joint_operation[m[K(uint8_t, uint8_t, JointFunc, AllFunc, const std::string&, bool&, std::string&)[m[K’
[5.361s]   234 | void [01;31m[KWujiHandDriverNode[m[K::execute_joint_operation(uint8_t finger_id, uint8_t joint_id,
[5.361s]       |      [01;31m[K^~~~~~~~~~~~~~~~~~[m[K
[5.361s] [01m[K/home/wuji/wujihand/wujihand-ros2/wujihand_ws/src/wujihand/wujihand_driver/src/wujihand_driver_node.cpp:234:6:[m[K [01;36m[Knote: [m[Kno functions named ‘[01m[Kvoid wujihand_driver::WujiHandDriverNode::[01;32m[Kexecute_joint_operation[m[K(uint8_t, uint8_t, JointFunc, AllFunc, const std::string&, bool&, std::string&)[m[K’
[5.361s] [01m[K/home/wuji/wujihand/wujihand-ros2/wujihand_ws/src/wujihand/wujihand_driver/include/wujihand_driver/wujihand_driver_node.hpp:23:7:[m[K [01;36m[Knote: [m[K‘[01m[Kclass wujihand_driver::WujiHandDriverNode[m[K’ defined here
[5.361s]    23 | class [01;36m[KWujiHandDriverNode[m[K : public rclcpp::Node {
[5.361s]       |       [01;36m[K^~~~~~~~~~~~~~~~~~[m[K
[5.373s] [01m[K/home/wuji/wujihand/wujihand-ros2/wujihand_ws/src/wujihand/wujihand_driver/src/wujihand_driver_node.cpp:[m[K In member function ‘[01m[Kvoid wujihand_driver::WujiHandDriverNode::[01;32m[Kset_enabled_callback[m[K(std::shared_ptr<wujihand_msgs::srv::SetEnabled_Request_<std::allocator<void> > >, std::shared_ptr<wujihand_msgs::srv::SetEnabled_Response_<std::allocator<void> > >)[m[K’:
[5.373s] [01m[K/home/wuji/wujihand/wujihand-ros2/wujihand_ws/src/wujihand/wujihand_driver/src/wujihand_driver_node.cpp:284:3:[m[K [01;31m[Kerror: [m[K‘[01m[Kexecute_joint_operation[m[K’ was not declared in this scope
[5.373s]   284 |   [01;31m[Kexecute_joint_operation[m[K(request->finger_id, request->joint_id, write_fn, write_all_fn,
[5.373s]       |   [01;31m[K^~~~~~~~~~~~~~~~~~~~~~~[m[K
[5.386s] [01m[K/home/wuji/wujihand/wujihand-ros2/wujihand_ws/src/wujihand/wujihand_driver/src/wujihand_driver_node.cpp:[m[K In member function ‘[01m[Kvoid wujihand_driver::WujiHandDriverNode::[01;32m[Kreset_error_callback[m[K(std::shared_ptr<wujihand_msgs::srv::ResetError_Request_<std::allocator<void> > >, std::shared_ptr<wujihand_msgs::srv::ResetError_Response_<std::allocator<void> > >)[m[K’:
[5.386s] [01m[K/home/wuji/wujihand/wujihand-ros2/wujihand_ws/src/wujihand/wujihand_driver/src/wujihand_driver_node.cpp:297:3:[m[K [01;31m[Kerror: [m[K‘[01m[Kexecute_joint_operation[m[K’ was not declared in this scope
[5.386s]   297 |   [01;31m[Kexecute_joint_operation[m[K(request->finger_id, request->joint_id, write_fn, write_all_fn,
[5.386s]       |   [01;31m[K^~~~~~~~~~~~~~~~~~~~~~~[m[K
[5.934s] gmake[2]: *** [CMakeFiles/wujihand_driver_node.dir/build.make:90: CMakeFiles/wujihand_driver_node.dir/src/main.cpp.o] Error 1
[5.934s] gmake[2]: *** Waiting for unfinished jobs....
[7.520s] gmake[2]: *** [CMakeFiles/wujihand_driver_node.dir/build.make:76: CMakeFiles/wujihand_driver_node.dir/src/wujihand_driver_node.cpp.o] Error 1
[7.520s] gmake[1]: *** [CMakeFiles/Makefile2:137: CMakeFiles/wujihand_driver_node.dir/all] Error 2
[7.520s] gmake: *** [Makefile:146: all] Error 2
[7.521s] Invoked command in '/home/wuji/wujihand/wujihand-ros2/wujihand_ws/build/wujihand_driver' returned '2': AMENT_PREFIX_PATH=/home/wuji/wujihand/wujihand-ros2/wujihand_ws/install/wujihand_msgs:${AMENT_PREFIX_PATH} CMAKE_PREFIX_PATH=/home/wuji/wujihand/wujihand-ros2/wujihand_ws/install/wujihand_msgs:/opt/ros/kilted/opt/gz_math_vendor:/opt/ros/kilted/opt/gz_utils_vendor:/opt/ros/kilted/opt/gz_cmake_vendor:/opt/ros/kilted LD_LIBRARY_PATH=/home/wuji/wujihand/wujihand-ros2/wujihand_ws/install/wujihand_msgs/lib:${LD_LIBRARY_PATH} PYTHONPATH=/home/wuji/wujihand/wujihand-ros2/wujihand_ws/install/wujihand_msgs/lib/python3.12/site-packages:${PYTHONPATH} /usr/bin/cmake --build /home/wuji/wujihand/wujihand-ros2/wujihand_ws/build/wujihand_driver -- -j24 -l24
