[0.007s] Invoking command in '/home/wuji/wujihand/wujihand-ros2/wujihand_ws/build/wujihand_msgs': CMAKE_PREFIX_PATH=${CMAKE_PREFIX_PATH}:/opt/ros/kilted /usr/bin/cmake --build /home/wuji/wujihand/wujihand-ros2/wujihand_ws/build/wujihand_msgs -- -j24 -l24
[0.029s] -- Found ament_cmake: 2.7.3 (/opt/ros/kilted/share/ament_cmake/cmake)
[0.045s] -- Found Python3: /usr/bin/python3 (found version "3.12.3") found components: Interpreter 
[0.094s] -- Found rosidl_default_generators: 1.7.1 (/opt/ros/kilted/share/rosidl_default_generators/cmake)
[0.095s] -- Using all available rosidl_typesupport_c: rosidl_typesupport_fastrtps_c;rosidl_typesupport_introspection_c
[0.215s] -- Using all available rosidl_typesupport_cpp: rosidl_typesupport_fastrtps_cpp;rosidl_typesupport_introspection_cpp
[0.231s] -- Found rosidl_adapter: 4.9.5 (/opt/ros/kilted/share/rosidl_adapter/cmake)
[0.232s] -- Found std_msgs: 5.5.1 (/opt/ros/kilted/share/std_msgs/cmake)
[0.442s] -- Found ament_cmake_ros_core: 0.14.5 (/opt/ros/kilted/share/ament_cmake_ros_core/cmake)
[0.517s] -- Using all available rosidl_typesupport_c: rosidl_typesupport_fastrtps_c;rosidl_typesupport_introspection_c
[0.619s] -- Using all available rosidl_typesupport_cpp: rosidl_typesupport_fastrtps_cpp;rosidl_typesupport_introspection_cpp
[0.765s] -- Found Python3: /usr/bin/python3 (found version "3.12.3") found components: Interpreter Development NumPy Development.Module Development.Embed 
[0.780s] -- Configuring done (0.8s)
[0.816s] -- Generating done (0.0s)
[0.827s] -- Build files have been written to: /home/wuji/wujihand/wujihand-ros2/wujihand_ws/build/wujihand_msgs
[0.855s] [  1%] [34m[1mGenerating type hashes for ROS interfaces[0m
[0.863s] [  1%] Built target ament_cmake_python_copy_wujihand_msgs
[0.976s] running egg_info
[0.985s] writing wujihand_msgs.egg-info/PKG-INFO
[0.986s] writing dependency_links to wujihand_msgs.egg-info/dependency_links.txt
[0.986s] writing top-level names to wujihand_msgs.egg-info/top_level.txt
[1.011s] reading manifest file 'wujihand_msgs.egg-info/SOURCES.txt'
[1.011s] writing manifest file 'wujihand_msgs.egg-info/SOURCES.txt'
[1.027s] [  1%] Built target ament_cmake_python_build_wujihand_msgs_egg
[1.102s] [  1%] Built target wujihand_msgs__rosidl_generator_type_description
[1.110s] [  2%] [34m[1mGenerating C code for ROS interfaces[0m
[1.119s] [  3%] [34m[1mGenerating C++ code for ROS interfaces[0m
[1.521s] [  3%] Built target wujihand_msgs__cpp
[1.587s] [ 11%] [32mBuilding C object CMakeFiles/wujihand_msgs__rosidl_generator_c.dir/rosidl_generator_c/wujihand_msgs/srv/detail/set_enabled__description.c.o[0m
[1.588s] [ 11%] [32mBuilding C object CMakeFiles/wujihand_msgs__rosidl_generator_c.dir/rosidl_generator_c/wujihand_msgs/msg/detail/hand_command__description.c.o[0m
[1.588s] [ 11%] [32mBuilding C object CMakeFiles/wujihand_msgs__rosidl_generator_c.dir/rosidl_generator_c/wujihand_msgs/msg/detail/hand_command__functions.c.o[0m
[1.588s] [ 11%] [32mBuilding C object CMakeFiles/wujihand_msgs__rosidl_generator_c.dir/rosidl_generator_c/wujihand_msgs/msg/detail/hand_state__description.c.o[0m
[1.588s] [ 11%] [32mBuilding C object CMakeFiles/wujihand_msgs__rosidl_generator_c.dir/rosidl_generator_c/wujihand_msgs/msg/detail/hand_state__functions.c.o[0m
[1.588s] [ 11%] [32mBuilding C object CMakeFiles/wujihand_msgs__rosidl_generator_c.dir/rosidl_generator_c/wujihand_msgs/msg/detail/hand_state__type_support.c.o[0m
[1.588s] [ 11%] [32mBuilding C object CMakeFiles/wujihand_msgs__rosidl_generator_c.dir/rosidl_generator_c/wujihand_msgs/msg/detail/hand_command__type_support.c.o[0m
[1.588s] [ 13%] [32mBuilding C object CMakeFiles/wujihand_msgs__rosidl_generator_c.dir/rosidl_generator_c/wujihand_msgs/srv/detail/get_hand_info__type_support.c.o[0m
[1.588s] [ 15%] [32mBuilding C object CMakeFiles/wujihand_msgs__rosidl_generator_c.dir/rosidl_generator_c/wujihand_msgs/srv/detail/get_hand_info__functions.c.o[0m
[1.588s] [ 15%] [32mBuilding C object CMakeFiles/wujihand_msgs__rosidl_generator_c.dir/rosidl_generator_c/wujihand_msgs/srv/detail/set_enabled__functions.c.o[0m
[1.589s] [ 16%] [32mBuilding C object CMakeFiles/wujihand_msgs__rosidl_generator_c.dir/rosidl_generator_c/wujihand_msgs/srv/detail/set_enabled__type_support.c.o[0m
[1.589s] [ 17%] [32mBuilding C object CMakeFiles/wujihand_msgs__rosidl_generator_c.dir/rosidl_generator_c/wujihand_msgs/srv/detail/get_hand_info__description.c.o[0m
[1.590s] [ 20%] [32mBuilding C object CMakeFiles/wujihand_msgs__rosidl_generator_c.dir/rosidl_generator_c/wujihand_msgs/srv/detail/get_diagnostics__description.c.o[0m
[1.590s] [ 20%] [32mBuilding C object CMakeFiles/wujihand_msgs__rosidl_generator_c.dir/rosidl_generator_c/wujihand_msgs/srv/detail/reset_error__description.c.o[0m
[1.590s] [ 23%] [32mBuilding C object CMakeFiles/wujihand_msgs__rosidl_generator_c.dir/rosidl_generator_c/wujihand_msgs/srv/detail/get_diagnostics__type_support.c.o[0m
[1.591s] [ 23%] [32mBuilding C object CMakeFiles/wujihand_msgs__rosidl_generator_c.dir/rosidl_generator_c/wujihand_msgs/srv/detail/reset_error__type_support.c.o[0m
[1.591s] [ 23%] [32mBuilding C object CMakeFiles/wujihand_msgs__rosidl_generator_c.dir/rosidl_generator_c/wujihand_msgs/srv/detail/get_diagnostics__functions.c.o[0m
[1.591s] [ 25%] [32mBuilding C object CMakeFiles/wujihand_msgs__rosidl_generator_c.dir/rosidl_generator_c/wujihand_msgs/srv/detail/reset_error__functions.c.o[0m
[1.654s] [ 26%] [32m[1mLinking C shared library libwujihand_msgs__rosidl_generator_c.so[0m
[1.767s] [ 26%] Built target wujihand_msgs__rosidl_generator_c
[1.775s] [ 30%] [34m[1mGenerating C++ type support dispatch for ROS interfaces[0m
[1.775s] [ 30%] [34m[1mGenerating C++ introspection for ROS interfaces[0m
[1.775s] [ 30%] [34m[1mGenerating C introspection for ROS interfaces[0m
[1.775s] [ 32%] [34m[1mGenerating C type support dispatch for ROS interfaces[0m
[1.775s] [ 32%] [34m[1mGenerating C type support for eProsima Fast-RTPS[0m
[1.775s] [ 33%] [34m[1mGenerating C++ type support for eProsima Fast-RTPS[0m
[2.164s] [ 35%] [32mBuilding CXX object CMakeFiles/wujihand_msgs__rosidl_typesupport_introspection_cpp.dir/rosidl_typesupport_introspection_cpp/wujihand_msgs/srv/detail/set_enabled__type_support.cpp.o[0m
[2.164s] [ 35%] [32mBuilding CXX object CMakeFiles/wujihand_msgs__rosidl_typesupport_introspection_cpp.dir/rosidl_typesupport_introspection_cpp/wujihand_msgs/srv/detail/get_hand_info__type_support.cpp.o[0m
[2.164s] [ 38%] [32mBuilding CXX object CMakeFiles/wujihand_msgs__rosidl_typesupport_introspection_cpp.dir/rosidl_typesupport_introspection_cpp/wujihand_msgs/msg/detail/hand_state__type_support.cpp.o[0m
[2.164s] [ 39%] [32mBuilding CXX object CMakeFiles/wujihand_msgs__rosidl_typesupport_introspection_cpp.dir/rosidl_typesupport_introspection_cpp/wujihand_msgs/msg/detail/hand_command__type_support.cpp.o[0m
[2.164s] [ 39%] [32mBuilding CXX object CMakeFiles/wujihand_msgs__rosidl_typesupport_introspection_cpp.dir/rosidl_typesupport_introspection_cpp/wujihand_msgs/srv/detail/get_diagnostics__type_support.cpp.o[0m
[2.164s] [ 40%] [32mBuilding CXX object CMakeFiles/wujihand_msgs__rosidl_typesupport_introspection_cpp.dir/rosidl_typesupport_introspection_cpp/wujihand_msgs/srv/detail/reset_error__type_support.cpp.o[0m
[2.178s] [ 44%] [32mBuilding CXX object CMakeFiles/wujihand_msgs__rosidl_typesupport_cpp.dir/rosidl_typesupport_cpp/wujihand_msgs/msg/hand_command__type_support.cpp.o[0m
[2.178s] [ 44%] [32mBuilding CXX object CMakeFiles/wujihand_msgs__rosidl_typesupport_cpp.dir/rosidl_typesupport_cpp/wujihand_msgs/msg/hand_state__type_support.cpp.o[0m
[2.178s] [ 44%] [32mBuilding CXX object CMakeFiles/wujihand_msgs__rosidl_typesupport_cpp.dir/rosidl_typesupport_cpp/wujihand_msgs/srv/get_hand_info__type_support.cpp.o[0m
[2.179s] [ 46%] [32mBuilding CXX object CMakeFiles/wujihand_msgs__rosidl_typesupport_cpp.dir/rosidl_typesupport_cpp/wujihand_msgs/srv/set_enabled__type_support.cpp.o[0m
[2.179s] [ 46%] [32mBuilding CXX object CMakeFiles/wujihand_msgs__rosidl_typesupport_cpp.dir/rosidl_typesupport_cpp/wujihand_msgs/srv/get_diagnostics__type_support.cpp.o[0m
[2.180s] [ 47%] [32mBuilding CXX object CMakeFiles/wujihand_msgs__rosidl_typesupport_cpp.dir/rosidl_typesupport_cpp/wujihand_msgs/srv/reset_error__type_support.cpp.o[0m
[2.198s] [ 53%] [32mBuilding CXX object CMakeFiles/wujihand_msgs__rosidl_typesupport_c.dir/rosidl_typesupport_c/wujihand_msgs/srv/get_diagnostics__type_support.cpp.o[0m
[2.198s] [ 53%] [32mBuilding CXX object CMakeFiles/wujihand_msgs__rosidl_typesupport_c.dir/rosidl_typesupport_c/wujihand_msgs/msg/hand_state__type_support.cpp.o[0m
[2.198s] [ 53%] [32mBuilding CXX object CMakeFiles/wujihand_msgs__rosidl_typesupport_c.dir/rosidl_typesupport_c/wujihand_msgs/msg/hand_command__type_support.cpp.o[0m
[2.198s] [ 53%] [32mBuilding CXX object CMakeFiles/wujihand_msgs__rosidl_typesupport_c.dir/rosidl_typesupport_c/wujihand_msgs/srv/set_enabled__type_support.cpp.o[0m
[2.198s] [ 53%] [32mBuilding CXX object CMakeFiles/wujihand_msgs__rosidl_typesupport_c.dir/rosidl_typesupport_c/wujihand_msgs/srv/get_hand_info__type_support.cpp.o[0m
[2.198s] [ 54%] [32mBuilding CXX object CMakeFiles/wujihand_msgs__rosidl_typesupport_c.dir/rosidl_typesupport_c/wujihand_msgs/srv/reset_error__type_support.cpp.o[0m
[2.267s] [ 55%] [32m[1mLinking CXX shared library libwujihand_msgs__rosidl_typesupport_c.so[0m
[2.512s] [ 58%] [32mBuilding CXX object CMakeFiles/wujihand_msgs__rosidl_typesupport_fastrtps_cpp.dir/rosidl_typesupport_fastrtps_cpp/wujihand_msgs/msg/detail/dds_fastrtps/hand_state__type_support.cpp.o[0m
[2.513s] [ 58%] [32mBuilding CXX object CMakeFiles/wujihand_msgs__rosidl_typesupport_fastrtps_cpp.dir/rosidl_typesupport_fastrtps_cpp/wujihand_msgs/msg/detail/dds_fastrtps/hand_command__type_support.cpp.o[0m
[2.513s] [ 60%] [32mBuilding CXX object CMakeFiles/wujihand_msgs__rosidl_typesupport_fastrtps_cpp.dir/rosidl_typesupport_fastrtps_cpp/wujihand_msgs/srv/detail/dds_fastrtps/get_hand_info__type_support.cpp.o[0m
[2.513s] [ 60%] [32mBuilding CXX object CMakeFiles/wujihand_msgs__rosidl_typesupport_fastrtps_cpp.dir/rosidl_typesupport_fastrtps_cpp/wujihand_msgs/srv/detail/dds_fastrtps/set_enabled__type_support.cpp.o[0m
[2.513s] [ 61%] [32mBuilding CXX object CMakeFiles/wujihand_msgs__rosidl_typesupport_fastrtps_cpp.dir/rosidl_typesupport_fastrtps_cpp/wujihand_msgs/srv/detail/dds_fastrtps/reset_error__type_support.cpp.o[0m
[2.513s] [ 63%] [32mBuilding CXX object CMakeFiles/wujihand_msgs__rosidl_typesupport_fastrtps_cpp.dir/rosidl_typesupport_fastrtps_cpp/wujihand_msgs/srv/detail/dds_fastrtps/get_diagnostics__type_support.cpp.o[0m
[2.524s] [ 65%] [32mBuilding C object CMakeFiles/wujihand_msgs__rosidl_typesupport_introspection_c.dir/rosidl_typesupport_introspection_c/wujihand_msgs/msg/detail/hand_command__type_support.c.o[0m
[2.524s] [ 65%] [32mBuilding C object CMakeFiles/wujihand_msgs__rosidl_typesupport_introspection_c.dir/rosidl_typesupport_introspection_c/wujihand_msgs/srv/detail/set_enabled__type_support.c.o[0m
[2.525s] [ 66%] [32mBuilding C object CMakeFiles/wujihand_msgs__rosidl_typesupport_introspection_c.dir/rosidl_typesupport_introspection_c/wujihand_msgs/srv/detail/get_hand_info__type_support.c.o[0m
[2.527s] [ 67%] [32mBuilding C object CMakeFiles/wujihand_msgs__rosidl_typesupport_introspection_c.dir/rosidl_typesupport_introspection_c/wujihand_msgs/msg/detail/hand_state__type_support.c.o[0m
[2.615s] [ 69%] [32mBuilding CXX object CMakeFiles/wujihand_msgs__rosidl_typesupport_fastrtps_c.dir/rosidl_typesupport_fastrtps_c/wujihand_msgs/msg/detail/hand_state__type_support_c.cpp.o[0m
[2.622s] [ 70%] [32mBuilding C object CMakeFiles/wujihand_msgs__rosidl_typesupport_introspection_c.dir/rosidl_typesupport_introspection_c/wujihand_msgs/srv/detail/get_diagnostics__type_support.c.o[0m
[2.634s] [ 71%] [32mBuilding CXX object CMakeFiles/wujihand_msgs__rosidl_typesupport_fastrtps_c.dir/rosidl_typesupport_fastrtps_c/wujihand_msgs/msg/detail/hand_command__type_support_c.cpp.o[0m
[2.645s] [ 73%] [32mBuilding C object CMakeFiles/wujihand_msgs__rosidl_typesupport_introspection_c.dir/rosidl_typesupport_introspection_c/wujihand_msgs/srv/detail/reset_error__type_support.c.o[0m
[2.646s] [ 73%] [32mBuilding CXX object CMakeFiles/wujihand_msgs__rosidl_typesupport_fastrtps_c.dir/rosidl_typesupport_fastrtps_c/wujihand_msgs/srv/detail/set_enabled__type_support_c.cpp.o[0m
[2.742s] [ 75%] [32mBuilding CXX object CMakeFiles/wujihand_msgs__rosidl_typesupport_fastrtps_c.dir/rosidl_typesupport_fastrtps_c/wujihand_msgs/srv/detail/get_hand_info__type_support_c.cpp.o[0m
[2.760s] [ 75%] Built target wujihand_msgs__rosidl_typesupport_c
[2.770s] [ 76%] [32mBuilding CXX object CMakeFiles/wujihand_msgs__rosidl_typesupport_fastrtps_c.dir/rosidl_typesupport_fastrtps_c/wujihand_msgs/srv/detail/get_diagnostics__type_support_c.cpp.o[0m
[2.790s] [ 77%] [32mBuilding CXX object CMakeFiles/wujihand_msgs__rosidl_typesupport_fastrtps_c.dir/rosidl_typesupport_fastrtps_c/wujihand_msgs/srv/detail/reset_error__type_support_c.cpp.o[0m
[2.791s] [ 78%] [32m[1mLinking C shared library libwujihand_msgs__rosidl_typesupport_introspection_c.so[0m
[2.976s] [ 80%] [32m[1mLinking CXX shared library libwujihand_msgs__rosidl_typesupport_cpp.so[0m
[2.976s] [ 80%] [32m[1mLinking CXX shared library libwujihand_msgs__rosidl_typesupport_introspection_cpp.so[0m
[3.065s] [ 80%] Built target wujihand_msgs__rosidl_typesupport_introspection_c
[3.239s] [ 80%] Built target wujihand_msgs__rosidl_typesupport_cpp
[3.268s] [ 80%] Built target wujihand_msgs__rosidl_typesupport_introspection_cpp
[3.384s] [ 82%] [32m[1mLinking CXX shared library libwujihand_msgs__rosidl_typesupport_fastrtps_c.so[0m
[3.416s] [ 83%] [32m[1mLinking CXX shared library libwujihand_msgs__rosidl_typesupport_fastrtps_cpp.so[0m
[3.530s] [ 83%] Built target wujihand_msgs__rosidl_typesupport_fastrtps_c
[3.568s] [ 83%] Built target wujihand_msgs__rosidl_typesupport_fastrtps_cpp
[3.580s] [ 83%] Built target wujihand_msgs
[3.593s] [ 84%] [34m[1mGenerating Python code for ROS interfaces[0m
[4.282s] [ 84%] Built target wujihand_msgs__py
[4.304s] [ 90%] [32mBuilding C object CMakeFiles/wujihand_msgs__rosidl_generator_py.dir/rosidl_generator_py/wujihand_msgs/srv/_set_enabled_s.c.o[0m
[4.304s] [ 90%] [32mBuilding C object CMakeFiles/wujihand_msgs__rosidl_generator_py.dir/rosidl_generator_py/wujihand_msgs/msg/_hand_command_s.c.o[0m
[4.304s] [ 90%] [32mBuilding C object CMakeFiles/wujihand_msgs__rosidl_generator_py.dir/rosidl_generator_py/wujihand_msgs/srv/_reset_error_s.c.o[0m
[4.304s] [ 90%] [32mBuilding C object CMakeFiles/wujihand_msgs__rosidl_generator_py.dir/rosidl_generator_py/wujihand_msgs/msg/_hand_state_s.c.o[0m
[4.304s] [ 90%] [32mBuilding C object CMakeFiles/wujihand_msgs__rosidl_generator_py.dir/rosidl_generator_py/wujihand_msgs/srv/_get_diagnostics_s.c.o[0m
[4.304s] [ 91%] [32mBuilding C object CMakeFiles/wujihand_msgs__rosidl_generator_py.dir/rosidl_generator_py/wujihand_msgs/srv/_get_hand_info_s.c.o[0m
[4.406s] [ 92%] [32m[1mLinking C shared library libwujihand_msgs__rosidl_generator_py.so[0m
[4.519s] [ 92%] Built target wujihand_msgs__rosidl_generator_py
[4.536s] [ 96%] [32mBuilding C object CMakeFiles/wujihand_msgs_s__rosidl_typesupport_c.dir/rosidl_generator_py/wujihand_msgs/_wujihand_msgs_s.ep.rosidl_typesupport_c.c.o[0m
[4.536s] [ 96%] [32mBuilding C object CMakeFiles/wujihand_msgs_s__rosidl_typesupport_introspection_c.dir/rosidl_generator_py/wujihand_msgs/_wujihand_msgs_s.ep.rosidl_typesupport_introspection_c.c.o[0m
[4.536s] [ 96%] [32mBuilding C object CMakeFiles/wujihand_msgs_s__rosidl_typesupport_fastrtps_c.dir/rosidl_generator_py/wujihand_msgs/_wujihand_msgs_s.ep.rosidl_typesupport_fastrtps_c.c.o[0m
[4.618s] [ 97%] [32m[1mLinking C shared module rosidl_generator_py/wujihand_msgs/wujihand_msgs_s__rosidl_typesupport_c.so[0m
[4.619s] [ 98%] [32m[1mLinking C shared module rosidl_generator_py/wujihand_msgs/wujihand_msgs_s__rosidl_typesupport_introspection_c.so[0m
[4.620s] [100%] [32m[1mLinking C shared module rosidl_generator_py/wujihand_msgs/wujihand_msgs_s__rosidl_typesupport_fastrtps_c.so[0m
[4.699s] [100%] Built target wujihand_msgs_s__rosidl_typesupport_introspection_c
[4.700s] [100%] Built target wujihand_msgs_s__rosidl_typesupport_c
[4.700s] [100%] Built target wujihand_msgs_s__rosidl_typesupport_fastrtps_c
[4.709s] Invoked command in '/home/wuji/wujihand/wujihand-ros2/wujihand_ws/build/wujihand_msgs' returned '0': CMAKE_PREFIX_PATH=${CMAKE_PREFIX_PATH}:/opt/ros/kilted /usr/bin/cmake --build /home/wuji/wujihand/wujihand-ros2/wujihand_ws/build/wujihand_msgs -- -j24 -l24
[4.716s] Invoking command in '/home/wuji/wujihand/wujihand-ros2/wujihand_ws/build/wujihand_msgs': CMAKE_PREFIX_PATH=${CMAKE_PREFIX_PATH}:/opt/ros/kilted /usr/bin/cmake --install /home/wuji/wujihand/wujihand-ros2/wujihand_ws/build/wujihand_msgs
[4.722s] -- Install configuration: ""
[4.722s] -- Installing: /home/wuji/wujihand/wujihand-ros2/wujihand_ws/install/wujihand_msgs/share/ament_index/resource_index/rosidl_interfaces/wujihand_msgs
[4.722s] -- Installing: /home/wuji/wujihand/wujihand-ros2/wujihand_ws/install/wujihand_msgs/share/wujihand_msgs/msg/HandState.json
[4.723s] -- Installing: /home/wuji/wujihand/wujihand-ros2/wujihand_ws/install/wujihand_msgs/share/wujihand_msgs/msg/HandCommand.json
[4.723s] -- Installing: /home/wuji/wujihand/wujihand-ros2/wujihand_ws/install/wujihand_msgs/share/wujihand_msgs/srv/SetEnabled.json
[4.723s] -- Installing: /home/wuji/wujihand/wujihand-ros2/wujihand_ws/install/wujihand_msgs/share/wujihand_msgs/srv/GetHandInfo.json
[4.723s] -- Installing: /home/wuji/wujihand/wujihand-ros2/wujihand_ws/install/wujihand_msgs/share/wujihand_msgs/srv/GetDiagnostics.json
[4.723s] -- Installing: /home/wuji/wujihand/wujihand-ros2/wujihand_ws/install/wujihand_msgs/share/wujihand_msgs/srv/ResetError.json
[4.723s] -- Up-to-date: /home/wuji/wujihand/wujihand-ros2/wujihand_ws/install/wujihand_msgs/include/wujihand_msgs/wujihand_msgs
[4.724s] -- Up-to-date: /home/wuji/wujihand/wujihand-ros2/wujihand_ws/install/wujihand_msgs/include/wujihand_msgs/wujihand_msgs/msg
[4.724s] -- Up-to-date: /home/wuji/wujihand/wujihand-ros2/wujihand_ws/install/wujihand_msgs/include/wujihand_msgs/wujihand_msgs/msg/rosidl_generator_c__visibility_control.h
[4.724s] -- Installing: /home/wuji/wujihand/wujihand-ros2/wujihand_ws/install/wujihand_msgs/include/wujihand_msgs/wujihand_msgs/msg/hand_state.h
[4.724s] -- Up-to-date: /home/wuji/wujihand/wujihand-ros2/wujihand_ws/install/wujihand_msgs/include/wujihand_msgs/wujihand_msgs/msg/detail
[4.724s] -- Installing: /home/wuji/wujihand/wujihand-ros2/wujihand_ws/install/wujihand_msgs/include/wujihand_msgs/wujihand_msgs/msg/detail/hand_state__struct.h
[4.724s] -- Installing: /home/wuji/wujihand/wujihand-ros2/wujihand_ws/install/wujihand_msgs/include/wujihand_msgs/wujihand_msgs/msg/detail/hand_state__type_support.h
[4.724s] -- Installing: /home/wuji/wujihand/wujihand-ros2/wujihand_ws/install/wujihand_msgs/include/wujihand_msgs/wujihand_msgs/msg/detail/hand_state__description.c
[4.724s] -- Installing: /home/wuji/wujihand/wujihand-ros2/wujihand_ws/install/wujihand_msgs/include/wujihand_msgs/wujihand_msgs/msg/detail/hand_state__type_support.c
[4.724s] -- Installing: /home/wuji/wujihand/wujihand-ros2/wujihand_ws/install/wujihand_msgs/include/wujihand_msgs/wujihand_msgs/msg/detail/hand_command__struct.h
[4.724s] -- Installing: /home/wuji/wujihand/wujihand-ros2/wujihand_ws/install/wujihand_msgs/include/wujihand_msgs/wujihand_msgs/msg/detail/hand_state__functions.h
[4.725s] -- Installing: /home/wuji/wujihand/wujihand-ros2/wujihand_ws/install/wujihand_msgs/include/wujihand_msgs/wujihand_msgs/msg/detail/hand_command__description.c
[4.725s] -- Installing: /home/wuji/wujihand/wujihand-ros2/wujihand_ws/install/wujihand_msgs/include/wujihand_msgs/wujihand_msgs/msg/detail/hand_command__functions.h
[4.725s] -- Installing: /home/wuji/wujihand/wujihand-ros2/wujihand_ws/install/wujihand_msgs/include/wujihand_msgs/wujihand_msgs/msg/detail/hand_command__type_support.h
[4.726s] -- Installing: /home/wuji/wujihand/wujihand-ros2/wujihand_ws/install/wujihand_msgs/include/wujihand_msgs/wujihand_msgs/msg/detail/hand_command__functions.c
[4.726s] -- Installing: /home/wuji/wujihand/wujihand-ros2/wujihand_ws/install/wujihand_msgs/include/wujihand_msgs/wujihand_msgs/msg/detail/hand_command__type_support.c
[4.726s] -- Installing: /home/wuji/wujihand/wujihand-ros2/wujihand_ws/install/wujihand_msgs/include/wujihand_msgs/wujihand_msgs/msg/detail/hand_state__functions.c
[4.726s] -- Installing: /home/wuji/wujihand/wujihand-ros2/wujihand_ws/install/wujihand_msgs/include/wujihand_msgs/wujihand_msgs/msg/hand_command.h
[4.727s] -- Up-to-date: /home/wuji/wujihand/wujihand-ros2/wujihand_ws/install/wujihand_msgs/include/wujihand_msgs/wujihand_msgs/srv
[4.727s] -- Installing: /home/wuji/wujihand/wujihand-ros2/wujihand_ws/install/wujihand_msgs/include/wujihand_msgs/wujihand_msgs/srv/get_diagnostics.h
[4.727s] -- Installing: /home/wuji/wujihand/wujihand-ros2/wujihand_ws/install/wujihand_msgs/include/wujihand_msgs/wujihand_msgs/srv/reset_error.h
[4.727s] -- Up-to-date: /home/wuji/wujihand/wujihand-ros2/wujihand_ws/install/wujihand_msgs/include/wujihand_msgs/wujihand_msgs/srv/detail
[4.727s] -- Installing: /home/wuji/wujihand/wujihand-ros2/wujihand_ws/install/wujihand_msgs/include/wujihand_msgs/wujihand_msgs/srv/detail/set_enabled__functions.c
[4.727s] -- Installing: /home/wuji/wujihand/wujihand-ros2/wujihand_ws/install/wujihand_msgs/include/wujihand_msgs/wujihand_msgs/srv/detail/get_hand_info__type_support.h
[4.727s] -- Installing: /home/wuji/wujihand/wujihand-ros2/wujihand_ws/install/wujihand_msgs/include/wujihand_msgs/wujihand_msgs/srv/detail/get_diagnostics__functions.h
[4.727s] -- Installing: /home/wuji/wujihand/wujihand-ros2/wujihand_ws/install/wujihand_msgs/include/wujihand_msgs/wujihand_msgs/srv/detail/get_hand_info__functions.h
[4.728s] -- Installing: /home/wuji/wujihand/wujihand-ros2/wujihand_ws/install/wujihand_msgs/include/wujihand_msgs/wujihand_msgs/srv/detail/set_enabled__type_support.c
[4.728s] -- Installing: /home/wuji/wujihand/wujihand-ros2/wujihand_ws/install/wujihand_msgs/include/wujihand_msgs/wujihand_msgs/srv/detail/reset_error__type_support.c
[4.728s] -- Installing: /home/wuji/wujihand/wujihand-ros2/wujihand_ws/install/wujihand_msgs/include/wujihand_msgs/wujihand_msgs/srv/detail/reset_error__type_support.h
[4.728s] -- Installing: /home/wuji/wujihand/wujihand-ros2/wujihand_ws/install/wujihand_msgs/include/wujihand_msgs/wujihand_msgs/srv/detail/get_diagnostics__struct.h
[4.728s] -- Installing: /home/wuji/wujihand/wujihand-ros2/wujihand_ws/install/wujihand_msgs/include/wujihand_msgs/wujihand_msgs/srv/detail/set_enabled__description.c
[4.728s] -- Installing: /home/wuji/wujihand/wujihand-ros2/wujihand_ws/install/wujihand_msgs/include/wujihand_msgs/wujihand_msgs/srv/detail/get_diagnostics__type_support.h
[4.728s] -- Installing: /home/wuji/wujihand/wujihand-ros2/wujihand_ws/install/wujihand_msgs/include/wujihand_msgs/wujihand_msgs/srv/detail/reset_error__description.c
[4.729s] -- Installing: /home/wuji/wujihand/wujihand-ros2/wujihand_ws/install/wujihand_msgs/include/wujihand_msgs/wujihand_msgs/srv/detail/reset_error__struct.h
[4.729s] -- Installing: /home/wuji/wujihand/wujihand-ros2/wujihand_ws/install/wujihand_msgs/include/wujihand_msgs/wujihand_msgs/srv/detail/get_diagnostics__functions.c
[4.729s] -- Installing: /home/wuji/wujihand/wujihand-ros2/wujihand_ws/install/wujihand_msgs/include/wujihand_msgs/wujihand_msgs/srv/detail/get_diagnostics__description.c
[4.729s] -- Installing: /home/wuji/wujihand/wujihand-ros2/wujihand_ws/install/wujihand_msgs/include/wujihand_msgs/wujihand_msgs/srv/detail/get_hand_info__struct.h
[4.729s] -- Installing: /home/wuji/wujihand/wujihand-ros2/wujihand_ws/install/wujihand_msgs/include/wujihand_msgs/wujihand_msgs/srv/detail/reset_error__functions.h
[4.729s] -- Installing: /home/wuji/wujihand/wujihand-ros2/wujihand_ws/install/wujihand_msgs/include/wujihand_msgs/wujihand_msgs/srv/detail/set_enabled__type_support.h
[4.729s] -- Installing: /home/wuji/wujihand/wujihand-ros2/wujihand_ws/install/wujihand_msgs/include/wujihand_msgs/wujihand_msgs/srv/detail/get_hand_info__functions.c
[4.730s] -- Installing: /home/wuji/wujihand/wujihand-ros2/wujihand_ws/install/wujihand_msgs/include/wujihand_msgs/wujihand_msgs/srv/detail/get_hand_info__type_support.c
[4.730s] -- Installing: /home/wuji/wujihand/wujihand-ros2/wujihand_ws/install/wujihand_msgs/include/wujihand_msgs/wujihand_msgs/srv/detail/get_diagnostics__type_support.c
[4.730s] -- Installing: /home/wuji/wujihand/wujihand-ros2/wujihand_ws/install/wujihand_msgs/include/wujihand_msgs/wujihand_msgs/srv/detail/set_enabled__functions.h
[4.730s] -- Installing: /home/wuji/wujihand/wujihand-ros2/wujihand_ws/install/wujihand_msgs/include/wujihand_msgs/wujihand_msgs/srv/detail/reset_error__functions.c
[4.730s] -- Installing: /home/wuji/wujihand/wujihand-ros2/wujihand_ws/install/wujihand_msgs/include/wujihand_msgs/wujihand_msgs/srv/detail/get_hand_info__description.c
[4.731s] -- Installing: /home/wuji/wujihand/wujihand-ros2/wujihand_ws/install/wujihand_msgs/include/wujihand_msgs/wujihand_msgs/srv/detail/set_enabled__struct.h
[4.731s] -- Installing: /home/wuji/wujihand/wujihand-ros2/wujihand_ws/install/wujihand_msgs/include/wujihand_msgs/wujihand_msgs/srv/get_hand_info.h
[4.731s] -- Installing: /home/wuji/wujihand/wujihand-ros2/wujihand_ws/install/wujihand_msgs/include/wujihand_msgs/wujihand_msgs/srv/set_enabled.h
[4.732s] -- Up-to-date: /home/wuji/wujihand/wujihand-ros2/wujihand_ws/install/wujihand_msgs/share/wujihand_msgs/environment/library_path.sh
[4.732s] -- Up-to-date: /home/wuji/wujihand/wujihand-ros2/wujihand_ws/install/wujihand_msgs/share/wujihand_msgs/environment/library_path.dsv
[4.732s] -- Installing: /home/wuji/wujihand/wujihand-ros2/wujihand_ws/install/wujihand_msgs/lib/libwujihand_msgs__rosidl_generator_c.so
[4.733s] -- Set non-toolchain portion of runtime path of "/home/wuji/wujihand/wujihand-ros2/wujihand_ws/install/wujihand_msgs/lib/libwujihand_msgs__rosidl_generator_c.so" to ""
[4.733s] -- Up-to-date: /home/wuji/wujihand/wujihand-ros2/wujihand_ws/install/wujihand_msgs/include/wujihand_msgs/wujihand_msgs
[4.733s] -- Up-to-date: /home/wuji/wujihand/wujihand-ros2/wujihand_ws/install/wujihand_msgs/include/wujihand_msgs/wujihand_msgs/msg
[4.733s] -- Up-to-date: /home/wuji/wujihand/wujihand-ros2/wujihand_ws/install/wujihand_msgs/include/wujihand_msgs/wujihand_msgs/msg/detail
[4.733s] -- Installing: /home/wuji/wujihand/wujihand-ros2/wujihand_ws/install/wujihand_msgs/include/wujihand_msgs/wujihand_msgs/msg/detail/hand_command__rosidl_typesupport_fastrtps_c.h
[4.733s] -- Installing: /home/wuji/wujihand/wujihand-ros2/wujihand_ws/install/wujihand_msgs/include/wujihand_msgs/wujihand_msgs/msg/detail/hand_state__rosidl_typesupport_fastrtps_c.h
[4.733s] -- Up-to-date: /home/wuji/wujihand/wujihand-ros2/wujihand_ws/install/wujihand_msgs/include/wujihand_msgs/wujihand_msgs/msg/rosidl_typesupport_fastrtps_c__visibility_control.h
[4.733s] -- Up-to-date: /home/wuji/wujihand/wujihand-ros2/wujihand_ws/install/wujihand_msgs/include/wujihand_msgs/wujihand_msgs/srv
[4.733s] -- Up-to-date: /home/wuji/wujihand/wujihand-ros2/wujihand_ws/install/wujihand_msgs/include/wujihand_msgs/wujihand_msgs/srv/detail
[4.734s] -- Installing: /home/wuji/wujihand/wujihand-ros2/wujihand_ws/install/wujihand_msgs/include/wujihand_msgs/wujihand_msgs/srv/detail/get_hand_info__rosidl_typesupport_fastrtps_c.h
[4.734s] -- Installing: /home/wuji/wujihand/wujihand-ros2/wujihand_ws/install/wujihand_msgs/include/wujihand_msgs/wujihand_msgs/srv/detail/set_enabled__rosidl_typesupport_fastrtps_c.h
[4.734s] -- Installing: /home/wuji/wujihand/wujihand-ros2/wujihand_ws/install/wujihand_msgs/include/wujihand_msgs/wujihand_msgs/srv/detail/get_diagnostics__rosidl_typesupport_fastrtps_c.h
[4.734s] -- Installing: /home/wuji/wujihand/wujihand-ros2/wujihand_ws/install/wujihand_msgs/include/wujihand_msgs/wujihand_msgs/srv/detail/reset_error__rosidl_typesupport_fastrtps_c.h
[4.734s] -- Installing: /home/wuji/wujihand/wujihand-ros2/wujihand_ws/install/wujihand_msgs/lib/libwujihand_msgs__rosidl_typesupport_fastrtps_c.so
[4.734s] -- Set non-toolchain portion of runtime path of "/home/wuji/wujihand/wujihand-ros2/wujihand_ws/install/wujihand_msgs/lib/libwujihand_msgs__rosidl_typesupport_fastrtps_c.so" to ""
[4.735s] -- Up-to-date: /home/wuji/wujihand/wujihand-ros2/wujihand_ws/install/wujihand_msgs/include/wujihand_msgs/wujihand_msgs
[4.735s] -- Up-to-date: /home/wuji/wujihand/wujihand-ros2/wujihand_ws/install/wujihand_msgs/include/wujihand_msgs/wujihand_msgs/msg
[4.735s] -- Up-to-date: /home/wuji/wujihand/wujihand-ros2/wujihand_ws/install/wujihand_msgs/include/wujihand_msgs/wujihand_msgs/msg/rosidl_typesupport_introspection_c__visibility_control.h
[4.735s] -- Up-to-date: /home/wuji/wujihand/wujihand-ros2/wujihand_ws/install/wujihand_msgs/include/wujihand_msgs/wujihand_msgs/msg/detail
[4.735s] -- Installing: /home/wuji/wujihand/wujihand-ros2/wujihand_ws/install/wujihand_msgs/include/wujihand_msgs/wujihand_msgs/msg/detail/hand_state__type_support.c
[4.735s] -- Installing: /home/wuji/wujihand/wujihand-ros2/wujihand_ws/install/wujihand_msgs/include/wujihand_msgs/wujihand_msgs/msg/detail/hand_state__rosidl_typesupport_introspection_c.h
[4.735s] -- Installing: /home/wuji/wujihand/wujihand-ros2/wujihand_ws/install/wujihand_msgs/include/wujihand_msgs/wujihand_msgs/msg/detail/hand_command__rosidl_typesupport_introspection_c.h
[4.735s] -- Installing: /home/wuji/wujihand/wujihand-ros2/wujihand_ws/install/wujihand_msgs/include/wujihand_msgs/wujihand_msgs/msg/detail/hand_command__type_support.c
[4.735s] -- Up-to-date: /home/wuji/wujihand/wujihand-ros2/wujihand_ws/install/wujihand_msgs/include/wujihand_msgs/wujihand_msgs/srv
[4.735s] -- Up-to-date: /home/wuji/wujihand/wujihand-ros2/wujihand_ws/install/wujihand_msgs/include/wujihand_msgs/wujihand_msgs/srv/detail
[4.735s] -- Up-to-date: /home/wuji/wujihand/wujihand-ros2/wujihand_ws/install/wujihand_msgs/include/wujihand_msgs/wujihand_msgs/srv/detail/set_enabled__type_support.c
[4.736s] -- Installing: /home/wuji/wujihand/wujihand-ros2/wujihand_ws/install/wujihand_msgs/include/wujihand_msgs/wujihand_msgs/srv/detail/reset_error__type_support.c
[4.736s] -- Installing: /home/wuji/wujihand/wujihand-ros2/wujihand_ws/install/wujihand_msgs/include/wujihand_msgs/wujihand_msgs/srv/detail/get_hand_info__type_support.c
[4.736s] -- Installing: /home/wuji/wujihand/wujihand-ros2/wujihand_ws/install/wujihand_msgs/include/wujihand_msgs/wujihand_msgs/srv/detail/reset_error__rosidl_typesupport_introspection_c.h
[4.736s] -- Installing: /home/wuji/wujihand/wujihand-ros2/wujihand_ws/install/wujihand_msgs/include/wujihand_msgs/wujihand_msgs/srv/detail/get_diagnostics__type_support.c
[4.736s] -- Installing: /home/wuji/wujihand/wujihand-ros2/wujihand_ws/install/wujihand_msgs/include/wujihand_msgs/wujihand_msgs/srv/detail/set_enabled__rosidl_typesupport_introspection_c.h
[4.736s] -- Installing: /home/wuji/wujihand/wujihand-ros2/wujihand_ws/install/wujihand_msgs/include/wujihand_msgs/wujihand_msgs/srv/detail/get_diagnostics__rosidl_typesupport_introspection_c.h
[4.736s] -- Installing: /home/wuji/wujihand/wujihand-ros2/wujihand_ws/install/wujihand_msgs/include/wujihand_msgs/wujihand_msgs/srv/detail/get_hand_info__rosidl_typesupport_introspection_c.h
[4.736s] -- Installing: /home/wuji/wujihand/wujihand-ros2/wujihand_ws/install/wujihand_msgs/lib/libwujihand_msgs__rosidl_typesupport_introspection_c.so
[4.736s] -- Set non-toolchain portion of runtime path of "/home/wuji/wujihand/wujihand-ros2/wujihand_ws/install/wujihand_msgs/lib/libwujihand_msgs__rosidl_typesupport_introspection_c.so" to ""
[4.736s] -- Installing: /home/wuji/wujihand/wujihand-ros2/wujihand_ws/install/wujihand_msgs/lib/libwujihand_msgs__rosidl_typesupport_c.so
[4.737s] -- Set non-toolchain portion of runtime path of "/home/wuji/wujihand/wujihand-ros2/wujihand_ws/install/wujihand_msgs/lib/libwujihand_msgs__rosidl_typesupport_c.so" to ""
[4.737s] -- Up-to-date: /home/wuji/wujihand/wujihand-ros2/wujihand_ws/install/wujihand_msgs/include/wujihand_msgs/wujihand_msgs
[4.737s] -- Up-to-date: /home/wuji/wujihand/wujihand-ros2/wujihand_ws/install/wujihand_msgs/include/wujihand_msgs/wujihand_msgs/msg
[4.737s] -- Installing: /home/wuji/wujihand/wujihand-ros2/wujihand_ws/install/wujihand_msgs/include/wujihand_msgs/wujihand_msgs/msg/hand_state.hpp
[4.737s] -- Installing: /home/wuji/wujihand/wujihand-ros2/wujihand_ws/install/wujihand_msgs/include/wujihand_msgs/wujihand_msgs/msg/rosidl_generator_cpp__visibility_control.hpp
[4.737s] -- Up-to-date: /home/wuji/wujihand/wujihand-ros2/wujihand_ws/install/wujihand_msgs/include/wujihand_msgs/wujihand_msgs/msg/detail
[4.737s] -- Installing: /home/wuji/wujihand/wujihand-ros2/wujihand_ws/install/wujihand_msgs/include/wujihand_msgs/wujihand_msgs/msg/detail/hand_command__builder.hpp
[4.737s] -- Installing: /home/wuji/wujihand/wujihand-ros2/wujihand_ws/install/wujihand_msgs/include/wujihand_msgs/wujihand_msgs/msg/detail/hand_state__traits.hpp
[4.738s] -- Installing: /home/wuji/wujihand/wujihand-ros2/wujihand_ws/install/wujihand_msgs/include/wujihand_msgs/wujihand_msgs/msg/detail/hand_state__builder.hpp
[4.738s] -- Installing: /home/wuji/wujihand/wujihand-ros2/wujihand_ws/install/wujihand_msgs/include/wujihand_msgs/wujihand_msgs/msg/detail/hand_state__struct.hpp
[4.738s] -- Installing: /home/wuji/wujihand/wujihand-ros2/wujihand_ws/install/wujihand_msgs/include/wujihand_msgs/wujihand_msgs/msg/detail/hand_command__type_support.hpp
[4.738s] -- Installing: /home/wuji/wujihand/wujihand-ros2/wujihand_ws/install/wujihand_msgs/include/wujihand_msgs/wujihand_msgs/msg/detail/hand_command__struct.hpp
[4.738s] -- Installing: /home/wuji/wujihand/wujihand-ros2/wujihand_ws/install/wujihand_msgs/include/wujihand_msgs/wujihand_msgs/msg/detail/hand_state__type_support.hpp
[4.738s] -- Installing: /home/wuji/wujihand/wujihand-ros2/wujihand_ws/install/wujihand_msgs/include/wujihand_msgs/wujihand_msgs/msg/detail/hand_command__traits.hpp
[4.738s] -- Installing: /home/wuji/wujihand/wujihand-ros2/wujihand_ws/install/wujihand_msgs/include/wujihand_msgs/wujihand_msgs/msg/hand_command.hpp
[4.738s] -- Up-to-date: /home/wuji/wujihand/wujihand-ros2/wujihand_ws/install/wujihand_msgs/include/wujihand_msgs/wujihand_msgs/srv
[4.738s] -- Installing: /home/wuji/wujihand/wujihand-ros2/wujihand_ws/install/wujihand_msgs/include/wujihand_msgs/wujihand_msgs/srv/reset_error.hpp
[4.738s] -- Installing: /home/wuji/wujihand/wujihand-ros2/wujihand_ws/install/wujihand_msgs/include/wujihand_msgs/wujihand_msgs/srv/get_diagnostics.hpp
[4.738s] -- Installing: /home/wuji/wujihand/wujihand-ros2/wujihand_ws/install/wujihand_msgs/include/wujihand_msgs/wujihand_msgs/srv/set_enabled.hpp
[4.738s] -- Up-to-date: /home/wuji/wujihand/wujihand-ros2/wujihand_ws/install/wujihand_msgs/include/wujihand_msgs/wujihand_msgs/srv/detail
[4.738s] -- Installing: /home/wuji/wujihand/wujihand-ros2/wujihand_ws/install/wujihand_msgs/include/wujihand_msgs/wujihand_msgs/srv/detail/get_diagnostics__traits.hpp
[4.738s] -- Installing: /home/wuji/wujihand/wujihand-ros2/wujihand_ws/install/wujihand_msgs/include/wujihand_msgs/wujihand_msgs/srv/detail/get_hand_info__traits.hpp
[4.739s] -- Installing: /home/wuji/wujihand/wujihand-ros2/wujihand_ws/install/wujihand_msgs/include/wujihand_msgs/wujihand_msgs/srv/detail/reset_error__traits.hpp
[4.739s] -- Installing: /home/wuji/wujihand/wujihand-ros2/wujihand_ws/install/wujihand_msgs/include/wujihand_msgs/wujihand_msgs/srv/detail/set_enabled__builder.hpp
[4.739s] -- Installing: /home/wuji/wujihand/wujihand-ros2/wujihand_ws/install/wujihand_msgs/include/wujihand_msgs/wujihand_msgs/srv/detail/get_diagnostics__type_support.hpp
[4.739s] -- Installing: /home/wuji/wujihand/wujihand-ros2/wujihand_ws/install/wujihand_msgs/include/wujihand_msgs/wujihand_msgs/srv/detail/reset_error__struct.hpp
[4.739s] -- Installing: /home/wuji/wujihand/wujihand-ros2/wujihand_ws/install/wujihand_msgs/include/wujihand_msgs/wujihand_msgs/srv/detail/set_enabled__type_support.hpp
[4.739s] -- Installing: /home/wuji/wujihand/wujihand-ros2/wujihand_ws/install/wujihand_msgs/include/wujihand_msgs/wujihand_msgs/srv/detail/get_hand_info__builder.hpp
[4.739s] -- Installing: /home/wuji/wujihand/wujihand-ros2/wujihand_ws/install/wujihand_msgs/include/wujihand_msgs/wujihand_msgs/srv/detail/set_enabled__struct.hpp
[4.739s] -- Installing: /home/wuji/wujihand/wujihand-ros2/wujihand_ws/install/wujihand_msgs/include/wujihand_msgs/wujihand_msgs/srv/detail/get_diagnostics__builder.hpp
[4.740s] -- Installing: /home/wuji/wujihand/wujihand-ros2/wujihand_ws/install/wujihand_msgs/include/wujihand_msgs/wujihand_msgs/srv/detail/reset_error__type_support.hpp
[4.740s] -- Installing: /home/wuji/wujihand/wujihand-ros2/wujihand_ws/install/wujihand_msgs/include/wujihand_msgs/wujihand_msgs/srv/detail/reset_error__builder.hpp
[4.740s] -- Installing: /home/wuji/wujihand/wujihand-ros2/wujihand_ws/install/wujihand_msgs/include/wujihand_msgs/wujihand_msgs/srv/detail/get_hand_info__type_support.hpp
[4.740s] -- Installing: /home/wuji/wujihand/wujihand-ros2/wujihand_ws/install/wujihand_msgs/include/wujihand_msgs/wujihand_msgs/srv/detail/set_enabled__traits.hpp
[4.740s] -- Installing: /home/wuji/wujihand/wujihand-ros2/wujihand_ws/install/wujihand_msgs/include/wujihand_msgs/wujihand_msgs/srv/detail/get_diagnostics__struct.hpp
[4.740s] -- Installing: /home/wuji/wujihand/wujihand-ros2/wujihand_ws/install/wujihand_msgs/include/wujihand_msgs/wujihand_msgs/srv/detail/get_hand_info__struct.hpp
[4.740s] -- Installing: /home/wuji/wujihand/wujihand-ros2/wujihand_ws/install/wujihand_msgs/include/wujihand_msgs/wujihand_msgs/srv/get_hand_info.hpp
[4.740s] -- Up-to-date: /home/wuji/wujihand/wujihand-ros2/wujihand_ws/install/wujihand_msgs/include/wujihand_msgs/wujihand_msgs
[4.740s] -- Up-to-date: /home/wuji/wujihand/wujihand-ros2/wujihand_ws/install/wujihand_msgs/include/wujihand_msgs/wujihand_msgs/msg
[4.740s] -- Up-to-date: /home/wuji/wujihand/wujihand-ros2/wujihand_ws/install/wujihand_msgs/include/wujihand_msgs/wujihand_msgs/msg/detail
[4.741s] -- Installing: /home/wuji/wujihand/wujihand-ros2/wujihand_ws/install/wujihand_msgs/include/wujihand_msgs/wujihand_msgs/msg/detail/hand_command__rosidl_typesupport_fastrtps_cpp.hpp
[4.741s] -- Installing: /home/wuji/wujihand/wujihand-ros2/wujihand_ws/install/wujihand_msgs/include/wujihand_msgs/wujihand_msgs/msg/detail/hand_state__rosidl_typesupport_fastrtps_cpp.hpp
[4.741s] -- Up-to-date: /home/wuji/wujihand/wujihand-ros2/wujihand_ws/install/wujihand_msgs/include/wujihand_msgs/wujihand_msgs/msg/detail/dds_fastrtps
[4.741s] -- Up-to-date: /home/wuji/wujihand/wujihand-ros2/wujihand_ws/install/wujihand_msgs/include/wujihand_msgs/wujihand_msgs/msg/rosidl_typesupport_fastrtps_cpp__visibility_control.h
[4.741s] -- Up-to-date: /home/wuji/wujihand/wujihand-ros2/wujihand_ws/install/wujihand_msgs/include/wujihand_msgs/wujihand_msgs/srv
[4.741s] -- Up-to-date: /home/wuji/wujihand/wujihand-ros2/wujihand_ws/install/wujihand_msgs/include/wujihand_msgs/wujihand_msgs/srv/detail
[4.741s] -- Installing: /home/wuji/wujihand/wujihand-ros2/wujihand_ws/install/wujihand_msgs/include/wujihand_msgs/wujihand_msgs/srv/detail/get_diagnostics__rosidl_typesupport_fastrtps_cpp.hpp
[4.742s] -- Installing: /home/wuji/wujihand/wujihand-ros2/wujihand_ws/install/wujihand_msgs/include/wujihand_msgs/wujihand_msgs/srv/detail/get_hand_info__rosidl_typesupport_fastrtps_cpp.hpp
[4.742s] -- Installing: /home/wuji/wujihand/wujihand-ros2/wujihand_ws/install/wujihand_msgs/include/wujihand_msgs/wujihand_msgs/srv/detail/reset_error__rosidl_typesupport_fastrtps_cpp.hpp
[4.742s] -- Up-to-date: /home/wuji/wujihand/wujihand-ros2/wujihand_ws/install/wujihand_msgs/include/wujihand_msgs/wujihand_msgs/srv/detail/dds_fastrtps
[4.742s] -- Installing: /home/wuji/wujihand/wujihand-ros2/wujihand_ws/install/wujihand_msgs/include/wujihand_msgs/wujihand_msgs/srv/detail/set_enabled__rosidl_typesupport_fastrtps_cpp.hpp
[4.742s] -- Installing: /home/wuji/wujihand/wujihand-ros2/wujihand_ws/install/wujihand_msgs/lib/libwujihand_msgs__rosidl_typesupport_fastrtps_cpp.so
[4.743s] -- Set non-toolchain portion of runtime path of "/home/wuji/wujihand/wujihand-ros2/wujihand_ws/install/wujihand_msgs/lib/libwujihand_msgs__rosidl_typesupport_fastrtps_cpp.so" to ""
[4.743s] -- Up-to-date: /home/wuji/wujihand/wujihand-ros2/wujihand_ws/install/wujihand_msgs/include/wujihand_msgs/wujihand_msgs
[4.743s] -- Up-to-date: /home/wuji/wujihand/wujihand-ros2/wujihand_ws/install/wujihand_msgs/include/wujihand_msgs/wujihand_msgs/msg
[4.743s] -- Up-to-date: /home/wuji/wujihand/wujihand-ros2/wujihand_ws/install/wujihand_msgs/include/wujihand_msgs/wujihand_msgs/msg/detail
[4.743s] -- Installing: /home/wuji/wujihand/wujihand-ros2/wujihand_ws/install/wujihand_msgs/include/wujihand_msgs/wujihand_msgs/msg/detail/hand_state__rosidl_typesupport_introspection_cpp.hpp
[4.743s] -- Installing: /home/wuji/wujihand/wujihand-ros2/wujihand_ws/install/wujihand_msgs/include/wujihand_msgs/wujihand_msgs/msg/detail/hand_command__rosidl_typesupport_introspection_cpp.hpp
[4.743s] -- Installing: /home/wuji/wujihand/wujihand-ros2/wujihand_ws/install/wujihand_msgs/include/wujihand_msgs/wujihand_msgs/msg/detail/hand_state__type_support.cpp
[4.743s] -- Installing: /home/wuji/wujihand/wujihand-ros2/wujihand_ws/install/wujihand_msgs/include/wujihand_msgs/wujihand_msgs/msg/detail/hand_command__type_support.cpp
[4.744s] -- Up-to-date: /home/wuji/wujihand/wujihand-ros2/wujihand_ws/install/wujihand_msgs/include/wujihand_msgs/wujihand_msgs/srv
[4.744s] -- Up-to-date: /home/wuji/wujihand/wujihand-ros2/wujihand_ws/install/wujihand_msgs/include/wujihand_msgs/wujihand_msgs/srv/detail
[4.744s] -- Installing: /home/wuji/wujihand/wujihand-ros2/wujihand_ws/install/wujihand_msgs/include/wujihand_msgs/wujihand_msgs/srv/detail/get_hand_info__rosidl_typesupport_introspection_cpp.hpp
[4.744s] -- Installing: /home/wuji/wujihand/wujihand-ros2/wujihand_ws/install/wujihand_msgs/include/wujihand_msgs/wujihand_msgs/srv/detail/get_diagnostics__type_support.cpp
[4.744s] -- Installing: /home/wuji/wujihand/wujihand-ros2/wujihand_ws/install/wujihand_msgs/include/wujihand_msgs/wujihand_msgs/srv/detail/set_enabled__type_support.cpp
[4.744s] -- Installing: /home/wuji/wujihand/wujihand-ros2/wujihand_ws/install/wujihand_msgs/include/wujihand_msgs/wujihand_msgs/srv/detail/reset_error__rosidl_typesupport_introspection_cpp.hpp
[4.744s] -- Installing: /home/wuji/wujihand/wujihand-ros2/wujihand_ws/install/wujihand_msgs/include/wujihand_msgs/wujihand_msgs/srv/detail/reset_error__type_support.cpp
[4.744s] -- Installing: /home/wuji/wujihand/wujihand-ros2/wujihand_ws/install/wujihand_msgs/include/wujihand_msgs/wujihand_msgs/srv/detail/get_diagnostics__rosidl_typesupport_introspection_cpp.hpp
[4.744s] -- Installing: /home/wuji/wujihand/wujihand-ros2/wujihand_ws/install/wujihand_msgs/include/wujihand_msgs/wujihand_msgs/srv/detail/set_enabled__rosidl_typesupport_introspection_cpp.hpp
[4.745s] -- Installing: /home/wuji/wujihand/wujihand-ros2/wujihand_ws/install/wujihand_msgs/include/wujihand_msgs/wujihand_msgs/srv/detail/get_hand_info__type_support.cpp
[4.745s] -- Installing: /home/wuji/wujihand/wujihand-ros2/wujihand_ws/install/wujihand_msgs/lib/libwujihand_msgs__rosidl_typesupport_introspection_cpp.so
[4.746s] -- Set non-toolchain portion of runtime path of "/home/wuji/wujihand/wujihand-ros2/wujihand_ws/install/wujihand_msgs/lib/libwujihand_msgs__rosidl_typesupport_introspection_cpp.so" to ""
[4.746s] -- Installing: /home/wuji/wujihand/wujihand-ros2/wujihand_ws/install/wujihand_msgs/lib/libwujihand_msgs__rosidl_typesupport_cpp.so
[4.747s] -- Set non-toolchain portion of runtime path of "/home/wuji/wujihand/wujihand-ros2/wujihand_ws/install/wujihand_msgs/lib/libwujihand_msgs__rosidl_typesupport_cpp.so" to ""
[4.747s] -- Up-to-date: /home/wuji/wujihand/wujihand-ros2/wujihand_ws/install/wujihand_msgs/share/wujihand_msgs/environment/pythonpath.sh
[4.747s] -- Up-to-date: /home/wuji/wujihand/wujihand-ros2/wujihand_ws/install/wujihand_msgs/share/wujihand_msgs/environment/pythonpath.dsv
[4.747s] -- Up-to-date: /home/wuji/wujihand/wujihand-ros2/wujihand_ws/install/wujihand_msgs/lib/python3.12/site-packages/wujihand_msgs-0.1.0-py3.12.egg-info
[4.747s] -- Installing: /home/wuji/wujihand/wujihand-ros2/wujihand_ws/install/wujihand_msgs/lib/python3.12/site-packages/wujihand_msgs-0.1.0-py3.12.egg-info/top_level.txt
[4.747s] -- Installing: /home/wuji/wujihand/wujihand-ros2/wujihand_ws/install/wujihand_msgs/lib/python3.12/site-packages/wujihand_msgs-0.1.0-py3.12.egg-info/dependency_links.txt
[4.747s] -- Installing: /home/wuji/wujihand/wujihand-ros2/wujihand_ws/install/wujihand_msgs/lib/python3.12/site-packages/wujihand_msgs-0.1.0-py3.12.egg-info/SOURCES.txt
[4.747s] -- Installing: /home/wuji/wujihand/wujihand-ros2/wujihand_ws/install/wujihand_msgs/lib/python3.12/site-packages/wujihand_msgs-0.1.0-py3.12.egg-info/PKG-INFO
[4.747s] -- Up-to-date: /home/wuji/wujihand/wujihand-ros2/wujihand_ws/install/wujihand_msgs/lib/python3.12/site-packages/wujihand_msgs
[4.747s] -- Installing: /home/wuji/wujihand/wujihand-ros2/wujihand_ws/install/wujihand_msgs/lib/python3.12/site-packages/wujihand_msgs/wujihand_msgs_s__rosidl_typesupport_introspection_c.so
[4.747s] -- Installing: /home/wuji/wujihand/wujihand-ros2/wujihand_ws/install/wujihand_msgs/lib/python3.12/site-packages/wujihand_msgs/wujihand_msgs_s__rosidl_typesupport_c.so
[4.748s] -- Installing: /home/wuji/wujihand/wujihand-ros2/wujihand_ws/install/wujihand_msgs/lib/python3.12/site-packages/wujihand_msgs/_wujihand_msgs_s.ep.rosidl_typesupport_fastrtps_c.c
[4.748s] -- Installing: /home/wuji/wujihand/wujihand-ros2/wujihand_ws/install/wujihand_msgs/lib/python3.12/site-packages/wujihand_msgs/__init__.py
[4.748s] -- Installing: /home/wuji/wujihand/wujihand-ros2/wujihand_ws/install/wujihand_msgs/lib/python3.12/site-packages/wujihand_msgs/_wujihand_msgs_s.ep.rosidl_typesupport_c.c
[4.748s] -- Installing: /home/wuji/wujihand/wujihand-ros2/wujihand_ws/install/wujihand_msgs/lib/python3.12/site-packages/wujihand_msgs/wujihand_msgs_s__rosidl_typesupport_fastrtps_c.so
[4.749s] -- Installing: /home/wuji/wujihand/wujihand-ros2/wujihand_ws/install/wujihand_msgs/lib/python3.12/site-packages/wujihand_msgs/_wujihand_msgs_s.ep.rosidl_typesupport_introspection_c.c
[4.749s] -- Up-to-date: /home/wuji/wujihand/wujihand-ros2/wujihand_ws/install/wujihand_msgs/lib/python3.12/site-packages/wujihand_msgs/msg
[4.749s] -- Installing: /home/wuji/wujihand/wujihand-ros2/wujihand_ws/install/wujihand_msgs/lib/python3.12/site-packages/wujihand_msgs/msg/_hand_command_s.c
[4.749s] -- Installing: /home/wuji/wujihand/wujihand-ros2/wujihand_ws/install/wujihand_msgs/lib/python3.12/site-packages/wujihand_msgs/msg/_hand_state.py
[4.749s] -- Installing: /home/wuji/wujihand/wujihand-ros2/wujihand_ws/install/wujihand_msgs/lib/python3.12/site-packages/wujihand_msgs/msg/__init__.py
[4.749s] -- Installing: /home/wuji/wujihand/wujihand-ros2/wujihand_ws/install/wujihand_msgs/lib/python3.12/site-packages/wujihand_msgs/msg/_hand_command.py
[4.749s] -- Installing: /home/wuji/wujihand/wujihand-ros2/wujihand_ws/install/wujihand_msgs/lib/python3.12/site-packages/wujihand_msgs/msg/_hand_state_s.c
[4.750s] -- Up-to-date: /home/wuji/wujihand/wujihand-ros2/wujihand_ws/install/wujihand_msgs/lib/python3.12/site-packages/wujihand_msgs/srv
[4.750s] -- Installing: /home/wuji/wujihand/wujihand-ros2/wujihand_ws/install/wujihand_msgs/lib/python3.12/site-packages/wujihand_msgs/srv/_reset_error.py
[4.750s] -- Installing: /home/wuji/wujihand/wujihand-ros2/wujihand_ws/install/wujihand_msgs/lib/python3.12/site-packages/wujihand_msgs/srv/_get_hand_info_s.c
[4.750s] -- Installing: /home/wuji/wujihand/wujihand-ros2/wujihand_ws/install/wujihand_msgs/lib/python3.12/site-packages/wujihand_msgs/srv/_get_diagnostics.py
[4.750s] -- Installing: /home/wuji/wujihand/wujihand-ros2/wujihand_ws/install/wujihand_msgs/lib/python3.12/site-packages/wujihand_msgs/srv/__init__.py
[4.750s] -- Installing: /home/wuji/wujihand/wujihand-ros2/wujihand_ws/install/wujihand_msgs/lib/python3.12/site-packages/wujihand_msgs/srv/_set_enabled.py
[4.750s] -- Installing: /home/wuji/wujihand/wujihand-ros2/wujihand_ws/install/wujihand_msgs/lib/python3.12/site-packages/wujihand_msgs/srv/_get_diagnostics_s.c
[4.750s] -- Installing: /home/wuji/wujihand/wujihand-ros2/wujihand_ws/install/wujihand_msgs/lib/python3.12/site-packages/wujihand_msgs/srv/_get_hand_info.py
[4.751s] -- Installing: /home/wuji/wujihand/wujihand-ros2/wujihand_ws/install/wujihand_msgs/lib/python3.12/site-packages/wujihand_msgs/srv/_set_enabled_s.c
[4.751s] -- Installing: /home/wuji/wujihand/wujihand-ros2/wujihand_ws/install/wujihand_msgs/lib/python3.12/site-packages/wujihand_msgs/srv/_reset_error_s.c
[4.787s] Listing '/home/wuji/wujihand/wujihand-ros2/wujihand_ws/install/wujihand_msgs/lib/python3.12/site-packages/wujihand_msgs'...
[4.787s] Compiling '/home/wuji/wujihand/wujihand-ros2/wujihand_ws/install/wujihand_msgs/lib/python3.12/site-packages/wujihand_msgs/__init__.py'...
[4.787s] Listing '/home/wuji/wujihand/wujihand-ros2/wujihand_ws/install/wujihand_msgs/lib/python3.12/site-packages/wujihand_msgs/msg'...
[4.787s] Compiling '/home/wuji/wujihand/wujihand-ros2/wujihand_ws/install/wujihand_msgs/lib/python3.12/site-packages/wujihand_msgs/msg/__init__.py'...
[4.787s] Compiling '/home/wuji/wujihand/wujihand-ros2/wujihand_ws/install/wujihand_msgs/lib/python3.12/site-packages/wujihand_msgs/msg/_hand_command.py'...
[4.787s] Compiling '/home/wuji/wujihand/wujihand-ros2/wujihand_ws/install/wujihand_msgs/lib/python3.12/site-packages/wujihand_msgs/msg/_hand_state.py'...
[4.787s] Listing '/home/wuji/wujihand/wujihand-ros2/wujihand_ws/install/wujihand_msgs/lib/python3.12/site-packages/wujihand_msgs/srv'...
[4.787s] Compiling '/home/wuji/wujihand/wujihand-ros2/wujihand_ws/install/wujihand_msgs/lib/python3.12/site-packages/wujihand_msgs/srv/__init__.py'...
[4.787s] Compiling '/home/wuji/wujihand/wujihand-ros2/wujihand_ws/install/wujihand_msgs/lib/python3.12/site-packages/wujihand_msgs/srv/_get_diagnostics.py'...
[4.787s] Compiling '/home/wuji/wujihand/wujihand-ros2/wujihand_ws/install/wujihand_msgs/lib/python3.12/site-packages/wujihand_msgs/srv/_get_hand_info.py'...
[4.787s] Compiling '/home/wuji/wujihand/wujihand-ros2/wujihand_ws/install/wujihand_msgs/lib/python3.12/site-packages/wujihand_msgs/srv/_reset_error.py'...
[4.787s] Compiling '/home/wuji/wujihand/wujihand-ros2/wujihand_ws/install/wujihand_msgs/lib/python3.12/site-packages/wujihand_msgs/srv/_set_enabled.py'...
[4.790s] -- Installing: /home/wuji/wujihand/wujihand-ros2/wujihand_ws/install/wujihand_msgs/lib/python3.12/site-packages/wujihand_msgs/wujihand_msgs_s__rosidl_typesupport_fastrtps_c.so
[4.790s] -- Set non-toolchain portion of runtime path of "/home/wuji/wujihand/wujihand-ros2/wujihand_ws/install/wujihand_msgs/lib/python3.12/site-packages/wujihand_msgs/wujihand_msgs_s__rosidl_typesupport_fastrtps_c.so" to ""
[4.790s] -- Installing: /home/wuji/wujihand/wujihand-ros2/wujihand_ws/install/wujihand_msgs/lib/python3.12/site-packages/wujihand_msgs/wujihand_msgs_s__rosidl_typesupport_introspection_c.so
[4.791s] -- Set non-toolchain portion of runtime path of "/home/wuji/wujihand/wujihand-ros2/wujihand_ws/install/wujihand_msgs/lib/python3.12/site-packages/wujihand_msgs/wujihand_msgs_s__rosidl_typesupport_introspection_c.so" to ""
[4.791s] -- Installing: /home/wuji/wujihand/wujihand-ros2/wujihand_ws/install/wujihand_msgs/lib/python3.12/site-packages/wujihand_msgs/wujihand_msgs_s__rosidl_typesupport_c.so
[4.791s] -- Set non-toolchain portion of runtime path of "/home/wuji/wujihand/wujihand-ros2/wujihand_ws/install/wujihand_msgs/lib/python3.12/site-packages/wujihand_msgs/wujihand_msgs_s__rosidl_typesupport_c.so" to ""
[4.791s] -- Installing: /home/wuji/wujihand/wujihand-ros2/wujihand_ws/install/wujihand_msgs/lib/libwujihand_msgs__rosidl_generator_py.so
[4.791s] -- Set non-toolchain portion of runtime path of "/home/wuji/wujihand/wujihand-ros2/wujihand_ws/install/wujihand_msgs/lib/libwujihand_msgs__rosidl_generator_py.so" to ""
[4.792s] -- Up-to-date: /home/wuji/wujihand/wujihand-ros2/wujihand_ws/install/wujihand_msgs/share/wujihand_msgs/msg/HandState.idl
[4.792s] -- Up-to-date: /home/wuji/wujihand/wujihand-ros2/wujihand_ws/install/wujihand_msgs/share/wujihand_msgs/msg/HandCommand.idl
[4.792s] -- Up-to-date: /home/wuji/wujihand/wujihand-ros2/wujihand_ws/install/wujihand_msgs/share/wujihand_msgs/srv/SetEnabled.idl
[4.792s] -- Up-to-date: /home/wuji/wujihand/wujihand-ros2/wujihand_ws/install/wujihand_msgs/share/wujihand_msgs/srv/GetHandInfo.idl
[4.792s] -- Installing: /home/wuji/wujihand/wujihand-ros2/wujihand_ws/install/wujihand_msgs/share/wujihand_msgs/srv/GetDiagnostics.idl
[4.792s] -- Up-to-date: /home/wuji/wujihand/wujihand-ros2/wujihand_ws/install/wujihand_msgs/share/wujihand_msgs/srv/ResetError.idl
[4.792s] -- Up-to-date: /home/wuji/wujihand/wujihand-ros2/wujihand_ws/install/wujihand_msgs/share/wujihand_msgs/msg/HandState.msg
[4.792s] -- Up-to-date: /home/wuji/wujihand/wujihand-ros2/wujihand_ws/install/wujihand_msgs/share/wujihand_msgs/msg/HandCommand.msg
[4.792s] -- Up-to-date: /home/wuji/wujihand/wujihand-ros2/wujihand_ws/install/wujihand_msgs/share/wujihand_msgs/srv/SetEnabled.srv
[4.792s] -- Up-to-date: /home/wuji/wujihand/wujihand-ros2/wujihand_ws/install/wujihand_msgs/share/wujihand_msgs/srv/GetHandInfo.srv
[4.792s] -- Installing: /home/wuji/wujihand/wujihand-ros2/wujihand_ws/install/wujihand_msgs/share/wujihand_msgs/srv/GetDiagnostics.srv
[4.792s] -- Up-to-date: /home/wuji/wujihand/wujihand-ros2/wujihand_ws/install/wujihand_msgs/share/wujihand_msgs/srv/ResetError.srv
[4.793s] -- Up-to-date: /home/wuji/wujihand/wujihand-ros2/wujihand_ws/install/wujihand_msgs/share/ament_index/resource_index/package_run_dependencies/wujihand_msgs
[4.793s] -- Up-to-date: /home/wuji/wujihand/wujihand-ros2/wujihand_ws/install/wujihand_msgs/share/ament_index/resource_index/parent_prefix_path/wujihand_msgs
[4.793s] -- Up-to-date: /home/wuji/wujihand/wujihand-ros2/wujihand_ws/install/wujihand_msgs/share/wujihand_msgs/environment/ament_prefix_path.sh
[4.793s] -- Up-to-date: /home/wuji/wujihand/wujihand-ros2/wujihand_ws/install/wujihand_msgs/share/wujihand_msgs/environment/ament_prefix_path.dsv
[4.793s] -- Up-to-date: /home/wuji/wujihand/wujihand-ros2/wujihand_ws/install/wujihand_msgs/share/wujihand_msgs/environment/path.sh
[4.793s] -- Up-to-date: /home/wuji/wujihand/wujihand-ros2/wujihand_ws/install/wujihand_msgs/share/wujihand_msgs/environment/path.dsv
[4.793s] -- Up-to-date: /home/wuji/wujihand/wujihand-ros2/wujihand_ws/install/wujihand_msgs/share/wujihand_msgs/local_setup.bash
[4.793s] -- Up-to-date: /home/wuji/wujihand/wujihand-ros2/wujihand_ws/install/wujihand_msgs/share/wujihand_msgs/local_setup.sh
[4.793s] -- Up-to-date: /home/wuji/wujihand/wujihand-ros2/wujihand_ws/install/wujihand_msgs/share/wujihand_msgs/local_setup.zsh
[4.793s] -- Up-to-date: /home/wuji/wujihand/wujihand-ros2/wujihand_ws/install/wujihand_msgs/share/wujihand_msgs/local_setup.dsv
[4.793s] -- Installing: /home/wuji/wujihand/wujihand-ros2/wujihand_ws/install/wujihand_msgs/share/wujihand_msgs/package.dsv
[4.793s] -- Up-to-date: /home/wuji/wujihand/wujihand-ros2/wujihand_ws/install/wujihand_msgs/share/ament_index/resource_index/packages/wujihand_msgs
[4.793s] -- Up-to-date: /home/wuji/wujihand/wujihand-ros2/wujihand_ws/install/wujihand_msgs/share/wujihand_msgs/cmake/export_wujihand_msgs__rosidl_generator_cExport.cmake
[4.793s] -- Up-to-date: /home/wuji/wujihand/wujihand-ros2/wujihand_ws/install/wujihand_msgs/share/wujihand_msgs/cmake/export_wujihand_msgs__rosidl_generator_cExport-noconfig.cmake
[4.794s] -- Up-to-date: /home/wuji/wujihand/wujihand-ros2/wujihand_ws/install/wujihand_msgs/share/wujihand_msgs/cmake/export_wujihand_msgs__rosidl_typesupport_fastrtps_cExport.cmake
[4.794s] -- Up-to-date: /home/wuji/wujihand/wujihand-ros2/wujihand_ws/install/wujihand_msgs/share/wujihand_msgs/cmake/export_wujihand_msgs__rosidl_typesupport_fastrtps_cExport-noconfig.cmake
[4.794s] -- Up-to-date: /home/wuji/wujihand/wujihand-ros2/wujihand_ws/install/wujihand_msgs/share/wujihand_msgs/cmake/wujihand_msgs__rosidl_typesupport_introspection_cExport.cmake
[4.794s] -- Up-to-date: /home/wuji/wujihand/wujihand-ros2/wujihand_ws/install/wujihand_msgs/share/wujihand_msgs/cmake/wujihand_msgs__rosidl_typesupport_introspection_cExport-noconfig.cmake
[4.794s] -- Up-to-date: /home/wuji/wujihand/wujihand-ros2/wujihand_ws/install/wujihand_msgs/share/wujihand_msgs/cmake/wujihand_msgs__rosidl_typesupport_cExport.cmake
[4.794s] -- Up-to-date: /home/wuji/wujihand/wujihand-ros2/wujihand_ws/install/wujihand_msgs/share/wujihand_msgs/cmake/wujihand_msgs__rosidl_typesupport_cExport-noconfig.cmake
[4.794s] -- Up-to-date: /home/wuji/wujihand/wujihand-ros2/wujihand_ws/install/wujihand_msgs/share/wujihand_msgs/cmake/export_wujihand_msgs__rosidl_generator_cppExport.cmake
[4.794s] -- Up-to-date: /home/wuji/wujihand/wujihand-ros2/wujihand_ws/install/wujihand_msgs/share/wujihand_msgs/cmake/export_wujihand_msgs__rosidl_typesupport_fastrtps_cppExport.cmake
[4.794s] -- Up-to-date: /home/wuji/wujihand/wujihand-ros2/wujihand_ws/install/wujihand_msgs/share/wujihand_msgs/cmake/export_wujihand_msgs__rosidl_typesupport_fastrtps_cppExport-noconfig.cmake
[4.794s] -- Up-to-date: /home/wuji/wujihand/wujihand-ros2/wujihand_ws/install/wujihand_msgs/share/wujihand_msgs/cmake/wujihand_msgs__rosidl_typesupport_introspection_cppExport.cmake
[4.794s] -- Up-to-date: /home/wuji/wujihand/wujihand-ros2/wujihand_ws/install/wujihand_msgs/share/wujihand_msgs/cmake/wujihand_msgs__rosidl_typesupport_introspection_cppExport-noconfig.cmake
[4.794s] -- Up-to-date: /home/wuji/wujihand/wujihand-ros2/wujihand_ws/install/wujihand_msgs/share/wujihand_msgs/cmake/wujihand_msgs__rosidl_typesupport_cppExport.cmake
[4.794s] -- Up-to-date: /home/wuji/wujihand/wujihand-ros2/wujihand_ws/install/wujihand_msgs/share/wujihand_msgs/cmake/wujihand_msgs__rosidl_typesupport_cppExport-noconfig.cmake
[4.795s] -- Up-to-date: /home/wuji/wujihand/wujihand-ros2/wujihand_ws/install/wujihand_msgs/share/wujihand_msgs/cmake/export_wujihand_msgs__rosidl_generator_pyExport.cmake
[4.795s] -- Up-to-date: /home/wuji/wujihand/wujihand-ros2/wujihand_ws/install/wujihand_msgs/share/wujihand_msgs/cmake/export_wujihand_msgs__rosidl_generator_pyExport-noconfig.cmake
[4.795s] -- Installing: /home/wuji/wujihand/wujihand-ros2/wujihand_ws/install/wujihand_msgs/share/wujihand_msgs/cmake/rosidl_cmake-extras.cmake
[4.795s] -- Installing: /home/wuji/wujihand/wujihand-ros2/wujihand_ws/install/wujihand_msgs/share/wujihand_msgs/cmake/ament_cmake_export_dependencies-extras.cmake
[4.795s] -- Up-to-date: /home/wuji/wujihand/wujihand-ros2/wujihand_ws/install/wujihand_msgs/share/wujihand_msgs/cmake/ament_cmake_export_include_directories-extras.cmake
[4.795s] -- Up-to-date: /home/wuji/wujihand/wujihand-ros2/wujihand_ws/install/wujihand_msgs/share/wujihand_msgs/cmake/ament_cmake_export_libraries-extras.cmake
[4.795s] -- Up-to-date: /home/wuji/wujihand/wujihand-ros2/wujihand_ws/install/wujihand_msgs/share/wujihand_msgs/cmake/ament_cmake_export_targets-extras.cmake
[4.795s] -- Up-to-date: /home/wuji/wujihand/wujihand-ros2/wujihand_ws/install/wujihand_msgs/share/wujihand_msgs/cmake/rosidl_cmake_export_typesupport_targets-extras.cmake
[4.795s] -- Up-to-date: /home/wuji/wujihand/wujihand-ros2/wujihand_ws/install/wujihand_msgs/share/wujihand_msgs/cmake/rosidl_cmake_export_typesupport_libraries-extras.cmake
[4.795s] -- Up-to-date: /home/wuji/wujihand/wujihand-ros2/wujihand_ws/install/wujihand_msgs/share/wujihand_msgs/cmake/wujihand_msgsConfig.cmake
[4.795s] -- Up-to-date: /home/wuji/wujihand/wujihand-ros2/wujihand_ws/install/wujihand_msgs/share/wujihand_msgs/cmake/wujihand_msgsConfig-version.cmake
[4.795s] -- Up-to-date: /home/wuji/wujihand/wujihand-ros2/wujihand_ws/install/wujihand_msgs/share/wujihand_msgs/package.xml
[4.796s] Invoked command in '/home/wuji/wujihand/wujihand-ros2/wujihand_ws/build/wujihand_msgs' returned '0': CMAKE_PREFIX_PATH=${CMAKE_PREFIX_PATH}:/opt/ros/kilted /usr/bin/cmake --install /home/wuji/wujihand/wujihand-ros2/wujihand_ws/build/wujihand_msgs
