[0.010s] Invoking command in '/home/wuji/wujihand/wujihand-ros2/wujihand_ws/build/wujihand_description': CMAKE_PREFIX_PATH=${CMAKE_PREFIX_PATH}:/opt/ros/kilted /usr/bin/cmake /home/wuji/wujihand/wujihand-ros2/wujihand_ws/src/wujihand/wujihand_description -DCMAKE_INSTALL_PREFIX=/home/wuji/wujihand/wujihand-ros2/wujihand_ws/install/wujihand_description
[0.177s] -- The C compiler identification is GNU 13.3.0
[0.647s] -- The CXX compiler identification is GNU 13.3.0
[1.126s] -- Detecting C compiler ABI info
[1.301s] -- Detecting C compiler ABI info - done
[1.306s] -- Check for working C compiler: /usr/bin/cc - skipped
[1.307s] -- Detecting C compile features
[1.307s] -- Detecting C compile features - done
[1.366s] -- Detecting CXX compiler ABI info
[1.610s] -- Detecting CXX compiler ABI info - done
[1.617s] -- Check for working CXX compiler: /usr/bin/c++ - skipped
[1.617s] -- Detecting CXX compile features
[1.617s] -- Detecting CXX compile features - done
[1.631s] -- Found ament_cmake: 2.7.3 (/opt/ros/kilted/share/ament_cmake/cmake)
[1.749s] -- Found Python3: /usr/bin/python3 (found version "3.12.3") found components: Interpreter 
[1.915s] -- Configuring done (1.9s)
[1.918s] -- Generating done (0.0s)
[1.921s] -- Build files have been written to: /home/wuji/wujihand/wujihand-ros2/wujihand_ws/build/wujihand_description
[1.926s] Invoked command in '/home/wuji/wujihand/wujihand-ros2/wujihand_ws/build/wujihand_description' returned '0': CMAKE_PREFIX_PATH=${CMAKE_PREFIX_PATH}:/opt/ros/kilted /usr/bin/cmake /home/wuji/wujihand/wujihand-ros2/wujihand_ws/src/wujihand/wujihand_description -DCMAKE_INSTALL_PREFIX=/home/wuji/wujihand/wujihand-ros2/wujihand_ws/install/wujihand_description
[1.927s] Invoking command in '/home/wuji/wujihand/wujihand-ros2/wujihand_ws/build/wujihand_description': CMAKE_PREFIX_PATH=${CMAKE_PREFIX_PATH}:/opt/ros/kilted /usr/bin/cmake --build /home/wuji/wujihand/wujihand-ros2/wujihand_ws/build/wujihand_description -- -j24 -l24
[1.959s] Invoked command in '/home/wuji/wujihand/wujihand-ros2/wujihand_ws/build/wujihand_description' returned '0': CMAKE_PREFIX_PATH=${CMAKE_PREFIX_PATH}:/opt/ros/kilted /usr/bin/cmake --build /home/wuji/wujihand/wujihand-ros2/wujihand_ws/build/wujihand_description -- -j24 -l24
[1.967s] Invoking command in '/home/wuji/wujihand/wujihand-ros2/wujihand_ws/build/wujihand_description': CMAKE_PREFIX_PATH=${CMAKE_PREFIX_PATH}:/opt/ros/kilted /usr/bin/cmake --install /home/wuji/wujihand/wujihand-ros2/wujihand_ws/build/wujihand_description
[1.971s] -- Install configuration: ""
[1.971s] -- Installing: /home/wuji/wujihand/wujihand-ros2/wujihand_ws/install/wujihand_description/share/wujihand_description/urdf
[1.972s] -- Installing: /home/wuji/wujihand/wujihand-ros2/wujihand_ws/install/wujihand_description/share/wujihand_description/urdf/right-ros.urdf
[1.973s] -- Installing: /home/wuji/wujihand/wujihand-ros2/wujihand_ws/install/wujihand_description/share/wujihand_description/urdf/left-ros.urdf
[1.973s] -- Installing: /home/wuji/wujihand/wujihand-ros2/wujihand_ws/install/wujihand_description/share/wujihand_description/urdf/left.urdf
[1.973s] -- Installing: /home/wuji/wujihand/wujihand-ros2/wujihand_ws/install/wujihand_description/share/wujihand_description/urdf/right.urdf
[1.974s] -- Installing: /home/wuji/wujihand/wujihand-ros2/wujihand_ws/install/wujihand_description/share/wujihand_description/meshes
[1.974s] -- Installing: /home/wuji/wujihand/wujihand-ros2/wujihand_ws/install/wujihand_description/share/wujihand_description/meshes/left
[1.974s] -- Installing: /home/wuji/wujihand/wujihand-ros2/wujihand_ws/install/wujihand_description/share/wujihand_description/meshes/left/finger2_link3_collision.STL
[1.974s] -- Installing: /home/wuji/wujihand/wujihand-ros2/wujihand_ws/install/wujihand_description/share/wujihand_description/meshes/left/finger1_link2.STL
[1.975s] -- Installing: /home/wuji/wujihand/wujihand-ros2/wujihand_ws/install/wujihand_description/share/wujihand_description/meshes/left/finger1_tip_link_collision.STL
[1.975s] -- Installing: /home/wuji/wujihand/wujihand-ros2/wujihand_ws/install/wujihand_description/share/wujihand_description/meshes/left/finger5_link3.STL
[1.976s] -- Installing: /home/wuji/wujihand/wujihand-ros2/wujihand_ws/install/wujihand_description/share/wujihand_description/meshes/left/finger3_link3.STL
[1.976s] -- Installing: /home/wuji/wujihand/wujihand-ros2/wujihand_ws/install/wujihand_description/share/wujihand_description/meshes/left/finger2_tip_link_collision.STL
[1.977s] -- Installing: /home/wuji/wujihand/wujihand-ros2/wujihand_ws/install/wujihand_description/share/wujihand_description/meshes/left/finger5_tip_link.STL
[1.977s] -- Installing: /home/wuji/wujihand/wujihand-ros2/wujihand_ws/install/wujihand_description/share/wujihand_description/meshes/left/finger2_tip_link.STL
[1.978s] -- Installing: /home/wuji/wujihand/wujihand-ros2/wujihand_ws/install/wujihand_description/share/wujihand_description/meshes/left/finger1_link4.STL
[1.978s] -- Installing: /home/wuji/wujihand/wujihand-ros2/wujihand_ws/install/wujihand_description/share/wujihand_description/meshes/left/finger2_link3.STL
[1.979s] -- Installing: /home/wuji/wujihand/wujihand-ros2/wujihand_ws/install/wujihand_description/share/wujihand_description/meshes/left/palm_link_collision.STL
[1.979s] -- Installing: /home/wuji/wujihand/wujihand-ros2/wujihand_ws/install/wujihand_description/share/wujihand_description/meshes/left/finger3_link2_collision.STL
[1.980s] -- Installing: /home/wuji/wujihand/wujihand-ros2/wujihand_ws/install/wujihand_description/share/wujihand_description/meshes/left/finger2_link1.STL
[1.981s] -- Installing: /home/wuji/wujihand/wujihand-ros2/wujihand_ws/install/wujihand_description/share/wujihand_description/meshes/left/finger5_link3_collision.STL
[1.981s] -- Installing: /home/wuji/wujihand/wujihand-ros2/wujihand_ws/install/wujihand_description/share/wujihand_description/meshes/left/finger4_link1.STL
[1.981s] -- Installing: /home/wuji/wujihand/wujihand-ros2/wujihand_ws/install/wujihand_description/share/wujihand_description/meshes/left/finger4_link1_collision.STL
[1.982s] -- Installing: /home/wuji/wujihand/wujihand-ros2/wujihand_ws/install/wujihand_description/share/wujihand_description/meshes/left/finger1_link1_collision.STL
[1.982s] -- Installing: /home/wuji/wujihand/wujihand-ros2/wujihand_ws/install/wujihand_description/share/wujihand_description/meshes/left/finger3_link1_collision.STL
[1.982s] -- Installing: /home/wuji/wujihand/wujihand-ros2/wujihand_ws/install/wujihand_description/share/wujihand_description/meshes/left/finger1_link2_collision.STL
[1.983s] -- Installing: /home/wuji/wujihand/wujihand-ros2/wujihand_ws/install/wujihand_description/share/wujihand_description/meshes/left/finger5_link2.STL
[1.983s] -- Installing: /home/wuji/wujihand/wujihand-ros2/wujihand_ws/install/wujihand_description/share/wujihand_description/meshes/left/finger5_link4_collision.STL
[1.984s] -- Installing: /home/wuji/wujihand/wujihand-ros2/wujihand_ws/install/wujihand_description/share/wujihand_description/meshes/left/finger1_link4_collision.STL
[1.984s] -- Installing: /home/wuji/wujihand/wujihand-ros2/wujihand_ws/install/wujihand_description/share/wujihand_description/meshes/left/finger2_link4_collision.STL
[1.984s] -- Installing: /home/wuji/wujihand/wujihand-ros2/wujihand_ws/install/wujihand_description/share/wujihand_description/meshes/left/finger4_link2.STL
[1.985s] -- Installing: /home/wuji/wujihand/wujihand-ros2/wujihand_ws/install/wujihand_description/share/wujihand_description/meshes/left/finger5_link4.STL
[1.985s] -- Installing: /home/wuji/wujihand/wujihand-ros2/wujihand_ws/install/wujihand_description/share/wujihand_description/meshes/left/finger3_link3_collision.STL
[1.986s] -- Installing: /home/wuji/wujihand/wujihand-ros2/wujihand_ws/install/wujihand_description/share/wujihand_description/meshes/left/finger4_link4.STL
[1.986s] -- Installing: /home/wuji/wujihand/wujihand-ros2/wujihand_ws/install/wujihand_description/share/wujihand_description/meshes/left/finger1_link3.STL
[1.986s] -- Installing: /home/wuji/wujihand/wujihand-ros2/wujihand_ws/install/wujihand_description/share/wujihand_description/meshes/left/finger1_tip_link.STL
[1.987s] -- Installing: /home/wuji/wujihand/wujihand-ros2/wujihand_ws/install/wujihand_description/share/wujihand_description/meshes/left/finger1_link1.STL
[1.988s] -- Installing: /home/wuji/wujihand/wujihand-ros2/wujihand_ws/install/wujihand_description/share/wujihand_description/meshes/left/finger3_link4.STL
[1.988s] -- Installing: /home/wuji/wujihand/wujihand-ros2/wujihand_ws/install/wujihand_description/share/wujihand_description/meshes/left/finger5_tip_link_collision.STL
[1.989s] -- Installing: /home/wuji/wujihand/wujihand-ros2/wujihand_ws/install/wujihand_description/share/wujihand_description/meshes/left/finger2_link4.STL
[1.989s] -- Installing: /home/wuji/wujihand/wujihand-ros2/wujihand_ws/install/wujihand_description/share/wujihand_description/meshes/left/finger2_link1_collision.STL
[1.990s] -- Installing: /home/wuji/wujihand/wujihand-ros2/wujihand_ws/install/wujihand_description/share/wujihand_description/meshes/left/finger1_link3_collision.STL
[1.990s] -- Installing: /home/wuji/wujihand/wujihand-ros2/wujihand_ws/install/wujihand_description/share/wujihand_description/meshes/left/finger3_link2.STL
[1.990s] -- Installing: /home/wuji/wujihand/wujihand-ros2/wujihand_ws/install/wujihand_description/share/wujihand_description/meshes/left/finger3_link1.STL
[1.991s] -- Installing: /home/wuji/wujihand/wujihand-ros2/wujihand_ws/install/wujihand_description/share/wujihand_description/meshes/left/finger2_link2_collision.STL
[1.992s] -- Installing: /home/wuji/wujihand/wujihand-ros2/wujihand_ws/install/wujihand_description/share/wujihand_description/meshes/left/finger5_link2_collision.STL
[1.992s] -- Installing: /home/wuji/wujihand/wujihand-ros2/wujihand_ws/install/wujihand_description/share/wujihand_description/meshes/left/finger4_link3_collision.STL
[1.992s] -- Installing: /home/wuji/wujihand/wujihand-ros2/wujihand_ws/install/wujihand_description/share/wujihand_description/meshes/left/finger5_link1_collision.STL
[1.993s] -- Installing: /home/wuji/wujihand/wujihand-ros2/wujihand_ws/install/wujihand_description/share/wujihand_description/meshes/left/finger4_tip_link.STL
[1.993s] -- Installing: /home/wuji/wujihand/wujihand-ros2/wujihand_ws/install/wujihand_description/share/wujihand_description/meshes/left/finger2_link2.STL
[1.994s] -- Installing: /home/wuji/wujihand/wujihand-ros2/wujihand_ws/install/wujihand_description/share/wujihand_description/meshes/left/finger4_link2_collision.STL
[1.994s] -- Installing: /home/wuji/wujihand/wujihand-ros2/wujihand_ws/install/wujihand_description/share/wujihand_description/meshes/left/finger4_tip_link_collision.STL
[1.995s] -- Installing: /home/wuji/wujihand/wujihand-ros2/wujihand_ws/install/wujihand_description/share/wujihand_description/meshes/left/finger3_link4_collision.STL
[1.995s] -- Installing: /home/wuji/wujihand/wujihand-ros2/wujihand_ws/install/wujihand_description/share/wujihand_description/meshes/left/finger4_link4_collision.STL
[1.995s] -- Installing: /home/wuji/wujihand/wujihand-ros2/wujihand_ws/install/wujihand_description/share/wujihand_description/meshes/left/finger3_tip_link_collision.STL
[1.996s] -- Installing: /home/wuji/wujihand/wujihand-ros2/wujihand_ws/install/wujihand_description/share/wujihand_description/meshes/left/finger3_tip_link.STL
[1.996s] -- Installing: /home/wuji/wujihand/wujihand-ros2/wujihand_ws/install/wujihand_description/share/wujihand_description/meshes/left/palm_link.STL
[1.997s] -- Installing: /home/wuji/wujihand/wujihand-ros2/wujihand_ws/install/wujihand_description/share/wujihand_description/meshes/left/finger4_link3.STL
[1.998s] -- Installing: /home/wuji/wujihand/wujihand-ros2/wujihand_ws/install/wujihand_description/share/wujihand_description/meshes/left/finger5_link1.STL
[1.998s] -- Installing: /home/wuji/wujihand/wujihand-ros2/wujihand_ws/install/wujihand_description/share/wujihand_description/meshes/right
[1.999s] -- Installing: /home/wuji/wujihand/wujihand-ros2/wujihand_ws/install/wujihand_description/share/wujihand_description/meshes/right/finger2_link3_collision.STL
[1.999s] -- Installing: /home/wuji/wujihand/wujihand-ros2/wujihand_ws/install/wujihand_description/share/wujihand_description/meshes/right/finger1_link2.STL
[2.000s] -- Installing: /home/wuji/wujihand/wujihand-ros2/wujihand_ws/install/wujihand_description/share/wujihand_description/meshes/right/finger1_tip_link_collision.STL
[2.000s] -- Installing: /home/wuji/wujihand/wujihand-ros2/wujihand_ws/install/wujihand_description/share/wujihand_description/meshes/right/finger5_link3.STL
[2.001s] -- Installing: /home/wuji/wujihand/wujihand-ros2/wujihand_ws/install/wujihand_description/share/wujihand_description/meshes/right/finger3_link3.STL
[2.001s] -- Installing: /home/wuji/wujihand/wujihand-ros2/wujihand_ws/install/wujihand_description/share/wujihand_description/meshes/right/finger2_tip_link_collision.STL
[2.002s] -- Installing: /home/wuji/wujihand/wujihand-ros2/wujihand_ws/install/wujihand_description/share/wujihand_description/meshes/right/finger5_tip_link.STL
[2.002s] -- Installing: /home/wuji/wujihand/wujihand-ros2/wujihand_ws/install/wujihand_description/share/wujihand_description/meshes/right/finger2_tip_link.STL
[2.003s] -- Installing: /home/wuji/wujihand/wujihand-ros2/wujihand_ws/install/wujihand_description/share/wujihand_description/meshes/right/finger1_link4.STL
[2.003s] -- Installing: /home/wuji/wujihand/wujihand-ros2/wujihand_ws/install/wujihand_description/share/wujihand_description/meshes/right/finger2_link3.STL
[2.004s] -- Installing: /home/wuji/wujihand/wujihand-ros2/wujihand_ws/install/wujihand_description/share/wujihand_description/meshes/right/palm_link_collision.STL
[2.004s] -- Installing: /home/wuji/wujihand/wujihand-ros2/wujihand_ws/install/wujihand_description/share/wujihand_description/meshes/right/finger3_link2_collision.STL
[2.005s] -- Installing: /home/wuji/wujihand/wujihand-ros2/wujihand_ws/install/wujihand_description/share/wujihand_description/meshes/right/finger2_link1.STL
[2.005s] -- Installing: /home/wuji/wujihand/wujihand-ros2/wujihand_ws/install/wujihand_description/share/wujihand_description/meshes/right/finger5_link3_collision.STL
[2.006s] -- Installing: /home/wuji/wujihand/wujihand-ros2/wujihand_ws/install/wujihand_description/share/wujihand_description/meshes/right/finger4_link1.STL
[2.007s] -- Installing: /home/wuji/wujihand/wujihand-ros2/wujihand_ws/install/wujihand_description/share/wujihand_description/meshes/right/finger4_link1_collision.STL
[2.007s] -- Installing: /home/wuji/wujihand/wujihand-ros2/wujihand_ws/install/wujihand_description/share/wujihand_description/meshes/right/finger1_link1_collision.STL
[2.008s] -- Installing: /home/wuji/wujihand/wujihand-ros2/wujihand_ws/install/wujihand_description/share/wujihand_description/meshes/right/finger3_link1_collision.STL
[2.008s] -- Installing: /home/wuji/wujihand/wujihand-ros2/wujihand_ws/install/wujihand_description/share/wujihand_description/meshes/right/finger1_link2_collision.STL
[2.009s] -- Installing: /home/wuji/wujihand/wujihand-ros2/wujihand_ws/install/wujihand_description/share/wujihand_description/meshes/right/finger5_link2.STL
[2.009s] -- Installing: /home/wuji/wujihand/wujihand-ros2/wujihand_ws/install/wujihand_description/share/wujihand_description/meshes/right/finger5_link4_collision.STL
[2.010s] -- Installing: /home/wuji/wujihand/wujihand-ros2/wujihand_ws/install/wujihand_description/share/wujihand_description/meshes/right/finger1_link4_collision.STL
[2.010s] -- Installing: /home/wuji/wujihand/wujihand-ros2/wujihand_ws/install/wujihand_description/share/wujihand_description/meshes/right/finger2_link4_collision.STL
[2.011s] -- Installing: /home/wuji/wujihand/wujihand-ros2/wujihand_ws/install/wujihand_description/share/wujihand_description/meshes/right/finger4_link2.STL
[2.011s] -- Installing: /home/wuji/wujihand/wujihand-ros2/wujihand_ws/install/wujihand_description/share/wujihand_description/meshes/right/finger5_link4.STL
[2.012s] -- Installing: /home/wuji/wujihand/wujihand-ros2/wujihand_ws/install/wujihand_description/share/wujihand_description/meshes/right/finger3_link3_collision.STL
[2.013s] -- Installing: /home/wuji/wujihand/wujihand-ros2/wujihand_ws/install/wujihand_description/share/wujihand_description/meshes/right/finger4_link4.STL
[2.013s] -- Installing: /home/wuji/wujihand/wujihand-ros2/wujihand_ws/install/wujihand_description/share/wujihand_description/meshes/right/finger1_link3.STL
[2.014s] -- Installing: /home/wuji/wujihand/wujihand-ros2/wujihand_ws/install/wujihand_description/share/wujihand_description/meshes/right/finger1_tip_link.STL
[2.014s] -- Installing: /home/wuji/wujihand/wujihand-ros2/wujihand_ws/install/wujihand_description/share/wujihand_description/meshes/right/finger1_link1.STL
[2.016s] -- Installing: /home/wuji/wujihand/wujihand-ros2/wujihand_ws/install/wujihand_description/share/wujihand_description/meshes/right/finger3_link4.STL
[2.016s] -- Installing: /home/wuji/wujihand/wujihand-ros2/wujihand_ws/install/wujihand_description/share/wujihand_description/meshes/right/finger5_tip_link_collision.STL
[2.017s] -- Installing: /home/wuji/wujihand/wujihand-ros2/wujihand_ws/install/wujihand_description/share/wujihand_description/meshes/right/finger2_link4.STL
[2.017s] -- Installing: /home/wuji/wujihand/wujihand-ros2/wujihand_ws/install/wujihand_description/share/wujihand_description/meshes/right/finger2_link1_collision.STL
[2.018s] -- Installing: /home/wuji/wujihand/wujihand-ros2/wujihand_ws/install/wujihand_description/share/wujihand_description/meshes/right/finger1_link3_collision.STL
[2.018s] -- Installing: /home/wuji/wujihand/wujihand-ros2/wujihand_ws/install/wujihand_description/share/wujihand_description/meshes/right/finger3_link2.STL
[2.019s] -- Installing: /home/wuji/wujihand/wujihand-ros2/wujihand_ws/install/wujihand_description/share/wujihand_description/meshes/right/finger3_link1.STL
[2.019s] -- Installing: /home/wuji/wujihand/wujihand-ros2/wujihand_ws/install/wujihand_description/share/wujihand_description/meshes/right/finger2_link2_collision.STL
[2.020s] -- Installing: /home/wuji/wujihand/wujihand-ros2/wujihand_ws/install/wujihand_description/share/wujihand_description/meshes/right/finger5_link2_collision.STL
[2.020s] -- Installing: /home/wuji/wujihand/wujihand-ros2/wujihand_ws/install/wujihand_description/share/wujihand_description/meshes/right/finger4_link3_collision.STL
[2.021s] -- Installing: /home/wuji/wujihand/wujihand-ros2/wujihand_ws/install/wujihand_description/share/wujihand_description/meshes/right/finger5_link1_collision.STL
[2.021s] -- Installing: /home/wuji/wujihand/wujihand-ros2/wujihand_ws/install/wujihand_description/share/wujihand_description/meshes/right/finger4_tip_link.STL
[2.022s] -- Installing: /home/wuji/wujihand/wujihand-ros2/wujihand_ws/install/wujihand_description/share/wujihand_description/meshes/right/finger2_link2.STL
[2.023s] -- Installing: /home/wuji/wujihand/wujihand-ros2/wujihand_ws/install/wujihand_description/share/wujihand_description/meshes/right/finger4_link2_collision.STL
[2.023s] -- Installing: /home/wuji/wujihand/wujihand-ros2/wujihand_ws/install/wujihand_description/share/wujihand_description/meshes/right/finger4_tip_link_collision.STL
[2.024s] -- Installing: /home/wuji/wujihand/wujihand-ros2/wujihand_ws/install/wujihand_description/share/wujihand_description/meshes/right/finger3_link4_collision.STL
[2.025s] -- Installing: /home/wuji/wujihand/wujihand-ros2/wujihand_ws/install/wujihand_description/share/wujihand_description/meshes/right/finger4_link4_collision.STL
[2.025s] -- Installing: /home/wuji/wujihand/wujihand-ros2/wujihand_ws/install/wujihand_description/share/wujihand_description/meshes/right/finger3_tip_link_collision.STL
[2.026s] -- Installing: /home/wuji/wujihand/wujihand-ros2/wujihand_ws/install/wujihand_description/share/wujihand_description/meshes/right/finger3_tip_link.STL
[2.027s] -- Installing: /home/wuji/wujihand/wujihand-ros2/wujihand_ws/install/wujihand_description/share/wujihand_description/meshes/right/palm_link.STL
[2.028s] -- Installing: /home/wuji/wujihand/wujihand-ros2/wujihand_ws/install/wujihand_description/share/wujihand_description/meshes/right/finger4_link3.STL
[2.029s] -- Installing: /home/wuji/wujihand/wujihand-ros2/wujihand_ws/install/wujihand_description/share/wujihand_description/meshes/right/finger5_link1.STL
[2.030s] -- Installing: /home/wuji/wujihand/wujihand-ros2/wujihand_ws/install/wujihand_description/share/wujihand_description/rviz
[2.030s] -- Installing: /home/wuji/wujihand/wujihand-ros2/wujihand_ws/install/wujihand_description/share/wujihand_description/rviz/robot_display.rviz
[2.031s] -- Installing: /home/wuji/wujihand/wujihand-ros2/wujihand_ws/install/wujihand_description/share/ament_index/resource_index/package_run_dependencies/wujihand_description
[2.031s] -- Installing: /home/wuji/wujihand/wujihand-ros2/wujihand_ws/install/wujihand_description/share/ament_index/resource_index/parent_prefix_path/wujihand_description
[2.032s] -- Installing: /home/wuji/wujihand/wujihand-ros2/wujihand_ws/install/wujihand_description/share/wujihand_description/environment/ament_prefix_path.sh
[2.032s] -- Installing: /home/wuji/wujihand/wujihand-ros2/wujihand_ws/install/wujihand_description/share/wujihand_description/environment/ament_prefix_path.dsv
[2.032s] -- Installing: /home/wuji/wujihand/wujihand-ros2/wujihand_ws/install/wujihand_description/share/wujihand_description/environment/path.sh
[2.032s] -- Installing: /home/wuji/wujihand/wujihand-ros2/wujihand_ws/install/wujihand_description/share/wujihand_description/environment/path.dsv
[2.032s] -- Installing: /home/wuji/wujihand/wujihand-ros2/wujihand_ws/install/wujihand_description/share/wujihand_description/local_setup.bash
[2.033s] -- Installing: /home/wuji/wujihand/wujihand-ros2/wujihand_ws/install/wujihand_description/share/wujihand_description/local_setup.sh
[2.033s] -- Installing: /home/wuji/wujihand/wujihand-ros2/wujihand_ws/install/wujihand_description/share/wujihand_description/local_setup.zsh
[2.033s] -- Installing: /home/wuji/wujihand/wujihand-ros2/wujihand_ws/install/wujihand_description/share/wujihand_description/local_setup.dsv
[2.033s] -- Installing: /home/wuji/wujihand/wujihand-ros2/wujihand_ws/install/wujihand_description/share/wujihand_description/package.dsv
[2.034s] -- Installing: /home/wuji/wujihand/wujihand-ros2/wujihand_ws/install/wujihand_description/share/ament_index/resource_index/packages/wujihand_description
[2.034s] -- Installing: /home/wuji/wujihand/wujihand-ros2/wujihand_ws/install/wujihand_description/share/wujihand_description/cmake/wujihand_descriptionConfig.cmake
[2.034s] -- Installing: /home/wuji/wujihand/wujihand-ros2/wujihand_ws/install/wujihand_description/share/wujihand_description/cmake/wujihand_descriptionConfig-version.cmake
[2.034s] -- Installing: /home/wuji/wujihand/wujihand-ros2/wujihand_ws/install/wujihand_description/share/wujihand_description/package.xml
[2.038s] Invoked command in '/home/wuji/wujihand/wujihand-ros2/wujihand_ws/build/wujihand_description' returned '0': CMAKE_PREFIX_PATH=${CMAKE_PREFIX_PATH}:/opt/ros/kilted /usr/bin/cmake --install /home/wuji/wujihand/wujihand-ros2/wujihand_ws/build/wujihand_description
