[ 33%] [32mBuilding CXX object CMakeFiles/wujihand_driver_node.dir/src/wujihand_driver_node.cpp.o[0m
[ 66%] [32m[1mLinking CXX executable wujihand_driver_node[0m
[100%] Built target wujihand_driver_node
-- Install configuration: ""
-- Installing: /home/wuji/wujihand/wujihand-ros2/wujihand_ws/install/wujihand_driver/lib/wujihand_driver/wujihand_driver_node
-- Set non-toolchain portion of runtime path of "/home/wuji/wujihand/wujihand-ros2/wujihand_ws/install/wujihand_driver/lib/wujihand_driver/wujihand_driver_node" to ""
-- Up-to-date: /home/wuji/wujihand/wujihand-ros2/wujihand_ws/install/wujihand_driver/include
-- Up-to-date: /home/wuji/wujihand/wujihand-ros2/wujihand_ws/install/wujihand_driver/include/wujihand_driver
-- Up-to-date: /home/wuji/wujihand/wujihand-ros2/wujihand_ws/install/wujihand_driver/include/wujihand_driver/wujihand_driver_node.hpp
-- Up-to-date: /home/wuji/wujihand/wujihand-ros2/wujihand_ws/install/wujihand_driver/share/ament_index/resource_index/package_run_dependencies/wujihand_driver
-- Up-to-date: /home/wuji/wujihand/wujihand-ros2/wujihand_ws/install/wujihand_driver/share/ament_index/resource_index/parent_prefix_path/wujihand_driver
-- Up-to-date: /home/wuji/wujihand/wujihand-ros2/wujihand_ws/install/wujihand_driver/share/wujihand_driver/environment/ament_prefix_path.sh
-- Up-to-date: /home/wuji/wujihand/wujihand-ros2/wujihand_ws/install/wujihand_driver/share/wujihand_driver/environment/ament_prefix_path.dsv
-- Up-to-date: /home/wuji/wujihand/wujihand-ros2/wujihand_ws/install/wujihand_driver/share/wujihand_driver/environment/path.sh
-- Up-to-date: /home/wuji/wujihand/wujihand-ros2/wujihand_ws/install/wujihand_driver/share/wujihand_driver/environment/path.dsv
-- Up-to-date: /home/wuji/wujihand/wujihand-ros2/wujihand_ws/install/wujihand_driver/share/wujihand_driver/local_setup.bash
-- Up-to-date: /home/wuji/wujihand/wujihand-ros2/wujihand_ws/install/wujihand_driver/share/wujihand_driver/local_setup.sh
-- Up-to-date: /home/wuji/wujihand/wujihand-ros2/wujihand_ws/install/wujihand_driver/share/wujihand_driver/local_setup.zsh
-- Up-to-date: /home/wuji/wujihand/wujihand-ros2/wujihand_ws/install/wujihand_driver/share/wujihand_driver/local_setup.dsv
-- Installing: /home/wuji/wujihand/wujihand-ros2/wujihand_ws/install/wujihand_driver/share/wujihand_driver/package.dsv
-- Up-to-date: /home/wuji/wujihand/wujihand-ros2/wujihand_ws/install/wujihand_driver/share/ament_index/resource_index/packages/wujihand_driver
-- Up-to-date: /home/wuji/wujihand/wujihand-ros2/wujihand_ws/install/wujihand_driver/share/wujihand_driver/cmake/wujihand_driverConfig.cmake
-- Up-to-date: /home/wuji/wujihand/wujihand-ros2/wujihand_ws/install/wujihand_driver/share/wujihand_driver/cmake/wujihand_driverConfig-version.cmake
-- Up-to-date: /home/wuji/wujihand/wujihand-ros2/wujihand_ws/install/wujihand_driver/share/wujihand_driver/package.xml
