[0.012s] Invoking command in '/home/wuji/wujihand/wujihand-ros2/wujihand_ws/build/wujihand_msgs': CMAKE_PREFIX_PATH=${CMAKE_PREFIX_PATH}:/opt/ros/kilted /usr/bin/cmake /home/wuji/wujihand/wujihand-ros2/wujihand_ws/src/wujihand/wujihand_msgs -DCMAKE_INSTALL_PREFIX=/home/wuji/wujihand/wujihand-ros2/wujihand_ws/install/wujihand_msgs
[0.184s] -- The C compiler identification is GNU 13.3.0
[0.654s] -- The CXX compiler identification is GNU 13.3.0
[1.137s] -- Detecting C compiler ABI info
[1.308s] -- Detecting C compiler ABI info - done
[1.313s] -- Check for working C compiler: /usr/bin/cc - skipped
[1.314s] -- Detecting C compile features
[1.314s] -- Detecting C compile features - done
[1.375s] -- Detecting CXX compiler ABI info
[1.617s] -- Detecting CXX compiler ABI info - done
[1.624s] -- Check for working CXX compiler: /usr/bin/c++ - skipped
[1.624s] -- Detecting CXX compile features
[1.624s] -- Detecting CXX compile features - done
[1.638s] -- Found ament_cmake: 2.7.3 (/opt/ros/kilted/share/ament_cmake/cmake)
[1.756s] -- Found Python3: /usr/bin/python3 (found version "3.12.3") found components: Interpreter 
[1.845s] -- Found rosidl_default_generators: 1.7.1 (/opt/ros/kilted/share/rosidl_default_generators/cmake)
[1.851s] -- Using all available rosidl_typesupport_c: rosidl_typesupport_fastrtps_c;rosidl_typesupport_introspection_c
[2.070s] -- Using all available rosidl_typesupport_cpp: rosidl_typesupport_fastrtps_cpp;rosidl_typesupport_introspection_cpp
[2.115s] -- Found rosidl_adapter: 4.9.5 (/opt/ros/kilted/share/rosidl_adapter/cmake)
[2.118s] -- Found std_msgs: 5.5.1 (/opt/ros/kilted/share/std_msgs/cmake)
[2.634s] -- Found ament_cmake_ros_core: 0.14.5 (/opt/ros/kilted/share/ament_cmake_ros_core/cmake)
[2.920s] -- Using all available rosidl_typesupport_c: rosidl_typesupport_fastrtps_c;rosidl_typesupport_introspection_c
[3.306s] -- Using all available rosidl_typesupport_cpp: rosidl_typesupport_fastrtps_cpp;rosidl_typesupport_introspection_cpp
[3.595s] -- Found Python3: /usr/bin/python3 (found version "3.12.3") found components: Interpreter Development NumPy Development.Module Development.Embed 
[3.632s] -- Configuring done (3.6s)
[3.666s] -- Generating done (0.0s)
[3.674s] -- Build files have been written to: /home/wuji/wujihand/wujihand-ros2/wujihand_ws/build/wujihand_msgs
[3.680s] Invoked command in '/home/wuji/wujihand/wujihand-ros2/wujihand_ws/build/wujihand_msgs' returned '0': CMAKE_PREFIX_PATH=${CMAKE_PREFIX_PATH}:/opt/ros/kilted /usr/bin/cmake /home/wuji/wujihand/wujihand-ros2/wujihand_ws/src/wujihand/wujihand_msgs -DCMAKE_INSTALL_PREFIX=/home/wuji/wujihand/wujihand-ros2/wujihand_ws/install/wujihand_msgs
[3.681s] Invoking command in '/home/wuji/wujihand/wujihand-ros2/wujihand_ws/build/wujihand_msgs': CMAKE_PREFIX_PATH=${CMAKE_PREFIX_PATH}:/opt/ros/kilted /usr/bin/cmake --build /home/wuji/wujihand/wujihand-ros2/wujihand_ws/build/wujihand_msgs -- -j24 -l24
[3.715s] [  1%] [34m[1mGenerating type hashes for ROS interfaces[0m
[3.722s] [  1%] Built target ament_cmake_python_copy_wujihand_msgs
[3.851s] running egg_info
[3.852s] creating wujihand_msgs.egg-info
[3.862s] writing wujihand_msgs.egg-info/PKG-INFO
[3.862s] writing dependency_links to wujihand_msgs.egg-info/dependency_links.txt
[3.862s] writing top-level names to wujihand_msgs.egg-info/top_level.txt
[3.862s] writing manifest file 'wujihand_msgs.egg-info/SOURCES.txt'
[3.888s] reading manifest file 'wujihand_msgs.egg-info/SOURCES.txt'
[3.889s] writing manifest file 'wujihand_msgs.egg-info/SOURCES.txt'
[3.905s] [  1%] Built target ament_cmake_python_build_wujihand_msgs_egg
[3.954s] [  1%] Built target wujihand_msgs__rosidl_generator_type_description
[3.960s] [  2%] [34m[1mGenerating C code for ROS interfaces[0m
[3.967s] [  4%] [34m[1mGenerating C++ code for ROS interfaces[0m
[4.348s] [  4%] Built target wujihand_msgs__cpp
[4.399s] [ 10%] [32mBuilding C object CMakeFiles/wujihand_msgs__rosidl_generator_c.dir/rosidl_generator_c/wujihand_msgs/msg/detail/hand_command__description.c.o[0m
[4.399s] [ 10%] [32mBuilding C object CMakeFiles/wujihand_msgs__rosidl_generator_c.dir/rosidl_generator_c/wujihand_msgs/srv/detail/set_enabled__description.c.o[0m
[4.400s] [ 10%] [32mBuilding C object CMakeFiles/wujihand_msgs__rosidl_generator_c.dir/rosidl_generator_c/wujihand_msgs/msg/detail/hand_state__description.c.o[0m
[4.400s] [ 10%] [32mBuilding C object CMakeFiles/wujihand_msgs__rosidl_generator_c.dir/rosidl_generator_c/wujihand_msgs/msg/detail/hand_state__functions.c.o[0m
[4.400s] [ 10%] [32mBuilding C object CMakeFiles/wujihand_msgs__rosidl_generator_c.dir/rosidl_generator_c/wujihand_msgs/msg/detail/hand_state__type_support.c.o[0m
[4.400s] [ 12%] [32mBuilding C object CMakeFiles/wujihand_msgs__rosidl_generator_c.dir/rosidl_generator_c/wujihand_msgs/srv/detail/get_hand_info__functions.c.o[0m
[4.400s] [ 14%] [32mBuilding C object CMakeFiles/wujihand_msgs__rosidl_generator_c.dir/rosidl_generator_c/wujihand_msgs/srv/detail/set_enabled__functions.c.o[0m
[4.400s] [ 14%] [32mBuilding C object CMakeFiles/wujihand_msgs__rosidl_generator_c.dir/rosidl_generator_c/wujihand_msgs/srv/detail/reset_error__description.c.o[0m
[4.400s] [ 16%] [32mBuilding C object CMakeFiles/wujihand_msgs__rosidl_generator_c.dir/rosidl_generator_c/wujihand_msgs/srv/detail/get_hand_info__description.c.o[0m
[4.400s] [ 17%] [32mBuilding C object CMakeFiles/wujihand_msgs__rosidl_generator_c.dir/rosidl_generator_c/wujihand_msgs/srv/detail/reset_error__type_support.c.o[0m
[4.400s] [ 18%] [32mBuilding C object CMakeFiles/wujihand_msgs__rosidl_generator_c.dir/rosidl_generator_c/wujihand_msgs/msg/detail/hand_command__type_support.c.o[0m
[4.401s] [ 20%] [32mBuilding C object CMakeFiles/wujihand_msgs__rosidl_generator_c.dir/rosidl_generator_c/wujihand_msgs/msg/detail/hand_command__functions.c.o[0m
[4.402s] [ 22%] [32mBuilding C object CMakeFiles/wujihand_msgs__rosidl_generator_c.dir/rosidl_generator_c/wujihand_msgs/srv/detail/get_hand_info__type_support.c.o[0m
[4.402s] [ 22%] [32mBuilding C object CMakeFiles/wujihand_msgs__rosidl_generator_c.dir/rosidl_generator_c/wujihand_msgs/srv/detail/set_enabled__type_support.c.o[0m
[4.402s] [ 24%] [32mBuilding C object CMakeFiles/wujihand_msgs__rosidl_generator_c.dir/rosidl_generator_c/wujihand_msgs/srv/detail/reset_error__functions.c.o[0m
[4.476s] [ 25%] [32m[1mLinking C shared library libwujihand_msgs__rosidl_generator_c.so[0m
[4.596s] [ 25%] Built target wujihand_msgs__rosidl_generator_c
[4.604s] [ 33%] [34m[1mGenerating C type support dispatch for ROS interfaces[0m
[4.604s] [ 33%] [34m[1mGenerating C introspection for ROS interfaces[0m
[4.604s] [ 33%] [34m[1mGenerating C++ type support for eProsima Fast-RTPS[0m
[4.604s] [ 33%] [34m[1mGenerating C++ introspection for ROS interfaces[0m
[4.604s] [ 33%] [34m[1mGenerating C type support for eProsima Fast-RTPS[0m
[4.604s] [ 33%] [34m[1mGenerating C++ type support dispatch for ROS interfaces[0m
[4.922s] [ 36%] [32mBuilding CXX object CMakeFiles/wujihand_msgs__rosidl_typesupport_c.dir/rosidl_typesupport_c/wujihand_msgs/msg/hand_command__type_support.cpp.o[0m
[4.922s] [ 36%] [32mBuilding CXX object CMakeFiles/wujihand_msgs__rosidl_typesupport_c.dir/rosidl_typesupport_c/wujihand_msgs/srv/reset_error__type_support.cpp.o[0m
[4.922s] [ 37%] [32mBuilding CXX object CMakeFiles/wujihand_msgs__rosidl_typesupport_c.dir/rosidl_typesupport_c/wujihand_msgs/msg/hand_state__type_support.cpp.o[0m
[4.923s] [ 39%] [32mBuilding CXX object CMakeFiles/wujihand_msgs__rosidl_typesupport_c.dir/rosidl_typesupport_c/wujihand_msgs/srv/set_enabled__type_support.cpp.o[0m
[4.924s] [ 40%] [32mBuilding CXX object CMakeFiles/wujihand_msgs__rosidl_typesupport_c.dir/rosidl_typesupport_c/wujihand_msgs/srv/get_hand_info__type_support.cpp.o[0m
[4.946s] [ 44%] [32mBuilding CXX object CMakeFiles/wujihand_msgs__rosidl_typesupport_cpp.dir/rosidl_typesupport_cpp/wujihand_msgs/srv/get_hand_info__type_support.cpp.o[0m
[4.946s] [ 47%] [32mBuilding CXX object CMakeFiles/wujihand_msgs__rosidl_typesupport_cpp.dir/rosidl_typesupport_cpp/wujihand_msgs/msg/hand_command__type_support.cpp.o[0m
[4.946s] [ 47%] [32mBuilding CXX object CMakeFiles/wujihand_msgs__rosidl_typesupport_cpp.dir/rosidl_typesupport_cpp/wujihand_msgs/srv/set_enabled__type_support.cpp.o[0m
[4.946s] [ 47%] [32mBuilding CXX object CMakeFiles/wujihand_msgs__rosidl_typesupport_cpp.dir/rosidl_typesupport_cpp/wujihand_msgs/msg/hand_state__type_support.cpp.o[0m
[4.946s] [ 47%] [32mBuilding CXX object CMakeFiles/wujihand_msgs__rosidl_typesupport_cpp.dir/rosidl_typesupport_cpp/wujihand_msgs/srv/reset_error__type_support.cpp.o[0m
[4.981s] [ 48%] [32m[1mLinking CXX shared library libwujihand_msgs__rosidl_typesupport_c.so[0m
[5.014s] [ 52%] [32mBuilding CXX object CMakeFiles/wujihand_msgs__rosidl_typesupport_introspection_cpp.dir/rosidl_typesupport_introspection_cpp/wujihand_msgs/srv/detail/get_hand_info__type_support.cpp.o[0m
[5.015s] [ 52%] [32mBuilding CXX object CMakeFiles/wujihand_msgs__rosidl_typesupport_introspection_cpp.dir/rosidl_typesupport_introspection_cpp/wujihand_msgs/srv/detail/reset_error__type_support.cpp.o[0m
[5.015s] [ 52%] [32mBuilding CXX object CMakeFiles/wujihand_msgs__rosidl_typesupport_introspection_cpp.dir/rosidl_typesupport_introspection_cpp/wujihand_msgs/msg/detail/hand_command__type_support.cpp.o[0m
[5.015s] [ 54%] [32mBuilding CXX object CMakeFiles/wujihand_msgs__rosidl_typesupport_introspection_cpp.dir/rosidl_typesupport_introspection_cpp/wujihand_msgs/srv/detail/set_enabled__type_support.cpp.o[0m
[5.015s] [ 55%] [32mBuilding CXX object CMakeFiles/wujihand_msgs__rosidl_typesupport_introspection_cpp.dir/rosidl_typesupport_introspection_cpp/wujihand_msgs/msg/detail/hand_state__type_support.cpp.o[0m
[5.032s] [ 62%] [32mBuilding C object CMakeFiles/wujihand_msgs__rosidl_typesupport_introspection_c.dir/rosidl_typesupport_introspection_c/wujihand_msgs/msg/detail/hand_state__type_support.c.o[0m
[5.032s] [ 62%] [32mBuilding C object CMakeFiles/wujihand_msgs__rosidl_typesupport_introspection_c.dir/rosidl_typesupport_introspection_c/wujihand_msgs/msg/detail/hand_command__type_support.c.o[0m
[5.032s] [ 62%] [32mBuilding C object CMakeFiles/wujihand_msgs__rosidl_typesupport_introspection_c.dir/rosidl_typesupport_introspection_c/wujihand_msgs/srv/detail/get_hand_info__type_support.c.o[0m
[5.032s] [ 62%] [32mBuilding C object CMakeFiles/wujihand_msgs__rosidl_typesupport_introspection_c.dir/rosidl_typesupport_introspection_c/wujihand_msgs/srv/detail/reset_error__type_support.c.o[0m
[5.032s] [ 62%] [32mBuilding C object CMakeFiles/wujihand_msgs__rosidl_typesupport_introspection_c.dir/rosidl_typesupport_introspection_c/wujihand_msgs/srv/detail/set_enabled__type_support.c.o[0m
[5.099s] [ 63%] [32m[1mLinking C shared library libwujihand_msgs__rosidl_typesupport_introspection_c.so[0m
[5.170s] [ 67%] [32mBuilding CXX object CMakeFiles/wujihand_msgs__rosidl_typesupport_fastrtps_cpp.dir/rosidl_typesupport_fastrtps_cpp/wujihand_msgs/srv/detail/dds_fastrtps/set_enabled__type_support.cpp.o[0m
[5.170s] [ 67%] [32mBuilding CXX object CMakeFiles/wujihand_msgs__rosidl_typesupport_fastrtps_cpp.dir/rosidl_typesupport_fastrtps_cpp/wujihand_msgs/srv/detail/dds_fastrtps/get_hand_info__type_support.cpp.o[0m
[5.170s] [ 67%] [32mBuilding CXX object CMakeFiles/wujihand_msgs__rosidl_typesupport_fastrtps_cpp.dir/rosidl_typesupport_fastrtps_cpp/wujihand_msgs/msg/detail/dds_fastrtps/hand_state__type_support.cpp.o[0m
[5.171s] [ 68%] [32mBuilding CXX object CMakeFiles/wujihand_msgs__rosidl_typesupport_fastrtps_cpp.dir/rosidl_typesupport_fastrtps_cpp/wujihand_msgs/msg/detail/dds_fastrtps/hand_command__type_support.cpp.o[0m
[5.171s] [ 70%] [32mBuilding CXX object CMakeFiles/wujihand_msgs__rosidl_typesupport_fastrtps_cpp.dir/rosidl_typesupport_fastrtps_cpp/wujihand_msgs/srv/detail/dds_fastrtps/reset_error__type_support.cpp.o[0m
[5.286s] [ 72%] [32mBuilding CXX object CMakeFiles/wujihand_msgs__rosidl_typesupport_fastrtps_c.dir/rosidl_typesupport_fastrtps_c/wujihand_msgs/srv/detail/reset_error__type_support_c.cpp.o[0m
[5.286s] [ 72%] [32mBuilding CXX object CMakeFiles/wujihand_msgs__rosidl_typesupport_fastrtps_c.dir/rosidl_typesupport_fastrtps_c/wujihand_msgs/srv/detail/set_enabled__type_support_c.cpp.o[0m
[5.286s] [ 74%] [32mBuilding CXX object CMakeFiles/wujihand_msgs__rosidl_typesupport_fastrtps_c.dir/rosidl_typesupport_fastrtps_c/wujihand_msgs/msg/detail/hand_command__type_support_c.cpp.o[0m
[5.286s] [ 75%] [32mBuilding CXX object CMakeFiles/wujihand_msgs__rosidl_typesupport_fastrtps_c.dir/rosidl_typesupport_fastrtps_c/wujihand_msgs/srv/detail/get_hand_info__type_support_c.cpp.o[0m
[5.288s] [ 77%] [32mBuilding CXX object CMakeFiles/wujihand_msgs__rosidl_typesupport_fastrtps_c.dir/rosidl_typesupport_fastrtps_c/wujihand_msgs/msg/detail/hand_state__type_support_c.cpp.o[0m
[5.318s] [ 77%] Built target wujihand_msgs__rosidl_typesupport_c
[5.414s] [ 77%] Built target wujihand_msgs__rosidl_typesupport_introspection_c
[5.628s] [ 78%] [32m[1mLinking CXX shared library libwujihand_msgs__rosidl_typesupport_cpp.so[0m
[5.713s] [ 79%] [32m[1mLinking CXX shared library libwujihand_msgs__rosidl_typesupport_introspection_cpp.so[0m
[5.963s] [ 79%] Built target wujihand_msgs__rosidl_typesupport_cpp
[6.010s] [ 81%] [32m[1mLinking CXX shared library libwujihand_msgs__rosidl_typesupport_fastrtps_c.so[0m
[6.030s] [ 81%] Built target wujihand_msgs__rosidl_typesupport_introspection_cpp
[6.059s] [ 82%] [32m[1mLinking CXX shared library libwujihand_msgs__rosidl_typesupport_fastrtps_cpp.so[0m
[6.212s] [ 82%] Built target wujihand_msgs__rosidl_typesupport_fastrtps_c
[6.246s] [ 82%] Built target wujihand_msgs__rosidl_typesupport_fastrtps_cpp
[6.264s] [ 82%] Built target wujihand_msgs
[6.285s] [ 83%] [34m[1mGenerating Python code for ROS interfaces[0m
[7.004s] [ 83%] Built target wujihand_msgs__py
[7.022s] [ 90%] [32mBuilding C object CMakeFiles/wujihand_msgs__rosidl_generator_py.dir/rosidl_generator_py/wujihand_msgs/msg/_hand_state_s.c.o[0m
[7.022s] [ 90%] [32mBuilding C object CMakeFiles/wujihand_msgs__rosidl_generator_py.dir/rosidl_generator_py/wujihand_msgs/srv/_set_enabled_s.c.o[0m
[7.022s] [ 90%] [32mBuilding C object CMakeFiles/wujihand_msgs__rosidl_generator_py.dir/rosidl_generator_py/wujihand_msgs/msg/_hand_command_s.c.o[0m
[7.022s] [ 90%] [32mBuilding C object CMakeFiles/wujihand_msgs__rosidl_generator_py.dir/rosidl_generator_py/wujihand_msgs/srv/_reset_error_s.c.o[0m
[7.022s] [ 90%] [32mBuilding C object CMakeFiles/wujihand_msgs__rosidl_generator_py.dir/rosidl_generator_py/wujihand_msgs/srv/_get_hand_info_s.c.o[0m
[7.166s] [ 91%] [32m[1mLinking C shared library libwujihand_msgs__rosidl_generator_py.so[0m
[7.303s] [ 91%] Built target wujihand_msgs__rosidl_generator_py
[7.318s] [ 95%] [32mBuilding C object CMakeFiles/wujihand_msgs_s__rosidl_typesupport_fastrtps_c.dir/rosidl_generator_py/wujihand_msgs/_wujihand_msgs_s.ep.rosidl_typesupport_fastrtps_c.c.o[0m
[7.318s] [ 95%] [32mBuilding C object CMakeFiles/wujihand_msgs_s__rosidl_typesupport_c.dir/rosidl_generator_py/wujihand_msgs/_wujihand_msgs_s.ep.rosidl_typesupport_c.c.o[0m
[7.318s] [ 95%] [32mBuilding C object CMakeFiles/wujihand_msgs_s__rosidl_typesupport_introspection_c.dir/rosidl_generator_py/wujihand_msgs/_wujihand_msgs_s.ep.rosidl_typesupport_introspection_c.c.o[0m
[7.414s] [100%] [32m[1mLinking C shared module rosidl_generator_py/wujihand_msgs/wujihand_msgs_s__rosidl_typesupport_fastrtps_c.so[0m
[7.415s] [100%] [32m[1mLinking C shared module rosidl_generator_py/wujihand_msgs/wujihand_msgs_s__rosidl_typesupport_c.so[0m
[7.415s] [100%] [32m[1mLinking C shared module rosidl_generator_py/wujihand_msgs/wujihand_msgs_s__rosidl_typesupport_introspection_c.so[0m
[7.523s] [100%] Built target wujihand_msgs_s__rosidl_typesupport_introspection_c
[7.523s] [100%] Built target wujihand_msgs_s__rosidl_typesupport_fastrtps_c
[7.530s] [100%] Built target wujihand_msgs_s__rosidl_typesupport_c
[7.543s] Invoked command in '/home/wuji/wujihand/wujihand-ros2/wujihand_ws/build/wujihand_msgs' returned '0': CMAKE_PREFIX_PATH=${CMAKE_PREFIX_PATH}:/opt/ros/kilted /usr/bin/cmake --build /home/wuji/wujihand/wujihand-ros2/wujihand_ws/build/wujihand_msgs -- -j24 -l24
[7.545s] Invoking command in '/home/wuji/wujihand/wujihand-ros2/wujihand_ws/build/wujihand_msgs': CMAKE_PREFIX_PATH=${CMAKE_PREFIX_PATH}:/opt/ros/kilted /usr/bin/cmake --install /home/wuji/wujihand/wujihand-ros2/wujihand_ws/build/wujihand_msgs
[7.554s] -- Install configuration: ""
[7.555s] -- Installing: /home/wuji/wujihand/wujihand-ros2/wujihand_ws/install/wujihand_msgs/share/ament_index/resource_index/rosidl_interfaces/wujihand_msgs
[7.556s] -- Installing: /home/wuji/wujihand/wujihand-ros2/wujihand_ws/install/wujihand_msgs/share/wujihand_msgs/msg/HandState.json
[7.556s] -- Installing: /home/wuji/wujihand/wujihand-ros2/wujihand_ws/install/wujihand_msgs/share/wujihand_msgs/msg/HandCommand.json
[7.556s] -- Installing: /home/wuji/wujihand/wujihand-ros2/wujihand_ws/install/wujihand_msgs/share/wujihand_msgs/srv/SetEnabled.json
[7.557s] -- Installing: /home/wuji/wujihand/wujihand-ros2/wujihand_ws/install/wujihand_msgs/share/wujihand_msgs/srv/GetHandInfo.json
[7.557s] -- Installing: /home/wuji/wujihand/wujihand-ros2/wujihand_ws/install/wujihand_msgs/share/wujihand_msgs/srv/ResetError.json
[7.557s] -- Installing: /home/wuji/wujihand/wujihand-ros2/wujihand_ws/install/wujihand_msgs/include/wujihand_msgs/wujihand_msgs
[7.558s] -- Installing: /home/wuji/wujihand/wujihand-ros2/wujihand_ws/install/wujihand_msgs/include/wujihand_msgs/wujihand_msgs/msg
[7.558s] -- Installing: /home/wuji/wujihand/wujihand-ros2/wujihand_ws/install/wujihand_msgs/include/wujihand_msgs/wujihand_msgs/msg/rosidl_generator_c__visibility_control.h
[7.558s] -- Installing: /home/wuji/wujihand/wujihand-ros2/wujihand_ws/install/wujihand_msgs/include/wujihand_msgs/wujihand_msgs/msg/hand_state.h
[7.558s] -- Installing: /home/wuji/wujihand/wujihand-ros2/wujihand_ws/install/wujihand_msgs/include/wujihand_msgs/wujihand_msgs/msg/detail
[7.559s] -- Installing: /home/wuji/wujihand/wujihand-ros2/wujihand_ws/install/wujihand_msgs/include/wujihand_msgs/wujihand_msgs/msg/detail/hand_state__struct.h
[7.559s] -- Installing: /home/wuji/wujihand/wujihand-ros2/wujihand_ws/install/wujihand_msgs/include/wujihand_msgs/wujihand_msgs/msg/detail/hand_state__type_support.h
[7.559s] -- Installing: /home/wuji/wujihand/wujihand-ros2/wujihand_ws/install/wujihand_msgs/include/wujihand_msgs/wujihand_msgs/msg/detail/hand_state__description.c
[7.559s] -- Installing: /home/wuji/wujihand/wujihand-ros2/wujihand_ws/install/wujihand_msgs/include/wujihand_msgs/wujihand_msgs/msg/detail/hand_state__type_support.c
[7.559s] -- Installing: /home/wuji/wujihand/wujihand-ros2/wujihand_ws/install/wujihand_msgs/include/wujihand_msgs/wujihand_msgs/msg/detail/hand_command__struct.h
[7.559s] -- Installing: /home/wuji/wujihand/wujihand-ros2/wujihand_ws/install/wujihand_msgs/include/wujihand_msgs/wujihand_msgs/msg/detail/hand_state__functions.h
[7.560s] -- Installing: /home/wuji/wujihand/wujihand-ros2/wujihand_ws/install/wujihand_msgs/include/wujihand_msgs/wujihand_msgs/msg/detail/hand_command__description.c
[7.560s] -- Installing: /home/wuji/wujihand/wujihand-ros2/wujihand_ws/install/wujihand_msgs/include/wujihand_msgs/wujihand_msgs/msg/detail/hand_command__functions.h
[7.560s] -- Installing: /home/wuji/wujihand/wujihand-ros2/wujihand_ws/install/wujihand_msgs/include/wujihand_msgs/wujihand_msgs/msg/detail/hand_command__type_support.h
[7.560s] -- Installing: /home/wuji/wujihand/wujihand-ros2/wujihand_ws/install/wujihand_msgs/include/wujihand_msgs/wujihand_msgs/msg/detail/hand_command__functions.c
[7.560s] -- Installing: /home/wuji/wujihand/wujihand-ros2/wujihand_ws/install/wujihand_msgs/include/wujihand_msgs/wujihand_msgs/msg/detail/hand_command__type_support.c
[7.560s] -- Installing: /home/wuji/wujihand/wujihand-ros2/wujihand_ws/install/wujihand_msgs/include/wujihand_msgs/wujihand_msgs/msg/detail/hand_state__functions.c
[7.560s] -- Installing: /home/wuji/wujihand/wujihand-ros2/wujihand_ws/install/wujihand_msgs/include/wujihand_msgs/wujihand_msgs/msg/hand_command.h
[7.560s] -- Installing: /home/wuji/wujihand/wujihand-ros2/wujihand_ws/install/wujihand_msgs/include/wujihand_msgs/wujihand_msgs/srv
[7.561s] -- Installing: /home/wuji/wujihand/wujihand-ros2/wujihand_ws/install/wujihand_msgs/include/wujihand_msgs/wujihand_msgs/srv/reset_error.h
[7.561s] -- Installing: /home/wuji/wujihand/wujihand-ros2/wujihand_ws/install/wujihand_msgs/include/wujihand_msgs/wujihand_msgs/srv/detail
[7.561s] -- Installing: /home/wuji/wujihand/wujihand-ros2/wujihand_ws/install/wujihand_msgs/include/wujihand_msgs/wujihand_msgs/srv/detail/set_enabled__functions.c
[7.561s] -- Installing: /home/wuji/wujihand/wujihand-ros2/wujihand_ws/install/wujihand_msgs/include/wujihand_msgs/wujihand_msgs/srv/detail/get_hand_info__type_support.h
[7.562s] -- Installing: /home/wuji/wujihand/wujihand-ros2/wujihand_ws/install/wujihand_msgs/include/wujihand_msgs/wujihand_msgs/srv/detail/get_hand_info__functions.h
[7.562s] -- Installing: /home/wuji/wujihand/wujihand-ros2/wujihand_ws/install/wujihand_msgs/include/wujihand_msgs/wujihand_msgs/srv/detail/set_enabled__type_support.c
[7.562s] -- Installing: /home/wuji/wujihand/wujihand-ros2/wujihand_ws/install/wujihand_msgs/include/wujihand_msgs/wujihand_msgs/srv/detail/reset_error__type_support.c
[7.562s] -- Installing: /home/wuji/wujihand/wujihand-ros2/wujihand_ws/install/wujihand_msgs/include/wujihand_msgs/wujihand_msgs/srv/detail/reset_error__type_support.h
[7.562s] -- Installing: /home/wuji/wujihand/wujihand-ros2/wujihand_ws/install/wujihand_msgs/include/wujihand_msgs/wujihand_msgs/srv/detail/set_enabled__description.c
[7.562s] -- Installing: /home/wuji/wujihand/wujihand-ros2/wujihand_ws/install/wujihand_msgs/include/wujihand_msgs/wujihand_msgs/srv/detail/reset_error__description.c
[7.562s] -- Installing: /home/wuji/wujihand/wujihand-ros2/wujihand_ws/install/wujihand_msgs/include/wujihand_msgs/wujihand_msgs/srv/detail/reset_error__struct.h
[7.562s] -- Installing: /home/wuji/wujihand/wujihand-ros2/wujihand_ws/install/wujihand_msgs/include/wujihand_msgs/wujihand_msgs/srv/detail/get_hand_info__struct.h
[7.562s] -- Installing: /home/wuji/wujihand/wujihand-ros2/wujihand_ws/install/wujihand_msgs/include/wujihand_msgs/wujihand_msgs/srv/detail/reset_error__functions.h
[7.562s] -- Installing: /home/wuji/wujihand/wujihand-ros2/wujihand_ws/install/wujihand_msgs/include/wujihand_msgs/wujihand_msgs/srv/detail/set_enabled__type_support.h
[7.562s] -- Installing: /home/wuji/wujihand/wujihand-ros2/wujihand_ws/install/wujihand_msgs/include/wujihand_msgs/wujihand_msgs/srv/detail/get_hand_info__functions.c
[7.563s] -- Installing: /home/wuji/wujihand/wujihand-ros2/wujihand_ws/install/wujihand_msgs/include/wujihand_msgs/wujihand_msgs/srv/detail/get_hand_info__type_support.c
[7.563s] -- Installing: /home/wuji/wujihand/wujihand-ros2/wujihand_ws/install/wujihand_msgs/include/wujihand_msgs/wujihand_msgs/srv/detail/set_enabled__functions.h
[7.563s] -- Installing: /home/wuji/wujihand/wujihand-ros2/wujihand_ws/install/wujihand_msgs/include/wujihand_msgs/wujihand_msgs/srv/detail/reset_error__functions.c
[7.563s] -- Installing: /home/wuji/wujihand/wujihand-ros2/wujihand_ws/install/wujihand_msgs/include/wujihand_msgs/wujihand_msgs/srv/detail/get_hand_info__description.c
[7.563s] -- Installing: /home/wuji/wujihand/wujihand-ros2/wujihand_ws/install/wujihand_msgs/include/wujihand_msgs/wujihand_msgs/srv/detail/set_enabled__struct.h
[7.563s] -- Installing: /home/wuji/wujihand/wujihand-ros2/wujihand_ws/install/wujihand_msgs/include/wujihand_msgs/wujihand_msgs/srv/get_hand_info.h
[7.563s] -- Installing: /home/wuji/wujihand/wujihand-ros2/wujihand_ws/install/wujihand_msgs/include/wujihand_msgs/wujihand_msgs/srv/set_enabled.h
[7.563s] -- Installing: /home/wuji/wujihand/wujihand-ros2/wujihand_ws/install/wujihand_msgs/share/wujihand_msgs/environment/library_path.sh
[7.563s] -- Installing: /home/wuji/wujihand/wujihand-ros2/wujihand_ws/install/wujihand_msgs/share/wujihand_msgs/environment/library_path.dsv
[7.563s] -- Installing: /home/wuji/wujihand/wujihand-ros2/wujihand_ws/install/wujihand_msgs/lib/libwujihand_msgs__rosidl_generator_c.so
[7.563s] -- Set non-toolchain portion of runtime path of "/home/wuji/wujihand/wujihand-ros2/wujihand_ws/install/wujihand_msgs/lib/libwujihand_msgs__rosidl_generator_c.so" to ""
[7.563s] -- Up-to-date: /home/wuji/wujihand/wujihand-ros2/wujihand_ws/install/wujihand_msgs/include/wujihand_msgs/wujihand_msgs
[7.564s] -- Up-to-date: /home/wuji/wujihand/wujihand-ros2/wujihand_ws/install/wujihand_msgs/include/wujihand_msgs/wujihand_msgs/msg
[7.564s] -- Up-to-date: /home/wuji/wujihand/wujihand-ros2/wujihand_ws/install/wujihand_msgs/include/wujihand_msgs/wujihand_msgs/msg/detail
[7.564s] -- Installing: /home/wuji/wujihand/wujihand-ros2/wujihand_ws/install/wujihand_msgs/include/wujihand_msgs/wujihand_msgs/msg/detail/hand_command__rosidl_typesupport_fastrtps_c.h
[7.564s] -- Installing: /home/wuji/wujihand/wujihand-ros2/wujihand_ws/install/wujihand_msgs/include/wujihand_msgs/wujihand_msgs/msg/detail/hand_state__rosidl_typesupport_fastrtps_c.h
[7.564s] -- Installing: /home/wuji/wujihand/wujihand-ros2/wujihand_ws/install/wujihand_msgs/include/wujihand_msgs/wujihand_msgs/msg/rosidl_typesupport_fastrtps_c__visibility_control.h
[7.564s] -- Up-to-date: /home/wuji/wujihand/wujihand-ros2/wujihand_ws/install/wujihand_msgs/include/wujihand_msgs/wujihand_msgs/srv
[7.564s] -- Up-to-date: /home/wuji/wujihand/wujihand-ros2/wujihand_ws/install/wujihand_msgs/include/wujihand_msgs/wujihand_msgs/srv/detail
[7.564s] -- Installing: /home/wuji/wujihand/wujihand-ros2/wujihand_ws/install/wujihand_msgs/include/wujihand_msgs/wujihand_msgs/srv/detail/get_hand_info__rosidl_typesupport_fastrtps_c.h
[7.565s] -- Installing: /home/wuji/wujihand/wujihand-ros2/wujihand_ws/install/wujihand_msgs/include/wujihand_msgs/wujihand_msgs/srv/detail/set_enabled__rosidl_typesupport_fastrtps_c.h
[7.565s] -- Installing: /home/wuji/wujihand/wujihand-ros2/wujihand_ws/install/wujihand_msgs/include/wujihand_msgs/wujihand_msgs/srv/detail/reset_error__rosidl_typesupport_fastrtps_c.h
[7.565s] -- Installing: /home/wuji/wujihand/wujihand-ros2/wujihand_ws/install/wujihand_msgs/lib/libwujihand_msgs__rosidl_typesupport_fastrtps_c.so
[7.565s] -- Set non-toolchain portion of runtime path of "/home/wuji/wujihand/wujihand-ros2/wujihand_ws/install/wujihand_msgs/lib/libwujihand_msgs__rosidl_typesupport_fastrtps_c.so" to ""
[7.565s] -- Up-to-date: /home/wuji/wujihand/wujihand-ros2/wujihand_ws/install/wujihand_msgs/include/wujihand_msgs/wujihand_msgs
[7.565s] -- Up-to-date: /home/wuji/wujihand/wujihand-ros2/wujihand_ws/install/wujihand_msgs/include/wujihand_msgs/wujihand_msgs/msg
[7.565s] -- Installing: /home/wuji/wujihand/wujihand-ros2/wujihand_ws/install/wujihand_msgs/include/wujihand_msgs/wujihand_msgs/msg/rosidl_typesupport_introspection_c__visibility_control.h
[7.566s] -- Up-to-date: /home/wuji/wujihand/wujihand-ros2/wujihand_ws/install/wujihand_msgs/include/wujihand_msgs/wujihand_msgs/msg/detail
[7.566s] -- Installing: /home/wuji/wujihand/wujihand-ros2/wujihand_ws/install/wujihand_msgs/include/wujihand_msgs/wujihand_msgs/msg/detail/hand_state__type_support.c
[7.566s] -- Installing: /home/wuji/wujihand/wujihand-ros2/wujihand_ws/install/wujihand_msgs/include/wujihand_msgs/wujihand_msgs/msg/detail/hand_state__rosidl_typesupport_introspection_c.h
[7.566s] -- Installing: /home/wuji/wujihand/wujihand-ros2/wujihand_ws/install/wujihand_msgs/include/wujihand_msgs/wujihand_msgs/msg/detail/hand_command__rosidl_typesupport_introspection_c.h
[7.566s] -- Installing: /home/wuji/wujihand/wujihand-ros2/wujihand_ws/install/wujihand_msgs/include/wujihand_msgs/wujihand_msgs/msg/detail/hand_command__type_support.c
[7.566s] -- Up-to-date: /home/wuji/wujihand/wujihand-ros2/wujihand_ws/install/wujihand_msgs/include/wujihand_msgs/wujihand_msgs/srv
[7.566s] -- Up-to-date: /home/wuji/wujihand/wujihand-ros2/wujihand_ws/install/wujihand_msgs/include/wujihand_msgs/wujihand_msgs/srv/detail
[7.566s] -- Installing: /home/wuji/wujihand/wujihand-ros2/wujihand_ws/install/wujihand_msgs/include/wujihand_msgs/wujihand_msgs/srv/detail/set_enabled__type_support.c
[7.566s] -- Installing: /home/wuji/wujihand/wujihand-ros2/wujihand_ws/install/wujihand_msgs/include/wujihand_msgs/wujihand_msgs/srv/detail/reset_error__type_support.c
[7.566s] -- Installing: /home/wuji/wujihand/wujihand-ros2/wujihand_ws/install/wujihand_msgs/include/wujihand_msgs/wujihand_msgs/srv/detail/get_hand_info__type_support.c
[7.567s] -- Installing: /home/wuji/wujihand/wujihand-ros2/wujihand_ws/install/wujihand_msgs/include/wujihand_msgs/wujihand_msgs/srv/detail/reset_error__rosidl_typesupport_introspection_c.h
[7.567s] -- Installing: /home/wuji/wujihand/wujihand-ros2/wujihand_ws/install/wujihand_msgs/include/wujihand_msgs/wujihand_msgs/srv/detail/set_enabled__rosidl_typesupport_introspection_c.h
[7.567s] -- Installing: /home/wuji/wujihand/wujihand-ros2/wujihand_ws/install/wujihand_msgs/include/wujihand_msgs/wujihand_msgs/srv/detail/get_hand_info__rosidl_typesupport_introspection_c.h
[7.567s] -- Installing: /home/wuji/wujihand/wujihand-ros2/wujihand_ws/install/wujihand_msgs/lib/libwujihand_msgs__rosidl_typesupport_introspection_c.so
[7.567s] -- Set non-toolchain portion of runtime path of "/home/wuji/wujihand/wujihand-ros2/wujihand_ws/install/wujihand_msgs/lib/libwujihand_msgs__rosidl_typesupport_introspection_c.so" to ""
[7.567s] -- Installing: /home/wuji/wujihand/wujihand-ros2/wujihand_ws/install/wujihand_msgs/lib/libwujihand_msgs__rosidl_typesupport_c.so
[7.567s] -- Set non-toolchain portion of runtime path of "/home/wuji/wujihand/wujihand-ros2/wujihand_ws/install/wujihand_msgs/lib/libwujihand_msgs__rosidl_typesupport_c.so" to ""
[7.567s] -- Up-to-date: /home/wuji/wujihand/wujihand-ros2/wujihand_ws/install/wujihand_msgs/include/wujihand_msgs/wujihand_msgs
[7.567s] -- Up-to-date: /home/wuji/wujihand/wujihand-ros2/wujihand_ws/install/wujihand_msgs/include/wujihand_msgs/wujihand_msgs/msg
[7.568s] -- Installing: /home/wuji/wujihand/wujihand-ros2/wujihand_ws/install/wujihand_msgs/include/wujihand_msgs/wujihand_msgs/msg/hand_state.hpp
[7.568s] -- Installing: /home/wuji/wujihand/wujihand-ros2/wujihand_ws/install/wujihand_msgs/include/wujihand_msgs/wujihand_msgs/msg/rosidl_generator_cpp__visibility_control.hpp
[7.568s] -- Up-to-date: /home/wuji/wujihand/wujihand-ros2/wujihand_ws/install/wujihand_msgs/include/wujihand_msgs/wujihand_msgs/msg/detail
[7.568s] -- Installing: /home/wuji/wujihand/wujihand-ros2/wujihand_ws/install/wujihand_msgs/include/wujihand_msgs/wujihand_msgs/msg/detail/hand_command__builder.hpp
[7.568s] -- Installing: /home/wuji/wujihand/wujihand-ros2/wujihand_ws/install/wujihand_msgs/include/wujihand_msgs/wujihand_msgs/msg/detail/hand_state__traits.hpp
[7.568s] -- Installing: /home/wuji/wujihand/wujihand-ros2/wujihand_ws/install/wujihand_msgs/include/wujihand_msgs/wujihand_msgs/msg/detail/hand_state__builder.hpp
[7.568s] -- Installing: /home/wuji/wujihand/wujihand-ros2/wujihand_ws/install/wujihand_msgs/include/wujihand_msgs/wujihand_msgs/msg/detail/hand_state__struct.hpp
[7.568s] -- Installing: /home/wuji/wujihand/wujihand-ros2/wujihand_ws/install/wujihand_msgs/include/wujihand_msgs/wujihand_msgs/msg/detail/hand_command__type_support.hpp
[7.568s] -- Installing: /home/wuji/wujihand/wujihand-ros2/wujihand_ws/install/wujihand_msgs/include/wujihand_msgs/wujihand_msgs/msg/detail/hand_command__struct.hpp
[7.568s] -- Installing: /home/wuji/wujihand/wujihand-ros2/wujihand_ws/install/wujihand_msgs/include/wujihand_msgs/wujihand_msgs/msg/detail/hand_state__type_support.hpp
[7.569s] -- Installing: /home/wuji/wujihand/wujihand-ros2/wujihand_ws/install/wujihand_msgs/include/wujihand_msgs/wujihand_msgs/msg/detail/hand_command__traits.hpp
[7.569s] -- Installing: /home/wuji/wujihand/wujihand-ros2/wujihand_ws/install/wujihand_msgs/include/wujihand_msgs/wujihand_msgs/msg/hand_command.hpp
[7.569s] -- Up-to-date: /home/wuji/wujihand/wujihand-ros2/wujihand_ws/install/wujihand_msgs/include/wujihand_msgs/wujihand_msgs/srv
[7.570s] -- Installing: /home/wuji/wujihand/wujihand-ros2/wujihand_ws/install/wujihand_msgs/include/wujihand_msgs/wujihand_msgs/srv/reset_error.hpp
[7.570s] -- Installing: /home/wuji/wujihand/wujihand-ros2/wujihand_ws/install/wujihand_msgs/include/wujihand_msgs/wujihand_msgs/srv/set_enabled.hpp
[7.570s] -- Up-to-date: /home/wuji/wujihand/wujihand-ros2/wujihand_ws/install/wujihand_msgs/include/wujihand_msgs/wujihand_msgs/srv/detail
[7.571s] -- Installing: /home/wuji/wujihand/wujihand-ros2/wujihand_ws/install/wujihand_msgs/include/wujihand_msgs/wujihand_msgs/srv/detail/get_hand_info__traits.hpp
[7.571s] -- Installing: /home/wuji/wujihand/wujihand-ros2/wujihand_ws/install/wujihand_msgs/include/wujihand_msgs/wujihand_msgs/srv/detail/reset_error__traits.hpp
[7.571s] -- Installing: /home/wuji/wujihand/wujihand-ros2/wujihand_ws/install/wujihand_msgs/include/wujihand_msgs/wujihand_msgs/srv/detail/set_enabled__builder.hpp
[7.571s] -- Installing: /home/wuji/wujihand/wujihand-ros2/wujihand_ws/install/wujihand_msgs/include/wujihand_msgs/wujihand_msgs/srv/detail/reset_error__struct.hpp
[7.571s] -- Installing: /home/wuji/wujihand/wujihand-ros2/wujihand_ws/install/wujihand_msgs/include/wujihand_msgs/wujihand_msgs/srv/detail/set_enabled__type_support.hpp
[7.572s] -- Installing: /home/wuji/wujihand/wujihand-ros2/wujihand_ws/install/wujihand_msgs/include/wujihand_msgs/wujihand_msgs/srv/detail/get_hand_info__builder.hpp
[7.572s] -- Installing: /home/wuji/wujihand/wujihand-ros2/wujihand_ws/install/wujihand_msgs/include/wujihand_msgs/wujihand_msgs/srv/detail/set_enabled__struct.hpp
[7.572s] -- Installing: /home/wuji/wujihand/wujihand-ros2/wujihand_ws/install/wujihand_msgs/include/wujihand_msgs/wujihand_msgs/srv/detail/reset_error__type_support.hpp
[7.572s] -- Installing: /home/wuji/wujihand/wujihand-ros2/wujihand_ws/install/wujihand_msgs/include/wujihand_msgs/wujihand_msgs/srv/detail/reset_error__builder.hpp
[7.572s] -- Installing: /home/wuji/wujihand/wujihand-ros2/wujihand_ws/install/wujihand_msgs/include/wujihand_msgs/wujihand_msgs/srv/detail/get_hand_info__type_support.hpp
[7.572s] -- Installing: /home/wuji/wujihand/wujihand-ros2/wujihand_ws/install/wujihand_msgs/include/wujihand_msgs/wujihand_msgs/srv/detail/set_enabled__traits.hpp
[7.572s] -- Installing: /home/wuji/wujihand/wujihand-ros2/wujihand_ws/install/wujihand_msgs/include/wujihand_msgs/wujihand_msgs/srv/detail/get_hand_info__struct.hpp
[7.572s] -- Installing: /home/wuji/wujihand/wujihand-ros2/wujihand_ws/install/wujihand_msgs/include/wujihand_msgs/wujihand_msgs/srv/get_hand_info.hpp
[7.572s] -- Up-to-date: /home/wuji/wujihand/wujihand-ros2/wujihand_ws/install/wujihand_msgs/include/wujihand_msgs/wujihand_msgs
[7.572s] -- Up-to-date: /home/wuji/wujihand/wujihand-ros2/wujihand_ws/install/wujihand_msgs/include/wujihand_msgs/wujihand_msgs/msg
[7.572s] -- Up-to-date: /home/wuji/wujihand/wujihand-ros2/wujihand_ws/install/wujihand_msgs/include/wujihand_msgs/wujihand_msgs/msg/detail
[7.573s] -- Installing: /home/wuji/wujihand/wujihand-ros2/wujihand_ws/install/wujihand_msgs/include/wujihand_msgs/wujihand_msgs/msg/detail/hand_command__rosidl_typesupport_fastrtps_cpp.hpp
[7.573s] -- Installing: /home/wuji/wujihand/wujihand-ros2/wujihand_ws/install/wujihand_msgs/include/wujihand_msgs/wujihand_msgs/msg/detail/hand_state__rosidl_typesupport_fastrtps_cpp.hpp
[7.573s] -- Installing: /home/wuji/wujihand/wujihand-ros2/wujihand_ws/install/wujihand_msgs/include/wujihand_msgs/wujihand_msgs/msg/detail/dds_fastrtps
[7.573s] -- Installing: /home/wuji/wujihand/wujihand-ros2/wujihand_ws/install/wujihand_msgs/include/wujihand_msgs/wujihand_msgs/msg/rosidl_typesupport_fastrtps_cpp__visibility_control.h
[7.573s] -- Up-to-date: /home/wuji/wujihand/wujihand-ros2/wujihand_ws/install/wujihand_msgs/include/wujihand_msgs/wujihand_msgs/srv
[7.573s] -- Up-to-date: /home/wuji/wujihand/wujihand-ros2/wujihand_ws/install/wujihand_msgs/include/wujihand_msgs/wujihand_msgs/srv/detail
[7.573s] -- Installing: /home/wuji/wujihand/wujihand-ros2/wujihand_ws/install/wujihand_msgs/include/wujihand_msgs/wujihand_msgs/srv/detail/get_hand_info__rosidl_typesupport_fastrtps_cpp.hpp
[7.574s] -- Installing: /home/wuji/wujihand/wujihand-ros2/wujihand_ws/install/wujihand_msgs/include/wujihand_msgs/wujihand_msgs/srv/detail/reset_error__rosidl_typesupport_fastrtps_cpp.hpp
[7.574s] -- Installing: /home/wuji/wujihand/wujihand-ros2/wujihand_ws/install/wujihand_msgs/include/wujihand_msgs/wujihand_msgs/srv/detail/dds_fastrtps
[7.574s] -- Installing: /home/wuji/wujihand/wujihand-ros2/wujihand_ws/install/wujihand_msgs/include/wujihand_msgs/wujihand_msgs/srv/detail/set_enabled__rosidl_typesupport_fastrtps_cpp.hpp
[7.575s] -- Installing: /home/wuji/wujihand/wujihand-ros2/wujihand_ws/install/wujihand_msgs/lib/libwujihand_msgs__rosidl_typesupport_fastrtps_cpp.so
[7.575s] -- Set non-toolchain portion of runtime path of "/home/wuji/wujihand/wujihand-ros2/wujihand_ws/install/wujihand_msgs/lib/libwujihand_msgs__rosidl_typesupport_fastrtps_cpp.so" to ""
[7.575s] -- Up-to-date: /home/wuji/wujihand/wujihand-ros2/wujihand_ws/install/wujihand_msgs/include/wujihand_msgs/wujihand_msgs
[7.576s] -- Up-to-date: /home/wuji/wujihand/wujihand-ros2/wujihand_ws/install/wujihand_msgs/include/wujihand_msgs/wujihand_msgs/msg
[7.576s] -- Up-to-date: /home/wuji/wujihand/wujihand-ros2/wujihand_ws/install/wujihand_msgs/include/wujihand_msgs/wujihand_msgs/msg/detail
[7.576s] -- Installing: /home/wuji/wujihand/wujihand-ros2/wujihand_ws/install/wujihand_msgs/include/wujihand_msgs/wujihand_msgs/msg/detail/hand_state__rosidl_typesupport_introspection_cpp.hpp
[7.576s] -- Installing: /home/wuji/wujihand/wujihand-ros2/wujihand_ws/install/wujihand_msgs/include/wujihand_msgs/wujihand_msgs/msg/detail/hand_command__rosidl_typesupport_introspection_cpp.hpp
[7.576s] -- Installing: /home/wuji/wujihand/wujihand-ros2/wujihand_ws/install/wujihand_msgs/include/wujihand_msgs/wujihand_msgs/msg/detail/hand_state__type_support.cpp
[7.576s] -- Installing: /home/wuji/wujihand/wujihand-ros2/wujihand_ws/install/wujihand_msgs/include/wujihand_msgs/wujihand_msgs/msg/detail/hand_command__type_support.cpp
[7.576s] -- Up-to-date: /home/wuji/wujihand/wujihand-ros2/wujihand_ws/install/wujihand_msgs/include/wujihand_msgs/wujihand_msgs/srv
[7.576s] -- Up-to-date: /home/wuji/wujihand/wujihand-ros2/wujihand_ws/install/wujihand_msgs/include/wujihand_msgs/wujihand_msgs/srv/detail
[7.576s] -- Installing: /home/wuji/wujihand/wujihand-ros2/wujihand_ws/install/wujihand_msgs/include/wujihand_msgs/wujihand_msgs/srv/detail/get_hand_info__rosidl_typesupport_introspection_cpp.hpp
[7.576s] -- Installing: /home/wuji/wujihand/wujihand-ros2/wujihand_ws/install/wujihand_msgs/include/wujihand_msgs/wujihand_msgs/srv/detail/set_enabled__type_support.cpp
[7.576s] -- Installing: /home/wuji/wujihand/wujihand-ros2/wujihand_ws/install/wujihand_msgs/include/wujihand_msgs/wujihand_msgs/srv/detail/reset_error__rosidl_typesupport_introspection_cpp.hpp
[7.577s] -- Installing: /home/wuji/wujihand/wujihand-ros2/wujihand_ws/install/wujihand_msgs/include/wujihand_msgs/wujihand_msgs/srv/detail/reset_error__type_support.cpp
[7.577s] -- Installing: /home/wuji/wujihand/wujihand-ros2/wujihand_ws/install/wujihand_msgs/include/wujihand_msgs/wujihand_msgs/srv/detail/set_enabled__rosidl_typesupport_introspection_cpp.hpp
[7.577s] -- Installing: /home/wuji/wujihand/wujihand-ros2/wujihand_ws/install/wujihand_msgs/include/wujihand_msgs/wujihand_msgs/srv/detail/get_hand_info__type_support.cpp
[7.577s] -- Installing: /home/wuji/wujihand/wujihand-ros2/wujihand_ws/install/wujihand_msgs/lib/libwujihand_msgs__rosidl_typesupport_introspection_cpp.so
[7.577s] -- Set non-toolchain portion of runtime path of "/home/wuji/wujihand/wujihand-ros2/wujihand_ws/install/wujihand_msgs/lib/libwujihand_msgs__rosidl_typesupport_introspection_cpp.so" to ""
[7.577s] -- Installing: /home/wuji/wujihand/wujihand-ros2/wujihand_ws/install/wujihand_msgs/lib/libwujihand_msgs__rosidl_typesupport_cpp.so
[7.577s] -- Set non-toolchain portion of runtime path of "/home/wuji/wujihand/wujihand-ros2/wujihand_ws/install/wujihand_msgs/lib/libwujihand_msgs__rosidl_typesupport_cpp.so" to ""
[7.578s] -- Installing: /home/wuji/wujihand/wujihand-ros2/wujihand_ws/install/wujihand_msgs/share/wujihand_msgs/environment/pythonpath.sh
[7.578s] -- Installing: /home/wuji/wujihand/wujihand-ros2/wujihand_ws/install/wujihand_msgs/share/wujihand_msgs/environment/pythonpath.dsv
[7.578s] -- Installing: /home/wuji/wujihand/wujihand-ros2/wujihand_ws/install/wujihand_msgs/lib/python3.12/site-packages/wujihand_msgs-0.1.0-py3.12.egg-info
[7.578s] -- Installing: /home/wuji/wujihand/wujihand-ros2/wujihand_ws/install/wujihand_msgs/lib/python3.12/site-packages/wujihand_msgs-0.1.0-py3.12.egg-info/top_level.txt
[7.579s] -- Installing: /home/wuji/wujihand/wujihand-ros2/wujihand_ws/install/wujihand_msgs/lib/python3.12/site-packages/wujihand_msgs-0.1.0-py3.12.egg-info/dependency_links.txt
[7.579s] -- Installing: /home/wuji/wujihand/wujihand-ros2/wujihand_ws/install/wujihand_msgs/lib/python3.12/site-packages/wujihand_msgs-0.1.0-py3.12.egg-info/SOURCES.txt
[7.579s] -- Installing: /home/wuji/wujihand/wujihand-ros2/wujihand_ws/install/wujihand_msgs/lib/python3.12/site-packages/wujihand_msgs-0.1.0-py3.12.egg-info/PKG-INFO
[7.579s] -- Installing: /home/wuji/wujihand/wujihand-ros2/wujihand_ws/install/wujihand_msgs/lib/python3.12/site-packages/wujihand_msgs
[7.579s] -- Installing: /home/wuji/wujihand/wujihand-ros2/wujihand_ws/install/wujihand_msgs/lib/python3.12/site-packages/wujihand_msgs/wujihand_msgs_s__rosidl_typesupport_introspection_c.so
[7.579s] -- Installing: /home/wuji/wujihand/wujihand-ros2/wujihand_ws/install/wujihand_msgs/lib/python3.12/site-packages/wujihand_msgs/wujihand_msgs_s__rosidl_typesupport_c.so
[7.580s] -- Installing: /home/wuji/wujihand/wujihand-ros2/wujihand_ws/install/wujihand_msgs/lib/python3.12/site-packages/wujihand_msgs/_wujihand_msgs_s.ep.rosidl_typesupport_fastrtps_c.c
[7.580s] -- Installing: /home/wuji/wujihand/wujihand-ros2/wujihand_ws/install/wujihand_msgs/lib/python3.12/site-packages/wujihand_msgs/__init__.py
[7.580s] -- Installing: /home/wuji/wujihand/wujihand-ros2/wujihand_ws/install/wujihand_msgs/lib/python3.12/site-packages/wujihand_msgs/_wujihand_msgs_s.ep.rosidl_typesupport_c.c
[7.580s] -- Installing: /home/wuji/wujihand/wujihand-ros2/wujihand_ws/install/wujihand_msgs/lib/python3.12/site-packages/wujihand_msgs/wujihand_msgs_s__rosidl_typesupport_fastrtps_c.so
[7.580s] -- Installing: /home/wuji/wujihand/wujihand-ros2/wujihand_ws/install/wujihand_msgs/lib/python3.12/site-packages/wujihand_msgs/_wujihand_msgs_s.ep.rosidl_typesupport_introspection_c.c
[7.580s] -- Installing: /home/wuji/wujihand/wujihand-ros2/wujihand_ws/install/wujihand_msgs/lib/python3.12/site-packages/wujihand_msgs/msg
[7.580s] -- Installing: /home/wuji/wujihand/wujihand-ros2/wujihand_ws/install/wujihand_msgs/lib/python3.12/site-packages/wujihand_msgs/msg/_hand_command_s.c
[7.581s] -- Installing: /home/wuji/wujihand/wujihand-ros2/wujihand_ws/install/wujihand_msgs/lib/python3.12/site-packages/wujihand_msgs/msg/_hand_state.py
[7.581s] -- Installing: /home/wuji/wujihand/wujihand-ros2/wujihand_ws/install/wujihand_msgs/lib/python3.12/site-packages/wujihand_msgs/msg/__init__.py
[7.581s] -- Installing: /home/wuji/wujihand/wujihand-ros2/wujihand_ws/install/wujihand_msgs/lib/python3.12/site-packages/wujihand_msgs/msg/_hand_command.py
[7.581s] -- Installing: /home/wuji/wujihand/wujihand-ros2/wujihand_ws/install/wujihand_msgs/lib/python3.12/site-packages/wujihand_msgs/msg/_hand_state_s.c
[7.581s] -- Installing: /home/wuji/wujihand/wujihand-ros2/wujihand_ws/install/wujihand_msgs/lib/python3.12/site-packages/wujihand_msgs/srv
[7.581s] -- Installing: /home/wuji/wujihand/wujihand-ros2/wujihand_ws/install/wujihand_msgs/lib/python3.12/site-packages/wujihand_msgs/srv/_reset_error.py
[7.581s] -- Installing: /home/wuji/wujihand/wujihand-ros2/wujihand_ws/install/wujihand_msgs/lib/python3.12/site-packages/wujihand_msgs/srv/_get_hand_info_s.c
[7.581s] -- Installing: /home/wuji/wujihand/wujihand-ros2/wujihand_ws/install/wujihand_msgs/lib/python3.12/site-packages/wujihand_msgs/srv/__init__.py
[7.582s] -- Installing: /home/wuji/wujihand/wujihand-ros2/wujihand_ws/install/wujihand_msgs/lib/python3.12/site-packages/wujihand_msgs/srv/_set_enabled.py
[7.582s] -- Installing: /home/wuji/wujihand/wujihand-ros2/wujihand_ws/install/wujihand_msgs/lib/python3.12/site-packages/wujihand_msgs/srv/_get_hand_info.py
[7.582s] -- Installing: /home/wuji/wujihand/wujihand-ros2/wujihand_ws/install/wujihand_msgs/lib/python3.12/site-packages/wujihand_msgs/srv/_set_enabled_s.c
[7.582s] -- Installing: /home/wuji/wujihand/wujihand-ros2/wujihand_ws/install/wujihand_msgs/lib/python3.12/site-packages/wujihand_msgs/srv/_reset_error_s.c
[7.621s] Listing '/home/wuji/wujihand/wujihand-ros2/wujihand_ws/install/wujihand_msgs/lib/python3.12/site-packages/wujihand_msgs'...
[7.621s] Compiling '/home/wuji/wujihand/wujihand-ros2/wujihand_ws/install/wujihand_msgs/lib/python3.12/site-packages/wujihand_msgs/__init__.py'...
[7.621s] Listing '/home/wuji/wujihand/wujihand-ros2/wujihand_ws/install/wujihand_msgs/lib/python3.12/site-packages/wujihand_msgs/msg'...
[7.621s] Compiling '/home/wuji/wujihand/wujihand-ros2/wujihand_ws/install/wujihand_msgs/lib/python3.12/site-packages/wujihand_msgs/msg/__init__.py'...
[7.621s] Compiling '/home/wuji/wujihand/wujihand-ros2/wujihand_ws/install/wujihand_msgs/lib/python3.12/site-packages/wujihand_msgs/msg/_hand_command.py'...
[7.621s] Compiling '/home/wuji/wujihand/wujihand-ros2/wujihand_ws/install/wujihand_msgs/lib/python3.12/site-packages/wujihand_msgs/msg/_hand_state.py'...
[7.621s] Listing '/home/wuji/wujihand/wujihand-ros2/wujihand_ws/install/wujihand_msgs/lib/python3.12/site-packages/wujihand_msgs/srv'...
[7.621s] Compiling '/home/wuji/wujihand/wujihand-ros2/wujihand_ws/install/wujihand_msgs/lib/python3.12/site-packages/wujihand_msgs/srv/__init__.py'...
[7.621s] Compiling '/home/wuji/wujihand/wujihand-ros2/wujihand_ws/install/wujihand_msgs/lib/python3.12/site-packages/wujihand_msgs/srv/_get_hand_info.py'...
[7.621s] Compiling '/home/wuji/wujihand/wujihand-ros2/wujihand_ws/install/wujihand_msgs/lib/python3.12/site-packages/wujihand_msgs/srv/_reset_error.py'...
[7.622s] Compiling '/home/wuji/wujihand/wujihand-ros2/wujihand_ws/install/wujihand_msgs/lib/python3.12/site-packages/wujihand_msgs/srv/_set_enabled.py'...
[7.626s] -- Installing: /home/wuji/wujihand/wujihand-ros2/wujihand_ws/install/wujihand_msgs/lib/python3.12/site-packages/wujihand_msgs/wujihand_msgs_s__rosidl_typesupport_fastrtps_c.so
[7.626s] -- Set non-toolchain portion of runtime path of "/home/wuji/wujihand/wujihand-ros2/wujihand_ws/install/wujihand_msgs/lib/python3.12/site-packages/wujihand_msgs/wujihand_msgs_s__rosidl_typesupport_fastrtps_c.so" to ""
[7.626s] -- Installing: /home/wuji/wujihand/wujihand-ros2/wujihand_ws/install/wujihand_msgs/lib/python3.12/site-packages/wujihand_msgs/wujihand_msgs_s__rosidl_typesupport_introspection_c.so
[7.626s] -- Set non-toolchain portion of runtime path of "/home/wuji/wujihand/wujihand-ros2/wujihand_ws/install/wujihand_msgs/lib/python3.12/site-packages/wujihand_msgs/wujihand_msgs_s__rosidl_typesupport_introspection_c.so" to ""
[7.627s] -- Installing: /home/wuji/wujihand/wujihand-ros2/wujihand_ws/install/wujihand_msgs/lib/python3.12/site-packages/wujihand_msgs/wujihand_msgs_s__rosidl_typesupport_c.so
[7.627s] -- Set non-toolchain portion of runtime path of "/home/wuji/wujihand/wujihand-ros2/wujihand_ws/install/wujihand_msgs/lib/python3.12/site-packages/wujihand_msgs/wujihand_msgs_s__rosidl_typesupport_c.so" to ""
[7.627s] -- Installing: /home/wuji/wujihand/wujihand-ros2/wujihand_ws/install/wujihand_msgs/lib/libwujihand_msgs__rosidl_generator_py.so
[7.627s] -- Set non-toolchain portion of runtime path of "/home/wuji/wujihand/wujihand-ros2/wujihand_ws/install/wujihand_msgs/lib/libwujihand_msgs__rosidl_generator_py.so" to ""
[7.627s] -- Installing: /home/wuji/wujihand/wujihand-ros2/wujihand_ws/install/wujihand_msgs/share/wujihand_msgs/msg/HandState.idl
[7.627s] -- Installing: /home/wuji/wujihand/wujihand-ros2/wujihand_ws/install/wujihand_msgs/share/wujihand_msgs/msg/HandCommand.idl
[7.627s] -- Installing: /home/wuji/wujihand/wujihand-ros2/wujihand_ws/install/wujihand_msgs/share/wujihand_msgs/srv/SetEnabled.idl
[7.628s] -- Installing: /home/wuji/wujihand/wujihand-ros2/wujihand_ws/install/wujihand_msgs/share/wujihand_msgs/srv/GetHandInfo.idl
[7.628s] -- Installing: /home/wuji/wujihand/wujihand-ros2/wujihand_ws/install/wujihand_msgs/share/wujihand_msgs/srv/ResetError.idl
[7.628s] -- Installing: /home/wuji/wujihand/wujihand-ros2/wujihand_ws/install/wujihand_msgs/share/wujihand_msgs/msg/HandState.msg
[7.628s] -- Installing: /home/wuji/wujihand/wujihand-ros2/wujihand_ws/install/wujihand_msgs/share/wujihand_msgs/msg/HandCommand.msg
[7.628s] -- Installing: /home/wuji/wujihand/wujihand-ros2/wujihand_ws/install/wujihand_msgs/share/wujihand_msgs/srv/SetEnabled.srv
[7.628s] -- Installing: /home/wuji/wujihand/wujihand-ros2/wujihand_ws/install/wujihand_msgs/share/wujihand_msgs/srv/GetHandInfo.srv
[7.628s] -- Installing: /home/wuji/wujihand/wujihand-ros2/wujihand_ws/install/wujihand_msgs/share/wujihand_msgs/srv/ResetError.srv
[7.628s] -- Installing: /home/wuji/wujihand/wujihand-ros2/wujihand_ws/install/wujihand_msgs/share/ament_index/resource_index/package_run_dependencies/wujihand_msgs
[7.628s] -- Installing: /home/wuji/wujihand/wujihand-ros2/wujihand_ws/install/wujihand_msgs/share/ament_index/resource_index/parent_prefix_path/wujihand_msgs
[7.629s] -- Installing: /home/wuji/wujihand/wujihand-ros2/wujihand_ws/install/wujihand_msgs/share/wujihand_msgs/environment/ament_prefix_path.sh
[7.629s] -- Installing: /home/wuji/wujihand/wujihand-ros2/wujihand_ws/install/wujihand_msgs/share/wujihand_msgs/environment/ament_prefix_path.dsv
[7.629s] -- Installing: /home/wuji/wujihand/wujihand-ros2/wujihand_ws/install/wujihand_msgs/share/wujihand_msgs/environment/path.sh
[7.629s] -- Installing: /home/wuji/wujihand/wujihand-ros2/wujihand_ws/install/wujihand_msgs/share/wujihand_msgs/environment/path.dsv
[7.629s] -- Installing: /home/wuji/wujihand/wujihand-ros2/wujihand_ws/install/wujihand_msgs/share/wujihand_msgs/local_setup.bash
[7.629s] -- Installing: /home/wuji/wujihand/wujihand-ros2/wujihand_ws/install/wujihand_msgs/share/wujihand_msgs/local_setup.sh
[7.629s] -- Installing: /home/wuji/wujihand/wujihand-ros2/wujihand_ws/install/wujihand_msgs/share/wujihand_msgs/local_setup.zsh
[7.629s] -- Installing: /home/wuji/wujihand/wujihand-ros2/wujihand_ws/install/wujihand_msgs/share/wujihand_msgs/local_setup.dsv
[7.630s] -- Installing: /home/wuji/wujihand/wujihand-ros2/wujihand_ws/install/wujihand_msgs/share/wujihand_msgs/package.dsv
[7.630s] -- Installing: /home/wuji/wujihand/wujihand-ros2/wujihand_ws/install/wujihand_msgs/share/ament_index/resource_index/packages/wujihand_msgs
[7.630s] -- Installing: /home/wuji/wujihand/wujihand-ros2/wujihand_ws/install/wujihand_msgs/share/wujihand_msgs/cmake/export_wujihand_msgs__rosidl_generator_cExport.cmake
[7.630s] -- Installing: /home/wuji/wujihand/wujihand-ros2/wujihand_ws/install/wujihand_msgs/share/wujihand_msgs/cmake/export_wujihand_msgs__rosidl_generator_cExport-noconfig.cmake
[7.630s] -- Installing: /home/wuji/wujihand/wujihand-ros2/wujihand_ws/install/wujihand_msgs/share/wujihand_msgs/cmake/export_wujihand_msgs__rosidl_typesupport_fastrtps_cExport.cmake
[7.630s] -- Installing: /home/wuji/wujihand/wujihand-ros2/wujihand_ws/install/wujihand_msgs/share/wujihand_msgs/cmake/export_wujihand_msgs__rosidl_typesupport_fastrtps_cExport-noconfig.cmake
[7.630s] -- Installing: /home/wuji/wujihand/wujihand-ros2/wujihand_ws/install/wujihand_msgs/share/wujihand_msgs/cmake/wujihand_msgs__rosidl_typesupport_introspection_cExport.cmake
[7.630s] -- Installing: /home/wuji/wujihand/wujihand-ros2/wujihand_ws/install/wujihand_msgs/share/wujihand_msgs/cmake/wujihand_msgs__rosidl_typesupport_introspection_cExport-noconfig.cmake
[7.630s] -- Installing: /home/wuji/wujihand/wujihand-ros2/wujihand_ws/install/wujihand_msgs/share/wujihand_msgs/cmake/wujihand_msgs__rosidl_typesupport_cExport.cmake
[7.630s] -- Installing: /home/wuji/wujihand/wujihand-ros2/wujihand_ws/install/wujihand_msgs/share/wujihand_msgs/cmake/wujihand_msgs__rosidl_typesupport_cExport-noconfig.cmake
[7.630s] -- Installing: /home/wuji/wujihand/wujihand-ros2/wujihand_ws/install/wujihand_msgs/share/wujihand_msgs/cmake/export_wujihand_msgs__rosidl_generator_cppExport.cmake
[7.631s] -- Installing: /home/wuji/wujihand/wujihand-ros2/wujihand_ws/install/wujihand_msgs/share/wujihand_msgs/cmake/export_wujihand_msgs__rosidl_typesupport_fastrtps_cppExport.cmake
[7.631s] -- Installing: /home/wuji/wujihand/wujihand-ros2/wujihand_ws/install/wujihand_msgs/share/wujihand_msgs/cmake/export_wujihand_msgs__rosidl_typesupport_fastrtps_cppExport-noconfig.cmake
[7.631s] -- Installing: /home/wuji/wujihand/wujihand-ros2/wujihand_ws/install/wujihand_msgs/share/wujihand_msgs/cmake/wujihand_msgs__rosidl_typesupport_introspection_cppExport.cmake
[7.631s] -- Installing: /home/wuji/wujihand/wujihand-ros2/wujihand_ws/install/wujihand_msgs/share/wujihand_msgs/cmake/wujihand_msgs__rosidl_typesupport_introspection_cppExport-noconfig.cmake
[7.631s] -- Installing: /home/wuji/wujihand/wujihand-ros2/wujihand_ws/install/wujihand_msgs/share/wujihand_msgs/cmake/wujihand_msgs__rosidl_typesupport_cppExport.cmake
[7.631s] -- Installing: /home/wuji/wujihand/wujihand-ros2/wujihand_ws/install/wujihand_msgs/share/wujihand_msgs/cmake/wujihand_msgs__rosidl_typesupport_cppExport-noconfig.cmake
[7.631s] -- Installing: /home/wuji/wujihand/wujihand-ros2/wujihand_ws/install/wujihand_msgs/share/wujihand_msgs/cmake/export_wujihand_msgs__rosidl_generator_pyExport.cmake
[7.631s] -- Installing: /home/wuji/wujihand/wujihand-ros2/wujihand_ws/install/wujihand_msgs/share/wujihand_msgs/cmake/export_wujihand_msgs__rosidl_generator_pyExport-noconfig.cmake
[7.632s] -- Installing: /home/wuji/wujihand/wujihand-ros2/wujihand_ws/install/wujihand_msgs/share/wujihand_msgs/cmake/rosidl_cmake-extras.cmake
[7.632s] -- Installing: /home/wuji/wujihand/wujihand-ros2/wujihand_ws/install/wujihand_msgs/share/wujihand_msgs/cmake/ament_cmake_export_dependencies-extras.cmake
[7.632s] -- Installing: /home/wuji/wujihand/wujihand-ros2/wujihand_ws/install/wujihand_msgs/share/wujihand_msgs/cmake/ament_cmake_export_include_directories-extras.cmake
[7.632s] -- Installing: /home/wuji/wujihand/wujihand-ros2/wujihand_ws/install/wujihand_msgs/share/wujihand_msgs/cmake/ament_cmake_export_libraries-extras.cmake
[7.632s] -- Installing: /home/wuji/wujihand/wujihand-ros2/wujihand_ws/install/wujihand_msgs/share/wujihand_msgs/cmake/ament_cmake_export_targets-extras.cmake
[7.632s] -- Installing: /home/wuji/wujihand/wujihand-ros2/wujihand_ws/install/wujihand_msgs/share/wujihand_msgs/cmake/rosidl_cmake_export_typesupport_targets-extras.cmake
[7.632s] -- Installing: /home/wuji/wujihand/wujihand-ros2/wujihand_ws/install/wujihand_msgs/share/wujihand_msgs/cmake/rosidl_cmake_export_typesupport_libraries-extras.cmake
[7.632s] -- Installing: /home/wuji/wujihand/wujihand-ros2/wujihand_ws/install/wujihand_msgs/share/wujihand_msgs/cmake/wujihand_msgsConfig.cmake
[7.632s] -- Installing: /home/wuji/wujihand/wujihand-ros2/wujihand_ws/install/wujihand_msgs/share/wujihand_msgs/cmake/wujihand_msgsConfig-version.cmake
[7.632s] -- Installing: /home/wuji/wujihand/wujihand-ros2/wujihand_ws/install/wujihand_msgs/share/wujihand_msgs/package.xml
[7.636s] Invoked command in '/home/wuji/wujihand/wujihand-ros2/wujihand_ws/build/wujihand_msgs' returned '0': CMAKE_PREFIX_PATH=${CMAKE_PREFIX_PATH}:/opt/ros/kilted /usr/bin/cmake --install /home/wuji/wujihand/wujihand-ros2/wujihand_ws/build/wujihand_msgs
