-- Found ament_cmake: 2.7.3 (/opt/ros/kilted/share/ament_cmake/cmake)
-- Found rclcpp: 29.5.4 (/opt/ros/kilted/share/rclcpp/cmake)
-- Found rosidl_generator_c: 4.9.5 (/opt/ros/kilted/share/rosidl_generator_c/cmake)
-- Found rosidl_generator_cpp: 4.9.5 (/opt/ros/kilted/share/rosidl_generator_cpp/cmake)
-- Using all available rosidl_typesupport_c: rosidl_typesupport_fastrtps_c;rosidl_typesupport_introspection_c
-- Using all available rosidl_typesupport_cpp: rosidl_typesupport_fastrtps_cpp;rosidl_typesupport_introspection_cpp
-- Found rmw_implementation_cmake: 7.8.2 (/opt/ros/kilted/share/rmw_implementation_cmake/cmake)
-- Found rmw_fastrtps_cpp: 9.3.3 (/opt/ros/kilted/share/rmw_fastrtps_cpp/cmake)
-- Using RMW implementation 'rmw_fastrtps_cpp' as default
-- Found std_msgs: 5.5.1 (/opt/ros/kilted/share/std_msgs/cmake)
-- Found sensor_msgs: 5.5.1 (/opt/ros/kilted/share/sensor_msgs/cmake)
-- Found wujihand_msgs: 0.1.0 (/home/wuji/wujihand/wujihand-ros2/wujihand_ws/install/wujihand_msgs/share/wujihand_msgs/cmake)
-- Configuring done (0.6s)
-- Generating done (0.0s)
-- Build files have been written to: /home/wuji/wujihand/wujihand-ros2/wujihand_ws/build/wujihand_driver
[ 33%] [32mBuilding CXX object CMakeFiles/wujihand_driver_node.dir/src/main.cpp.o[0m
[ 66%] [32mBuilding CXX object CMakeFiles/wujihand_driver_node.dir/src/wujihand_driver_node.cpp.o[0m
[100%] [32m[1mLinking CXX executable wujihand_driver_node[0m
[100%] Built target wujihand_driver_node
-- Install configuration: ""
-- Installing: /home/wuji/wujihand/wujihand-ros2/wujihand_ws/install/wujihand_driver/lib/wujihand_driver/wujihand_driver_node
-- Set non-toolchain portion of runtime path of "/home/wuji/wujihand/wujihand-ros2/wujihand_ws/install/wujihand_driver/lib/wujihand_driver/wujihand_driver_node" to ""
-- Installing: /home/wuji/wujihand/wujihand-ros2/wujihand_ws/install/wujihand_driver/include
-- Installing: /home/wuji/wujihand/wujihand-ros2/wujihand_ws/install/wujihand_driver/include/wujihand_driver
-- Installing: /home/wuji/wujihand/wujihand-ros2/wujihand_ws/install/wujihand_driver/include/wujihand_driver/wujihand_driver_node.hpp
-- Installing: /home/wuji/wujihand/wujihand-ros2/wujihand_ws/install/wujihand_driver/share/ament_index/resource_index/package_run_dependencies/wujihand_driver
-- Installing: /home/wuji/wujihand/wujihand-ros2/wujihand_ws/install/wujihand_driver/share/ament_index/resource_index/parent_prefix_path/wujihand_driver
-- Installing: /home/wuji/wujihand/wujihand-ros2/wujihand_ws/install/wujihand_driver/share/wujihand_driver/environment/ament_prefix_path.sh
-- Installing: /home/wuji/wujihand/wujihand-ros2/wujihand_ws/install/wujihand_driver/share/wujihand_driver/environment/ament_prefix_path.dsv
-- Installing: /home/wuji/wujihand/wujihand-ros2/wujihand_ws/install/wujihand_driver/share/wujihand_driver/environment/path.sh
-- Installing: /home/wuji/wujihand/wujihand-ros2/wujihand_ws/install/wujihand_driver/share/wujihand_driver/environment/path.dsv
-- Installing: /home/wuji/wujihand/wujihand-ros2/wujihand_ws/install/wujihand_driver/share/wujihand_driver/local_setup.bash
-- Installing: /home/wuji/wujihand/wujihand-ros2/wujihand_ws/install/wujihand_driver/share/wujihand_driver/local_setup.sh
-- Installing: /home/wuji/wujihand/wujihand-ros2/wujihand_ws/install/wujihand_driver/share/wujihand_driver/local_setup.zsh
-- Installing: /home/wuji/wujihand/wujihand-ros2/wujihand_ws/install/wujihand_driver/share/wujihand_driver/local_setup.dsv
-- Installing: /home/wuji/wujihand/wujihand-ros2/wujihand_ws/install/wujihand_driver/share/wujihand_driver/package.dsv
-- Installing: /home/wuji/wujihand/wujihand-ros2/wujihand_ws/install/wujihand_driver/share/ament_index/resource_index/packages/wujihand_driver
-- Installing: /home/wuji/wujihand/wujihand-ros2/wujihand_ws/install/wujihand_driver/share/wujihand_driver/cmake/wujihand_driverConfig.cmake
-- Installing: /home/wuji/wujihand/wujihand-ros2/wujihand_ws/install/wujihand_driver/share/wujihand_driver/cmake/wujihand_driverConfig-version.cmake
-- Installing: /home/wuji/wujihand/wujihand-ros2/wujihand_ws/install/wujihand_driver/share/wujihand_driver/package.xml
