[0.114s] Invoking command in '/home/wuji/wujihand/wujihand-ros2/wujihand_ws/build/wujihand_driver': AMENT_PREFIX_PATH=/home/wuji/wujihand/wujihand-ros2/wujihand_ws/install/wujihand_msgs:${AMENT_PREFIX_PATH} CMAKE_PREFIX_PATH=/home/wuji/wujihand/wujihand-ros2/wujihand_ws/install/wujihand_msgs:/opt/ros/kilted/opt/gz_math_vendor:/opt/ros/kilted/opt/gz_utils_vendor:/opt/ros/kilted/opt/gz_cmake_vendor:/opt/ros/kilted LD_LIBRARY_PATH=/home/wuji/wujihand/wujihand-ros2/wujihand_ws/install/wujihand_msgs/lib:${LD_LIBRARY_PATH} PYTHONPATH=/home/wuji/wujihand/wujihand-ros2/wujihand_ws/install/wujihand_msgs/lib/python3.12/site-packages:${PYTHONPATH} /usr/bin/cmake --build /home/wuji/wujihand/wujihand-ros2/wujihand_ws/build/wujihand_driver -- -j24 -l24
[0.132s] -- Found ament_cmake: 2.7.3 (/opt/ros/kilted/share/ament_cmake/cmake)
[0.266s] -- Found rclcpp: 29.5.4 (/opt/ros/kilted/share/rclcpp/cmake)
[0.374s] -- Found rosidl_generator_c: 4.9.5 (/opt/ros/kilted/share/rosidl_generator_c/cmake)
[0.378s] -- Found rosidl_generator_cpp: 4.9.5 (/opt/ros/kilted/share/rosidl_generator_cpp/cmake)
[0.384s] -- Using all available rosidl_typesupport_c: rosidl_typesupport_fastrtps_c;rosidl_typesupport_introspection_c
[0.391s] -- Using all available rosidl_typesupport_cpp: rosidl_typesupport_fastrtps_cpp;rosidl_typesupport_introspection_cpp
[0.426s] -- Found rmw_implementation_cmake: 7.8.2 (/opt/ros/kilted/share/rmw_implementation_cmake/cmake)
[0.426s] -- Found rmw_fastrtps_cpp: 9.3.3 (/opt/ros/kilted/share/rmw_fastrtps_cpp/cmake)
[0.449s] -- Using RMW implementation 'rmw_fastrtps_cpp' as default
[0.587s] -- Found std_msgs: 5.5.1 (/opt/ros/kilted/share/std_msgs/cmake)
[0.594s] -- Found sensor_msgs: 5.5.1 (/opt/ros/kilted/share/sensor_msgs/cmake)
[0.615s] -- Found wujihand_msgs: 0.1.0 (/home/wuji/wujihand/wujihand-ros2/wujihand_ws/install/wujihand_msgs/share/wujihand_msgs/cmake)
[0.628s] [0mCMake Deprecation Warning at /opt/ros/kilted/share/ament_cmake_target_dependencies/cmake/ament_target_dependencies.cmake:87 (message):
[0.628s]   ament_target_dependencies() is deprecated.  Use target_link_libraries()
[0.628s]   with modern CMake targets instead.  Try replacing this call with:
[0.628s] 
[0.628s]     target_link_libraries(wujihand_driver_node PUBLIC
[0.628s]       ${sensor_msgs_TARGETS}
[0.628s]       ${std_msgs_TARGETS}
[0.628s]       ${wujihand_msgs_TARGETS}
[0.628s]       rclcpp::rclcpp
[0.628s]       sensor_msgs::sensor_msgs_library
[0.628s]     )
[0.629s] 
[0.629s] Call Stack (most recent call first):
[0.629s]   CMakeLists.txt:30 (ament_target_dependencies)
[0.629s] 
[0.629s] [0m
[0.683s] -- Configuring done (0.6s)
[0.692s] -- Generating done (0.0s)
[0.694s] -- Build files have been written to: /home/wuji/wujihand/wujihand-ros2/wujihand_ws/build/wujihand_driver
[0.730s] [ 33%] [32mBuilding CXX object CMakeFiles/wujihand_driver_node.dir/src/main.cpp.o[0m
[0.730s] [ 66%] [32mBuilding CXX object CMakeFiles/wujihand_driver_node.dir/src/wujihand_driver_node.cpp.o[0m
[9.039s] [100%] [32m[1mLinking CXX executable wujihand_driver_node[0m
[9.387s] [100%] Built target wujihand_driver_node
[9.396s] Invoked command in '/home/wuji/wujihand/wujihand-ros2/wujihand_ws/build/wujihand_driver' returned '0': AMENT_PREFIX_PATH=/home/wuji/wujihand/wujihand-ros2/wujihand_ws/install/wujihand_msgs:${AMENT_PREFIX_PATH} CMAKE_PREFIX_PATH=/home/wuji/wujihand/wujihand-ros2/wujihand_ws/install/wujihand_msgs:/opt/ros/kilted/opt/gz_math_vendor:/opt/ros/kilted/opt/gz_utils_vendor:/opt/ros/kilted/opt/gz_cmake_vendor:/opt/ros/kilted LD_LIBRARY_PATH=/home/wuji/wujihand/wujihand-ros2/wujihand_ws/install/wujihand_msgs/lib:${LD_LIBRARY_PATH} PYTHONPATH=/home/wuji/wujihand/wujihand-ros2/wujihand_ws/install/wujihand_msgs/lib/python3.12/site-packages:${PYTHONPATH} /usr/bin/cmake --build /home/wuji/wujihand/wujihand-ros2/wujihand_ws/build/wujihand_driver -- -j24 -l24
[9.404s] Invoking command in '/home/wuji/wujihand/wujihand-ros2/wujihand_ws/build/wujihand_driver': AMENT_PREFIX_PATH=/home/wuji/wujihand/wujihand-ros2/wujihand_ws/install/wujihand_msgs:${AMENT_PREFIX_PATH} CMAKE_PREFIX_PATH=/home/wuji/wujihand/wujihand-ros2/wujihand_ws/install/wujihand_msgs:/opt/ros/kilted/opt/gz_math_vendor:/opt/ros/kilted/opt/gz_utils_vendor:/opt/ros/kilted/opt/gz_cmake_vendor:/opt/ros/kilted LD_LIBRARY_PATH=/home/wuji/wujihand/wujihand-ros2/wujihand_ws/install/wujihand_msgs/lib:${LD_LIBRARY_PATH} PYTHONPATH=/home/wuji/wujihand/wujihand-ros2/wujihand_ws/install/wujihand_msgs/lib/python3.12/site-packages:${PYTHONPATH} /usr/bin/cmake --install /home/wuji/wujihand/wujihand-ros2/wujihand_ws/build/wujihand_driver
[9.410s] -- Install configuration: ""
[9.410s] -- Installing: /home/wuji/wujihand/wujihand-ros2/wujihand_ws/install/wujihand_driver/lib/wujihand_driver/wujihand_driver_node
[9.415s] -- Set non-toolchain portion of runtime path of "/home/wuji/wujihand/wujihand-ros2/wujihand_ws/install/wujihand_driver/lib/wujihand_driver/wujihand_driver_node" to ""
[9.415s] -- Installing: /home/wuji/wujihand/wujihand-ros2/wujihand_ws/install/wujihand_driver/include
[9.415s] -- Installing: /home/wuji/wujihand/wujihand-ros2/wujihand_ws/install/wujihand_driver/include/wujihand_driver
[9.415s] -- Installing: /home/wuji/wujihand/wujihand-ros2/wujihand_ws/install/wujihand_driver/include/wujihand_driver/wujihand_driver_node.hpp
[9.416s] -- Installing: /home/wuji/wujihand/wujihand-ros2/wujihand_ws/install/wujihand_driver/share/ament_index/resource_index/package_run_dependencies/wujihand_driver
[9.416s] -- Installing: /home/wuji/wujihand/wujihand-ros2/wujihand_ws/install/wujihand_driver/share/ament_index/resource_index/parent_prefix_path/wujihand_driver
[9.416s] -- Installing: /home/wuji/wujihand/wujihand-ros2/wujihand_ws/install/wujihand_driver/share/wujihand_driver/environment/ament_prefix_path.sh
[9.416s] -- Installing: /home/wuji/wujihand/wujihand-ros2/wujihand_ws/install/wujihand_driver/share/wujihand_driver/environment/ament_prefix_path.dsv
[9.416s] -- Installing: /home/wuji/wujihand/wujihand-ros2/wujihand_ws/install/wujihand_driver/share/wujihand_driver/environment/path.sh
[9.416s] -- Installing: /home/wuji/wujihand/wujihand-ros2/wujihand_ws/install/wujihand_driver/share/wujihand_driver/environment/path.dsv
[9.416s] -- Installing: /home/wuji/wujihand/wujihand-ros2/wujihand_ws/install/wujihand_driver/share/wujihand_driver/local_setup.bash
[9.417s] -- Installing: /home/wuji/wujihand/wujihand-ros2/wujihand_ws/install/wujihand_driver/share/wujihand_driver/local_setup.sh
[9.417s] -- Installing: /home/wuji/wujihand/wujihand-ros2/wujihand_ws/install/wujihand_driver/share/wujihand_driver/local_setup.zsh
[9.417s] -- Installing: /home/wuji/wujihand/wujihand-ros2/wujihand_ws/install/wujihand_driver/share/wujihand_driver/local_setup.dsv
[9.417s] -- Installing: /home/wuji/wujihand/wujihand-ros2/wujihand_ws/install/wujihand_driver/share/wujihand_driver/package.dsv
[9.417s] -- Installing: /home/wuji/wujihand/wujihand-ros2/wujihand_ws/install/wujihand_driver/share/ament_index/resource_index/packages/wujihand_driver
[9.417s] -- Installing: /home/wuji/wujihand/wujihand-ros2/wujihand_ws/install/wujihand_driver/share/wujihand_driver/cmake/wujihand_driverConfig.cmake
[9.417s] -- Installing: /home/wuji/wujihand/wujihand-ros2/wujihand_ws/install/wujihand_driver/share/wujihand_driver/cmake/wujihand_driverConfig-version.cmake
[9.417s] -- Installing: /home/wuji/wujihand/wujihand-ros2/wujihand_ws/install/wujihand_driver/share/wujihand_driver/package.xml
[9.419s] Invoked command in '/home/wuji/wujihand/wujihand-ros2/wujihand_ws/build/wujihand_driver' returned '0': AMENT_PREFIX_PATH=/home/wuji/wujihand/wujihand-ros2/wujihand_ws/install/wujihand_msgs:${AMENT_PREFIX_PATH} CMAKE_PREFIX_PATH=/home/wuji/wujihand/wujihand-ros2/wujihand_ws/install/wujihand_msgs:/opt/ros/kilted/opt/gz_math_vendor:/opt/ros/kilted/opt/gz_utils_vendor:/opt/ros/kilted/opt/gz_cmake_vendor:/opt/ros/kilted LD_LIBRARY_PATH=/home/wuji/wujihand/wujihand-ros2/wujihand_ws/install/wujihand_msgs/lib:${LD_LIBRARY_PATH} PYTHONPATH=/home/wuji/wujihand/wujihand-ros2/wujihand_ws/install/wujihand_msgs/lib/python3.12/site-packages:${PYTHONPATH} /usr/bin/cmake --install /home/wuji/wujihand/wujihand-ros2/wujihand_ws/build/wujihand_driver
